#
# There is insufficient memory for the Java Runtime Environment to continue.
# Native memory allocation (malloc) failed to allocate 1178960 bytes. Error detail: Chunk::new
# Possible reasons:
#   The system is out of physical RAM or swap space
#   This process is running with CompressedOops enabled, and the Java Heap may be blocking the growth of the native heap
# Possible solutions:
#   Reduce memory load on the system
#   Increase physical memory or swap space
#   Check if swap backing store is full
#   Decrease Java heap size (-Xmx/-Xms)
#   Decrease number of Java threads
#   Decrease Java thread stack sizes (-Xss)
#   Set larger code cache with -XX:ReservedCodeCacheSize=
#   JVM is running with Zero Based Compressed Oops mode in which the Java heap is
#     placed in the first 32GB address space. The Java Heap base address is the
#     maximum limit for the native heap growth. Please use -XX:HeapBaseMinAddress
#     to set the Java Heap base and to place the Java Heap above 32GB virtual address.
# This output file may be truncated or incomplete.
#
#  Out of Memory Error (arena.cpp:162), pid=8100, tid=11128
#
# JRE version: Java(TM) SE Runtime Environment (24.0.1+9) (build 24.0.1+9-30)
# Java VM: Java HotSpot(TM) 64-Bit Server VM (24.0.1+9-30, mixed mode, sharing, tiered, compressed oops, compressed class ptrs, g1 gc, windows-amd64)
# No core dump will be written. Minidumps are not enabled by default on client versions of Windows
#

---------------  S U M M A R Y ------------

Command Line: -javaagent:C:\Program Files\JetBrains\IntelliJ IDEA 2025.3.2\lib\idea_rt.jar=61105 -Dfile.encoding=UTF-8 -Dsun.stdout.encoding=UTF-8 -Dsun.stderr.encoding=UTF-8 com.saxodevs.pos.PosApplication

Host: 11th Gen Intel(R) Core(TM) i3-1115G4 @ 3.00GHz, 4 cores, 11G,  Windows 11 , 64 bit Build 26100 (10.0.26100.7920)
Time: Thu Apr 23 09:57:56 2026 Greenwich Standard Time elapsed time: 58002.060247 seconds (0d 16h 6m 42s)

---------------  T H R E A D  ---------------

Current thread (0x0000020ff88a3270):  JavaThread "C2 CompilerThread0" daemon [_thread_in_native, id=11128, stack(0x0000001128f00000,0x0000001129000000) (1024K)]


Current CompileTask:
C2:58002060 28244       4       org.springframework.aop.framework.ReflectiveMethodInvocation::<init> (50 bytes)

Stack: [0x0000001128f00000,0x0000001129000000]
Native frames: (J=compiled Java code, j=interpreted, Vv=VM code, C=native code)
V  [jvm.dll+0x730739]  (no source info available)
V  [jvm.dll+0x8d9b23]  (no source info available)
V  [jvm.dll+0x8dc00d]  (no source info available)
V  [jvm.dll+0x8dc683]  (no source info available)
V  [jvm.dll+0x2aa086]  (no source info available)
V  [jvm.dll+0xcedef]  (no source info available)
V  [jvm.dll+0xcf04f]  (no source info available)
V  [jvm.dll+0x154d83]  (no source info available)
V  [jvm.dll+0x735f5f]  (no source info available)
V  [jvm.dll+0x26fa1c]  (no source info available)
V  [jvm.dll+0x26ea3f]  (no source info available)
V  [jvm.dll+0x1e9d60]  (no source info available)
V  [jvm.dll+0x27e1fb]  (no source info available)
V  [jvm.dll+0x27c49a]  (no source info available)
V  [jvm.dll+0x42f456]  (no source info available)
V  [jvm.dll+0x87d76b]  (no source info available)
V  [jvm.dll+0x72ee55]  (no source info available)
C  [ucrtbase.dll+0x37b0]  (no source info available)
C  [KERNEL32.DLL+0x2e8d7]  (no source info available)
C  [ntdll.dll+0x8c48c]  (no source info available)

Lock stack of current Java thread (top to bottom):


---------------  P R O C E S S  ---------------

Threads class SMR info:
_java_thread_list=0x0000020fda3c9ba0, length=34, elements={
0x0000020ff888d400, 0x0000020ff8890030, 0x0000020ff8891890, 0x0000020ff88924b0,
0x0000020ff88950f0, 0x0000020ff889de50, 0x0000020ff88a3270, 0x0000020ff88bbf10,
0x0000020fd41a4190, 0x0000020fd41a2450, 0x0000020fd41a2ba0, 0x0000020fd41a3a40,
0x0000020fd41a5780, 0x0000020fd56d7000, 0x0000020fd56da330, 0x0000020fd56daa80,
0x0000020fd56dcf10, 0x0000020fd56db1d0, 0x0000020fd92306b0, 0x0000020fd9231ca0,
0x0000020fd922e970, 0x0000020fd9230e00, 0x0000020fd9231550, 0x0000020fd922f0c0,
0x0000020fd56db920, 0x0000020fdaa61440, 0x0000020fdaa60cf0, 0x0000020fdaa5e110,
0x0000020fdaa61b90, 0x0000020fdaa5efb0, 0x0000020fdaa63180, 0x0000020fda782980,
0x0000020fd76155c0, 0x0000020fd7615d10
}

Java Threads: ( => current thread )
  0x0000020ff888d400 JavaThread "Reference Handler"          daemon [_thread_blocked, id=6648, stack(0x0000001128900000,0x0000001128a00000) (1024K)]
  0x0000020ff8890030 JavaThread "Finalizer"                  daemon [_thread_blocked, id=18512, stack(0x0000001128a00000,0x0000001128b00000) (1024K)]
  0x0000020ff8891890 JavaThread "Signal Dispatcher"          daemon [_thread_blocked, id=21988, stack(0x0000001128b00000,0x0000001128c00000) (1024K)]
  0x0000020ff88924b0 JavaThread "Attach Listener"            daemon [_thread_blocked, id=21340, stack(0x0000001128c00000,0x0000001128d00000) (1024K)]
  0x0000020ff88950f0 JavaThread "Service Thread"             daemon [_thread_blocked, id=11940, stack(0x0000001128d00000,0x0000001128e00000) (1024K)]
  0x0000020ff889de50 JavaThread "Monitor Deflation Thread"   daemon [_thread_blocked, id=25464, stack(0x0000001128e00000,0x0000001128f00000) (1024K)]
=>0x0000020ff88a3270 JavaThread "C2 CompilerThread0"         daemon [_thread_in_native, id=11128, stack(0x0000001128f00000,0x0000001129000000) (1024K)]
  0x0000020ff88bbf10 JavaThread "C1 CompilerThread0"         daemon [_thread_blocked, id=15856, stack(0x0000001129000000,0x0000001129100000) (1024K)]
  0x0000020fd41a4190 JavaThread "Common-Cleaner"             daemon [_thread_blocked, id=18580, stack(0x0000001129100000,0x0000001129200000) (1024K)]
  0x0000020fd41a2450 JavaThread "Monitor Ctrl-Break"         daemon [_thread_in_native, id=5820, stack(0x0000001129300000,0x0000001129400000) (1024K)]
  0x0000020fd41a2ba0 JavaThread "Notification Thread"        daemon [_thread_blocked, id=9376, stack(0x0000001129400000,0x0000001129500000) (1024K)]
  0x0000020fd41a3a40 JavaThread "RMI TCP Accept-0"           daemon [_thread_in_native, id=5844, stack(0x0000001129500000,0x0000001129600000) (1024K)]
  0x0000020fd41a5780 JavaThread "RMI Scheduler(0)"           daemon [_thread_blocked, id=14348, stack(0x0000001129700000,0x0000001129800000) (1024K)]
  0x0000020fd56d7000 JavaThread "Catalina-utility-1"                [_thread_blocked, id=16556, stack(0x0000001129e00000,0x0000001129f00000) (1024K)]
  0x0000020fd56da330 JavaThread "Catalina-utility-2"                [_thread_blocked, id=14036, stack(0x0000001129f00000,0x000000112a000000) (1024K)]
  0x0000020fd56daa80 JavaThread "container-0"                       [_thread_blocked, id=4704, stack(0x000000112a000000,0x000000112a100000) (1024K)]
  0x0000020fd56dcf10 JavaThread "mysql-cj-abandoned-connection-cleanup" daemon [_thread_blocked, id=23300, stack(0x000000112a100000,0x000000112a200000) (1024K)]
  0x0000020fd56db1d0 JavaThread "HikariPool-1:housekeeper"   daemon [_thread_blocked, id=13576, stack(0x000000112a300000,0x000000112a400000) (1024K)]
  0x0000020fd92306b0 JavaThread "File Watcher"               daemon [_thread_blocked, id=4456, stack(0x000000112a500000,0x000000112a600000) (1024K)]
  0x0000020fd9231ca0 JavaThread "http-nio-8080-exec-1"       daemon [_thread_blocked, id=16768, stack(0x000000112a400000,0x000000112a500000) (1024K)]
  0x0000020fd922e970 JavaThread "http-nio-8080-exec-2"       daemon [_thread_blocked, id=22836, stack(0x000000112a600000,0x000000112a700000) (1024K)]
  0x0000020fd9230e00 JavaThread "http-nio-8080-exec-4"       daemon [_thread_blocked, id=25080, stack(0x000000112a800000,0x000000112a900000) (1024K)]
  0x0000020fd9231550 JavaThread "http-nio-8080-exec-5"       daemon [_thread_blocked, id=11360, stack(0x000000112a900000,0x000000112aa00000) (1024K)]
  0x0000020fd922f0c0 JavaThread "http-nio-8080-exec-6"       daemon [_thread_blocked, id=15728, stack(0x000000112aa00000,0x000000112ab00000) (1024K)]
  0x0000020fd56db920 JavaThread "http-nio-8080-exec-7"       daemon [_thread_blocked, id=2752, stack(0x000000112ab00000,0x000000112ac00000) (1024K)]
  0x0000020fdaa61440 JavaThread "http-nio-8080-exec-9"       daemon [_thread_blocked, id=15380, stack(0x000000112ad00000,0x000000112ae00000) (1024K)]
  0x0000020fdaa60cf0 JavaThread "http-nio-8080-exec-10"      daemon [_thread_blocked, id=12812, stack(0x000000112ae00000,0x000000112af00000) (1024K)]
  0x0000020fdaa5e110 JavaThread "http-nio-8080-Poller"       daemon [_thread_in_native, id=23924, stack(0x000000112af00000,0x000000112b000000) (1024K)]
  0x0000020fdaa61b90 JavaThread "http-nio-8080-Acceptor"     daemon [_thread_in_native, id=19384, stack(0x000000112b000000,0x000000112b100000) (1024K)]
  0x0000020fdaa5efb0 JavaThread "DestroyJavaVM"                     [_thread_blocked, id=7424, stack(0x0000001128100000,0x0000001128200000) (1024K)]
  0x0000020fdaa63180 JavaThread "http-nio-8080-exec-12"      daemon [_thread_blocked, id=2636, stack(0x0000001128000000,0x0000001128100000) (1024K)]
  0x0000020fda782980 JavaThread "http-nio-8080-exec-13"      daemon [_thread_blocked, id=20528, stack(0x0000001129200000,0x0000001129300000) (1024K)]
  0x0000020fd76155c0 JavaThread "HikariPool-1:connection-closer" daemon [_thread_blocked, id=22824, stack(0x0000001127f00000,0x0000001128000000) (1024K)]
  0x0000020fd7615d10 JavaThread "HikariPool-1:connection-adder" daemon [_thread_blocked, id=24244, stack(0x0000001129600000,0x0000001129700000) (1024K)]
Total: 34

Other Threads:
  0x0000020ff887bc10 VMThread "VM Thread"                           [id=23824, stack(0x0000001128800000,0x0000001128900000) (1024K)]
  0x0000020ff886fb00 WatcherThread "VM Periodic Task Thread"        [id=23876, stack(0x0000001128700000,0x0000001128800000) (1024K)]
  0x0000020fea031d60 WorkerThread "GC Thread#0"                     [id=12828, stack(0x0000001128200000,0x0000001128300000) (1024K)]
  0x0000020fd549be30 WorkerThread "GC Thread#1"                     [id=5472, stack(0x0000001129900000,0x0000001129a00000) (1024K)]
  0x0000020fd549c1e0 WorkerThread "GC Thread#2"                     [id=15680, stack(0x0000001129a00000,0x0000001129b00000) (1024K)]
  0x0000020fd549c590 WorkerThread "GC Thread#3"                     [id=10296, stack(0x0000001129b00000,0x0000001129c00000) (1024K)]
  0x0000020fea043de0 ConcurrentGCThread "G1 Main Marker"            [id=4064, stack(0x0000001128300000,0x0000001128400000) (1024K)]
  0x0000020fea0457a0 WorkerThread "G1 Conc#0"                       [id=1572, stack(0x0000001128400000,0x0000001128500000) (1024K)]
  0x0000020ff87434e0 ConcurrentGCThread "G1 Refine#0"               [id=18112, stack(0x0000001128500000,0x0000001128600000) (1024K)]
  0x0000020fea08e390 ConcurrentGCThread "G1 Service"                [id=7288, stack(0x0000001128600000,0x0000001128700000) (1024K)]
Total: 10

Threads with active compile tasks:
C2 CompilerThread0  58002140 28244       4       org.springframework.aop.framework.ReflectiveMethodInvocation::<init> (50 bytes)
Total: 1

VM state: not at safepoint (normal execution)

VM Mutex/Monitor currently owned by a thread: None

Heap address: 0x0000000745800000, size: 2984 MB, Compressed Oops mode: Zero based, Oop shift amount: 3

CDS archive(s) mapped at: [0x0000020f8f000000-0x0000020f8fd40000-0x0000020f8fd40000), size 13893632, SharedBaseAddress: 0x0000020f8f000000, ArchiveRelocationMode: 1.
Compressed class space mapped at: 0x0000020f90000000-0x0000020fd0000000, reserved size: 1073741824
UseCompressedClassPointers 1, UseCompactObjectHeaders 0
Narrow klass pointer bits 32, Max shift 3
Narrow klass base: 0x0000020f8f000000, Narrow klass shift: 0
Encoding Range: [0x0000020f8f000000 - 0x000002108f000000), (4294967296 bytes)
Klass Range:    [0x0000020f8f000000 - 0x0000020fd0000000), (1090519040 bytes)
Klass ID Range:  [8 - 1090519033) (1090519025)

GC Precious Log:
 CardTable entry size: 512
 Card Set container configuration: InlinePtr #cards 4 size 8 Array Of Cards #cards 16 size 48 Howl #buckets 8 coarsen threshold 3686 Howl Bitmap #cards 512 size 80 coarsen threshold 460 Card regions per heap region 1 cards per card region 4096
 CPUs: 4 total, 4 available
 Memory: 11930M
 Large Page Support: Disabled
 NUMA Support: Disabled
 Compressed Oops: Enabled (Zero based)
 Heap Region Size: 2M
 Heap Min Capacity: 8M
 Heap Initial Capacity: 188M
 Heap Max Capacity: 2984M
 Pre-touch: Disabled
 Parallel Workers: 4
 Concurrent Workers: 1
 Concurrent Refinement Workers: 4
 Periodic GC: Disabled

Heap:
 garbage-first heap   total reserved 3055616K, committed 178176K, used 70824K [0x0000000745800000, 0x0000000800000000)
  region size 2048K, 12 young (24576K), 1 survivors (2048K)
 Metaspace       used 110666K, committed 111616K, reserved 1179648K
  class space    used 12079K, committed 12608K, reserved 1048576K

Heap Regions: E=young(eden), S=young(survivor), O=old, HS=humongous(starts), HC=humongous(continues), CS=collection set, F=free, TAMS=top-at-mark-start, PB=parsable bottom
|   0|0x0000000745800000, 0x0000000745a00000, 0x0000000745a00000|100%| O|  |TAMS 0x0000000745800000| PB 0x0000000745800000| Untracked |  0
|   1|0x0000000745a00000, 0x0000000745c00000, 0x0000000745c00000|100%| O|  |TAMS 0x0000000745a00000| PB 0x0000000745a00000| Untracked |  0
|   2|0x0000000745c00000, 0x0000000745e00000, 0x0000000745e00000|100%| O|  |TAMS 0x0000000745c00000| PB 0x0000000745c00000| Untracked |  0
|   3|0x0000000745e00000, 0x0000000746000000, 0x0000000746000000|100%| O|  |TAMS 0x0000000745e00000| PB 0x0000000745e00000| Untracked |  0
|   4|0x0000000746000000, 0x0000000746200000, 0x0000000746200000|100%| O|  |TAMS 0x0000000746000000| PB 0x0000000746000000| Untracked |  0
|   5|0x0000000746200000, 0x0000000746400000, 0x0000000746400000|100%| O|  |TAMS 0x0000000746200000| PB 0x0000000746200000| Untracked |  0
|   6|0x0000000746400000, 0x0000000746600000, 0x0000000746600000|100%| O|  |TAMS 0x0000000746400000| PB 0x0000000746400000| Untracked |  0
|   7|0x0000000746600000, 0x0000000746800000, 0x0000000746800000|100%| O|  |TAMS 0x0000000746600000| PB 0x0000000746600000| Untracked |  0
|   8|0x0000000746800000, 0x0000000746a00000, 0x0000000746a00000|100%| O|  |TAMS 0x0000000746800000| PB 0x0000000746800000| Untracked |  0
|   9|0x0000000746a00000, 0x0000000746c00000, 0x0000000746c00000|100%| O|  |TAMS 0x0000000746a00000| PB 0x0000000746a00000| Untracked |  0
|  10|0x0000000746c00000, 0x0000000746d38bb8, 0x0000000746e00000| 61%| O|  |TAMS 0x0000000746c00000| PB 0x0000000746c00000| Untracked |  0
|  11|0x0000000746e00000, 0x0000000747000000, 0x0000000747000000|100%| O|  |TAMS 0x0000000746e00000| PB 0x0000000746e00000| Untracked |  0
|  12|0x0000000747000000, 0x0000000747200000, 0x0000000747200000|100%| O|  |TAMS 0x0000000747000000| PB 0x0000000747000000| Untracked |  0
|  13|0x0000000747200000, 0x0000000747400000, 0x0000000747400000|100%| O|  |TAMS 0x0000000747200000| PB 0x0000000747200000| Untracked |  0
|  14|0x0000000747400000, 0x00000007474073e0, 0x0000000747600000|  1%| O|  |TAMS 0x0000000747400000| PB 0x0000000747400000| Untracked |  0
|  15|0x0000000747600000, 0x0000000747800000, 0x0000000747800000|100%| O|  |TAMS 0x0000000747600000| PB 0x0000000747600000| Untracked |  0
|  16|0x0000000747800000, 0x0000000747a00000, 0x0000000747a00000|100%| O|  |TAMS 0x0000000747800000| PB 0x0000000747800000| Untracked |  0
|  17|0x0000000747a00000, 0x0000000747c00000, 0x0000000747c00000|100%| O|  |TAMS 0x0000000747a00000| PB 0x0000000747a00000| Untracked |  0
|  18|0x0000000747c00000, 0x0000000747e00000, 0x0000000747e00000|100%| O|  |TAMS 0x0000000747c00000| PB 0x0000000747c00000| Untracked |  0
|  19|0x0000000747e00000, 0x0000000748000000, 0x0000000748000000|100%| O|  |TAMS 0x0000000747e00000| PB 0x0000000747e00000| Untracked |  0
|  20|0x0000000748000000, 0x0000000748200000, 0x0000000748200000|100%| O|  |TAMS 0x0000000748000000| PB 0x0000000748000000| Untracked |  0
|  21|0x0000000748200000, 0x00000007482fefd0, 0x0000000748400000| 49%| O|Cm|TAMS 0x0000000748200000| PB 0x0000000748200000| Complete |  0
|  22|0x0000000748400000, 0x0000000748600000, 0x0000000748600000|100%| O|  |TAMS 0x0000000748400000| PB 0x0000000748400000| Untracked |  0
|  23|0x0000000748600000, 0x0000000748600000, 0x0000000748800000|  0%| F|  |TAMS 0x0000000748600000| PB 0x0000000748600000| Untracked |  0
|  24|0x0000000748800000, 0x0000000748a00000, 0x0000000748a00000|100%| O|  |TAMS 0x0000000748800000| PB 0x0000000748800000| Untracked |  0
|  25|0x0000000748a00000, 0x0000000748a00000, 0x0000000748c00000|  0%| F|  |TAMS 0x0000000748a00000| PB 0x0000000748a00000| Untracked |  0
|  26|0x0000000748c00000, 0x0000000748e00000, 0x0000000748e00000|100%| O|  |TAMS 0x0000000748c00000| PB 0x0000000748c00000| Untracked |  0
|  27|0x0000000748e00000, 0x0000000749000000, 0x0000000749000000|100%| O|  |TAMS 0x0000000748e00000| PB 0x0000000748e00000| Untracked |  0
|  28|0x0000000749000000, 0x0000000749000000, 0x0000000749200000|  0%| F|  |TAMS 0x0000000749000000| PB 0x0000000749000000| Untracked |  0
|  29|0x0000000749200000, 0x0000000749200000, 0x0000000749400000|  0%| F|  |TAMS 0x0000000749200000| PB 0x0000000749200000| Untracked |  0
|  30|0x0000000749400000, 0x0000000749400000, 0x0000000749600000|  0%| F|  |TAMS 0x0000000749400000| PB 0x0000000749400000| Untracked |  0
|  31|0x0000000749600000, 0x0000000749600000, 0x0000000749800000|  0%| F|  |TAMS 0x0000000749600000| PB 0x0000000749600000| Untracked |  0
|  32|0x0000000749800000, 0x0000000749800000, 0x0000000749a00000|  0%| F|  |TAMS 0x0000000749800000| PB 0x0000000749800000| Untracked |  0
|  33|0x0000000749a00000, 0x0000000749a00000, 0x0000000749c00000|  0%| F|  |TAMS 0x0000000749a00000| PB 0x0000000749a00000| Untracked |  0
|  34|0x0000000749c00000, 0x0000000749ceb168, 0x0000000749e00000| 45%| S|CS|TAMS 0x0000000749c00000| PB 0x0000000749c00000| Complete |  0
|  35|0x0000000749e00000, 0x0000000749e00000, 0x000000074a000000|  0%| F|  |TAMS 0x0000000749e00000| PB 0x0000000749e00000| Untracked |  0
|  36|0x000000074a000000, 0x000000074a000000, 0x000000074a200000|  0%| F|  |TAMS 0x000000074a000000| PB 0x000000074a000000| Untracked |  0
|  37|0x000000074a200000, 0x000000074a200000, 0x000000074a400000|  0%| F|  |TAMS 0x000000074a200000| PB 0x000000074a200000| Untracked |  0
|  38|0x000000074a400000, 0x000000074a400000, 0x000000074a600000|  0%| F|  |TAMS 0x000000074a400000| PB 0x000000074a400000| Untracked |  0
|  39|0x000000074a600000, 0x000000074a600000, 0x000000074a800000|  0%| F|  |TAMS 0x000000074a600000| PB 0x000000074a600000| Untracked |  0
|  40|0x000000074a800000, 0x000000074a800000, 0x000000074aa00000|  0%| F|  |TAMS 0x000000074a800000| PB 0x000000074a800000| Untracked |  0
|  41|0x000000074aa00000, 0x000000074aa00000, 0x000000074ac00000|  0%| F|  |TAMS 0x000000074aa00000| PB 0x000000074aa00000| Untracked |  0
|  42|0x000000074ac00000, 0x000000074ac00000, 0x000000074ae00000|  0%| F|  |TAMS 0x000000074ac00000| PB 0x000000074ac00000| Untracked |  0
|  43|0x000000074ae00000, 0x000000074ae00000, 0x000000074b000000|  0%| F|  |TAMS 0x000000074ae00000| PB 0x000000074ae00000| Untracked |  0
|  44|0x000000074b000000, 0x000000074b000000, 0x000000074b200000|  0%| F|  |TAMS 0x000000074b000000| PB 0x000000074b000000| Untracked |  0
|  45|0x000000074b200000, 0x000000074b200000, 0x000000074b400000|  0%| F|  |TAMS 0x000000074b200000| PB 0x000000074b200000| Untracked |  0
|  46|0x000000074b400000, 0x000000074b400000, 0x000000074b600000|  0%| F|  |TAMS 0x000000074b400000| PB 0x000000074b400000| Untracked |  0
|  47|0x000000074b600000, 0x000000074b600000, 0x000000074b800000|  0%| F|  |TAMS 0x000000074b600000| PB 0x000000074b600000| Untracked |  0
|  48|0x000000074b800000, 0x000000074b800000, 0x000000074ba00000|  0%| F|  |TAMS 0x000000074b800000| PB 0x000000074b800000| Untracked |  0
|  49|0x000000074ba00000, 0x000000074ba00000, 0x000000074bc00000|  0%| F|  |TAMS 0x000000074ba00000| PB 0x000000074ba00000| Untracked |  0
|  50|0x000000074bc00000, 0x000000074bc00000, 0x000000074be00000|  0%| F|  |TAMS 0x000000074bc00000| PB 0x000000074bc00000| Untracked |  0
|  51|0x000000074be00000, 0x000000074be00000, 0x000000074c000000|  0%| F|  |TAMS 0x000000074be00000| PB 0x000000074be00000| Untracked |  0
|  52|0x000000074c000000, 0x000000074c000000, 0x000000074c200000|  0%| F|  |TAMS 0x000000074c000000| PB 0x000000074c000000| Untracked |  0
|  53|0x000000074c200000, 0x000000074c200000, 0x000000074c400000|  0%| F|  |TAMS 0x000000074c200000| PB 0x000000074c200000| Untracked |  0
|  54|0x000000074c400000, 0x000000074c400000, 0x000000074c600000|  0%| F|  |TAMS 0x000000074c400000| PB 0x000000074c400000| Untracked |  0
|  55|0x000000074c600000, 0x000000074c600000, 0x000000074c800000|  0%| F|  |TAMS 0x000000074c600000| PB 0x000000074c600000| Untracked |  0
|  56|0x000000074c800000, 0x000000074c800000, 0x000000074ca00000|  0%| F|  |TAMS 0x000000074c800000| PB 0x000000074c800000| Untracked |  0
|  57|0x000000074ca00000, 0x000000074ca00000, 0x000000074cc00000|  0%| F|  |TAMS 0x000000074ca00000| PB 0x000000074ca00000| Untracked |  0
|  58|0x000000074cc00000, 0x000000074cc00000, 0x000000074ce00000|  0%| F|  |TAMS 0x000000074cc00000| PB 0x000000074cc00000| Untracked |  0
|  59|0x000000074ce00000, 0x000000074ce00000, 0x000000074d000000|  0%| F|  |TAMS 0x000000074ce00000| PB 0x000000074ce00000| Untracked |  0
|  60|0x000000074d000000, 0x000000074d000000, 0x000000074d200000|  0%| F|  |TAMS 0x000000074d000000| PB 0x000000074d000000| Untracked |  0
|  61|0x000000074d200000, 0x000000074d200000, 0x000000074d400000|  0%| F|  |TAMS 0x000000074d200000| PB 0x000000074d200000| Untracked |  0
|  62|0x000000074d400000, 0x000000074d400000, 0x000000074d600000|  0%| F|  |TAMS 0x000000074d400000| PB 0x000000074d400000| Untracked |  0
|  63|0x000000074d600000, 0x000000074d600000, 0x000000074d800000|  0%| F|  |TAMS 0x000000074d600000| PB 0x000000074d600000| Untracked |  0
|  64|0x000000074d800000, 0x000000074d800000, 0x000000074da00000|  0%| F|  |TAMS 0x000000074d800000| PB 0x000000074d800000| Untracked |  0
|  65|0x000000074da00000, 0x000000074da00000, 0x000000074dc00000|  0%| F|  |TAMS 0x000000074da00000| PB 0x000000074da00000| Untracked |  0
|  66|0x000000074dc00000, 0x000000074dc00000, 0x000000074de00000|  0%| F|  |TAMS 0x000000074dc00000| PB 0x000000074dc00000| Untracked |  0
|  67|0x000000074de00000, 0x000000074de00000, 0x000000074e000000|  0%| F|  |TAMS 0x000000074de00000| PB 0x000000074de00000| Untracked |  0
|  68|0x000000074e000000, 0x000000074e000000, 0x000000074e200000|  0%| F|  |TAMS 0x000000074e000000| PB 0x000000074e000000| Untracked |  0
|  69|0x000000074e200000, 0x000000074e200000, 0x000000074e400000|  0%| F|  |TAMS 0x000000074e200000| PB 0x000000074e200000| Untracked |  0
|  70|0x000000074e400000, 0x000000074e400000, 0x000000074e600000|  0%| F|  |TAMS 0x000000074e400000| PB 0x000000074e400000| Untracked |  0
|  71|0x000000074e600000, 0x000000074e600000, 0x000000074e800000|  0%| F|  |TAMS 0x000000074e600000| PB 0x000000074e600000| Untracked |  0
|  72|0x000000074e800000, 0x000000074e800000, 0x000000074ea00000|  0%| F|  |TAMS 0x000000074e800000| PB 0x000000074e800000| Untracked |  0
|  73|0x000000074ea00000, 0x000000074ea00000, 0x000000074ec00000|  0%| F|  |TAMS 0x000000074ea00000| PB 0x000000074ea00000| Untracked |  0
|  74|0x000000074ec00000, 0x000000074ec00000, 0x000000074ee00000|  0%| F|  |TAMS 0x000000074ec00000| PB 0x000000074ec00000| Untracked |  0
|  75|0x000000074ee00000, 0x000000074ee00000, 0x000000074f000000|  0%| F|  |TAMS 0x000000074ee00000| PB 0x000000074ee00000| Untracked |  0
|  76|0x000000074f000000, 0x000000074f030138, 0x000000074f200000|  9%| E|  |TAMS 0x000000074f000000| PB 0x000000074f000000| Complete |  0
|  77|0x000000074f200000, 0x000000074f400000, 0x000000074f400000|100%| E|CS|TAMS 0x000000074f200000| PB 0x000000074f200000| Complete |  0
|  78|0x000000074f400000, 0x000000074f600000, 0x000000074f600000|100%| E|CS|TAMS 0x000000074f400000| PB 0x000000074f400000| Complete |  0
|  79|0x000000074f600000, 0x000000074f800000, 0x000000074f800000|100%| E|CS|TAMS 0x000000074f600000| PB 0x000000074f600000| Complete |  0
|  80|0x000000074f800000, 0x000000074fa00000, 0x000000074fa00000|100%| E|CS|TAMS 0x000000074f800000| PB 0x000000074f800000| Complete |  0
|  81|0x000000074fa00000, 0x000000074fc00000, 0x000000074fc00000|100%| E|CS|TAMS 0x000000074fa00000| PB 0x000000074fa00000| Complete |  0
|  82|0x000000074fc00000, 0x000000074fe00000, 0x000000074fe00000|100%| E|CS|TAMS 0x000000074fc00000| PB 0x000000074fc00000| Complete |  0
|  83|0x000000074fe00000, 0x0000000750000000, 0x0000000750000000|100%| E|CS|TAMS 0x000000074fe00000| PB 0x000000074fe00000| Complete |  0
|  84|0x0000000750000000, 0x0000000750200000, 0x0000000750200000|100%| E|CS|TAMS 0x0000000750000000| PB 0x0000000750000000| Complete |  0
|  85|0x0000000750200000, 0x0000000750400000, 0x0000000750400000|100%| E|CS|TAMS 0x0000000750200000| PB 0x0000000750200000| Complete |  0
|1491|0x00000007ffe00000, 0x0000000800000000, 0x0000000800000000|100%| E|CS|TAMS 0x00000007ffe00000| PB 0x00000007ffe00000| Complete |  0

Card table byte_map: [0x0000020ff2e50000,0x0000020ff3430000] _byte_map_base: 0x0000020fef424000

Marking Bits: (CMBitMap*) 0x0000020fea032470
 Bits: [0x0000020ff3430000, 0x0000020ff62d0000)

Polling page: 0x0000020fe80a0000

Metaspace:

Usage:
  Non-class:     96.28 MB used.
      Class:     11.80 MB used.
       Both:    108.07 MB used.

Virtual space:
  Non-class space:      128.00 MB reserved,      96.69 MB ( 76%) committed,  2 nodes.
      Class space:        1.00 GB reserved,      12.31 MB (  1%) committed,  1 nodes.
             Both:        1.12 GB reserved,     109.00 MB (  9%) committed. 

Chunk freelists:
   Non-Class:  14.42 MB
       Class:  3.80 MB
        Both:  18.23 MB

MaxMetaspaceSize: unlimited
CompressedClassSpaceSize: 1.00 GB
Initial GC threshold: 21.00 MB
Current GC threshold: 181.56 MB
CDS: on
 - commit_granule_bytes: 65536.
 - commit_granule_words: 8192.
 - virtual_space_node_default_size: 8388608.
 - enlarge_chunks_in_place: 1.
UseCompressedClassPointers 1, UseCompactObjectHeaders 0
Narrow klass pointer bits 32, Max shift 3
Narrow klass base: 0x0000020f8f000000, Narrow klass shift: 0
Encoding Range: [0x0000020f8f000000 - 0x000002108f000000), (4294967296 bytes)
Klass Range:    [0x0000020f8f000000 - 0x0000020fd0000000), (1090519040 bytes)
Klass ID Range:  [8 - 1090519033) (1090519025)


Internal statistics:

num_allocs_failed_limit: 3.
num_arena_births: 1706.
num_arena_deaths: 348.
num_vsnodes_births: 3.
num_vsnodes_deaths: 0.
num_space_committed: 1744.
num_space_uncommitted: 0.
num_chunks_returned_to_freelist: 369.
num_chunks_taken_from_freelist: 6005.
num_chunk_merges: 80.
num_chunk_splits: 4114.
num_chunks_enlarged: 3138.
num_inconsistent_stats: 0.

CodeHeap 'non-profiled nmethods': size=120064Kb used=9820Kb max_used=10019Kb free=110243Kb
 bounds [0x0000020f87ac0000, 0x0000020f88490000, 0x0000020f8f000000]
CodeHeap 'profiled nmethods': size=120000Kb used=12197Kb max_used=29384Kb free=107802Kb
 bounds [0x0000020f80000000, 0x0000020f81cc0000, 0x0000020f87530000]
CodeHeap 'non-nmethods': size=5696Kb used=1877Kb max_used=2053Kb free=3818Kb
 bounds [0x0000020f87530000, 0x0000020f877a0000, 0x0000020f87ac0000]
CodeCache: size=245760Kb, used=23894Kb, max_used=41456Kb, free=221863Kb
 total_blobs=10479, nmethods=9658, adapters=724, full_count=0
Compilation: enabled, stopped_count=0, restarted_count=0

Compilation events (20 events):
Event: 58001.166 Thread 0x0000020ff88bbf10 nmethod 28234 0x0000020f80020b08 code [0x0000020f80020cc0, 0x0000020f800219a8]
Event: 58001.168 Thread 0x0000020ff88bbf10 28235       3       com.mysql.cj.jdbc.DatabaseMetaData::storesLowerCaseIdentifiers (10 bytes)
Event: 58001.169 Thread 0x0000020ff88bbf10 nmethod 28235 0x0000020f801f9888 code [0x0000020f801f99e0, 0x0000020f801f9d98]
Event: 58001.476 Thread 0x0000020ff88a3270 28236       4       jdk.internal.misc.VM::isSystemDomainLoader (17 bytes)
Event: 58001.477 Thread 0x0000020ff88a3270 nmethod 28236 0x0000020f880ac808 code [0x0000020f880ac900, 0x0000020f880ac980]
Event: 58001.542 Thread 0x0000020ff88bbf10 28237   !   3       org.springframework.jdbc.datasource.DataSourceUtils::setReadOnlyIfPossible (54 bytes)
Event: 58001.543 Thread 0x0000020ff88bbf10 nmethod 28237 0x0000020f8067dc88 code [0x0000020f8067de20, 0x0000020f8067e658]
Event: 58001.849 Thread 0x0000020ff88a3270 28238       4       java.lang.invoke.LambdaForm$MH/0x0000020f90c30000::invoke (60 bytes)
Event: 58001.850 Thread 0x0000020ff88a3270 nmethod 28238 0x0000020f880ac408 code [0x0000020f880ac520, 0x0000020f880ac708]
Event: 58001.850 Thread 0x0000020ff88a3270 28239       4       java.lang.invoke.LambdaForm$MH/0x0000020f90c2f800::invoke (60 bytes)
Event: 58001.851 Thread 0x0000020ff88a3270 nmethod 28239 0x0000020f880ac008 code [0x0000020f880ac120, 0x0000020f880ac308]
Event: 58001.853 Thread 0x0000020ff88a3270 28240       4       java.lang.invoke.LambdaForm$MH/0x0000020f90c2fc00::invoke (60 bytes)
Event: 58001.854 Thread 0x0000020ff88a3270 nmethod 28240 0x0000020f880abc08 code [0x0000020f880abd20, 0x0000020f880abf08]
Event: 58002.021 Thread 0x0000020ff88a3270 28241       4       java.lang.invoke.LambdaForm$DMH/0x0000020f90c2b800::newInvokeSpecial (24 bytes)
Event: 58002.022 Thread 0x0000020ff88a3270 nmethod 28241 0x0000020f880ab908 code [0x0000020f880aba20, 0x0000020f880abb38]
Event: 58002.022 Thread 0x0000020ff88a3270 28242       4       java.lang.invoke.LambdaForm$MH/0x0000020f90c30c00::invoke (60 bytes)
Event: 58002.023 Thread 0x0000020ff88a3270 nmethod 28242 0x0000020f880ab508 code [0x0000020f880ab620, 0x0000020f880ab808]
Event: 58002.035 Thread 0x0000020ff88a3270 28243       4       java.lang.invoke.LambdaForm$MH/0x0000020f90c2f400::invoke (60 bytes)
Event: 58002.036 Thread 0x0000020ff88a3270 nmethod 28243 0x0000020f880aaf08 code [0x0000020f880ab020, 0x0000020f880ab208]
Event: 58002.047 Thread 0x0000020ff88a3270 28244       4       org.springframework.aop.framework.ReflectiveMethodInvocation::<init> (50 bytes)

GC Heap History (20 events):
Event: 57782.161 GC heap before
{Heap before GC invocations=124 (full 0):
 garbage-first heap   total reserved 3055616K, committed 178176K, used 154780K [0x0000000745800000, 0x0000000800000000)
  region size 2048K, 52 young (106496K), 1 survivors (2048K)
 Metaspace       used 110428K, committed 111360K, reserved 1179648K
  class space    used 12077K, committed 12608K, reserved 1048576K
}
Event: 57782.169 GC heap after
{Heap after GC invocations=125 (full 0):
 garbage-first heap   total reserved 3055616K, committed 178176K, used 50456K [0x0000000745800000, 0x0000000800000000)
  region size 2048K, 1 young (2048K), 1 survivors (2048K)
 Metaspace       used 110428K, committed 111360K, reserved 1179648K
  class space    used 12077K, committed 12608K, reserved 1048576K
}
Event: 57959.609 GC heap before
{Heap before GC invocations=125 (full 0):
 garbage-first heap   total reserved 3055616K, committed 178176K, used 154904K [0x0000000745800000, 0x0000000800000000)
  region size 2048K, 52 young (106496K), 1 survivors (2048K)
 Metaspace       used 110449K, committed 111424K, reserved 1179648K
  class space    used 12077K, committed 12608K, reserved 1048576K
}
Event: 57959.616 GC heap after
{Heap after GC invocations=126 (full 0):
 garbage-first heap   total reserved 3055616K, committed 178176K, used 50193K [0x0000000745800000, 0x0000000800000000)
  region size 2048K, 1 young (2048K), 1 survivors (2048K)
 Metaspace       used 110449K, committed 111424K, reserved 1179648K
  class space    used 12077K, committed 12608K, reserved 1048576K
}
Event: 57963.914 GC heap before
{Heap before GC invocations=126 (full 0):
 garbage-first heap   total reserved 3055616K, committed 178176K, used 154641K [0x0000000745800000, 0x0000000800000000)
  region size 2048K, 52 young (106496K), 1 survivors (2048K)
 Metaspace       used 110465K, committed 111424K, reserved 1179648K
  class space    used 12077K, committed 12608K, reserved 1048576K
}
Event: 57963.916 GC heap after
{Heap after GC invocations=127 (full 0):
 garbage-first heap   total reserved 3055616K, committed 178176K, used 50383K [0x0000000745800000, 0x0000000800000000)
  region size 2048K, 1 young (2048K), 1 survivors (2048K)
 Metaspace       used 110465K, committed 111424K, reserved 1179648K
  class space    used 12077K, committed 12608K, reserved 1048576K
}
Event: 57967.715 GC heap before
{Heap before GC invocations=128 (full 0):
 garbage-first heap   total reserved 3055616K, committed 178176K, used 152783K [0x0000000745800000, 0x0000000800000000)
  region size 2048K, 52 young (106496K), 1 survivors (2048K)
 Metaspace       used 110475K, committed 111424K, reserved 1179648K
  class space    used 12077K, committed 12608K, reserved 1048576K
}
Event: 57967.722 GC heap after
{Heap after GC invocations=129 (full 0):
 garbage-first heap   total reserved 3055616K, committed 178176K, used 50417K [0x0000000745800000, 0x0000000800000000)
  region size 2048K, 1 young (2048K), 1 survivors (2048K)
 Metaspace       used 110475K, committed 111424K, reserved 1179648K
  class space    used 12077K, committed 12608K, reserved 1048576K
}
Event: 57986.297 GC heap before
{Heap before GC invocations=129 (full 0):
 garbage-first heap   total reserved 3055616K, committed 178176K, used 152817K [0x0000000745800000, 0x0000000800000000)
  region size 2048K, 52 young (106496K), 1 survivors (2048K)
 Metaspace       used 110482K, committed 111424K, reserved 1179648K
  class space    used 12078K, committed 12608K, reserved 1048576K
}
Event: 57986.304 GC heap after
{Heap after GC invocations=130 (full 0):
 garbage-first heap   total reserved 3055616K, committed 178176K, used 50333K [0x0000000745800000, 0x0000000800000000)
  region size 2048K, 1 young (2048K), 1 survivors (2048K)
 Metaspace       used 110482K, committed 111424K, reserved 1179648K
  class space    used 12078K, committed 12608K, reserved 1048576K
}
Event: 57989.569 GC heap before
{Heap before GC invocations=130 (full 0):
 garbage-first heap   total reserved 3055616K, committed 178176K, used 154781K [0x0000000745800000, 0x0000000800000000)
  region size 2048K, 52 young (106496K), 1 survivors (2048K)
 Metaspace       used 110580K, committed 111552K, reserved 1179648K
  class space    used 12078K, committed 12608K, reserved 1048576K
}
Event: 57989.572 GC heap after
{Heap after GC invocations=131 (full 0):
 garbage-first heap   total reserved 3055616K, committed 178176K, used 50467K [0x0000000745800000, 0x0000000800000000)
  region size 2048K, 1 young (2048K), 1 survivors (2048K)
 Metaspace       used 110580K, committed 111552K, reserved 1179648K
  class space    used 12078K, committed 12608K, reserved 1048576K
}
Event: 57992.220 GC heap before
{Heap before GC invocations=132 (full 0):
 garbage-first heap   total reserved 3055616K, committed 178176K, used 152867K [0x0000000745800000, 0x0000000800000000)
  region size 2048K, 52 young (106496K), 1 survivors (2048K)
 Metaspace       used 110645K, committed 111552K, reserved 1179648K
  class space    used 12079K, committed 12608K, reserved 1048576K
}
Event: 57992.222 GC heap after
{Heap after GC invocations=133 (full 0):
 garbage-first heap   total reserved 3055616K, committed 178176K, used 50425K [0x0000000745800000, 0x0000000800000000)
  region size 2048K, 1 young (2048K), 1 survivors (2048K)
 Metaspace       used 110645K, committed 111552K, reserved 1179648K
  class space    used 12079K, committed 12608K, reserved 1048576K
}
Event: 57993.601 GC heap before
{Heap before GC invocations=133 (full 0):
 garbage-first heap   total reserved 3055616K, committed 178176K, used 154873K [0x0000000745800000, 0x0000000800000000)
  region size 2048K, 52 young (106496K), 1 survivors (2048K)
 Metaspace       used 110650K, committed 111616K, reserved 1179648K
  class space    used 12079K, committed 12608K, reserved 1048576K
}
Event: 57993.606 GC heap after
{Heap after GC invocations=134 (full 0):
 garbage-first heap   total reserved 3055616K, committed 178176K, used 50243K [0x0000000745800000, 0x0000000800000000)
  region size 2048K, 1 young (2048K), 1 survivors (2048K)
 Metaspace       used 110650K, committed 111616K, reserved 1179648K
  class space    used 12079K, committed 12608K, reserved 1048576K
}
Event: 57997.143 GC heap before
{Heap before GC invocations=134 (full 0):
 garbage-first heap   total reserved 3055616K, committed 178176K, used 154691K [0x0000000745800000, 0x0000000800000000)
  region size 2048K, 52 young (106496K), 1 survivors (2048K)
 Metaspace       used 110656K, committed 111616K, reserved 1179648K
  class space    used 12079K, committed 12608K, reserved 1048576K
}
Event: 57997.147 GC heap after
{Heap after GC invocations=135 (full 0):
 garbage-first heap   total reserved 3055616K, committed 178176K, used 50341K [0x0000000745800000, 0x0000000800000000)
  region size 2048K, 1 young (2048K), 1 survivors (2048K)
 Metaspace       used 110656K, committed 111616K, reserved 1179648K
  class space    used 12079K, committed 12608K, reserved 1048576K
}
Event: 58001.486 GC heap before
{Heap before GC invocations=136 (full 0):
 garbage-first heap   total reserved 3055616K, committed 178176K, used 154789K [0x0000000745800000, 0x0000000800000000)
  region size 2048K, 52 young (106496K), 1 survivors (2048K)
 Metaspace       used 110666K, committed 111616K, reserved 1179648K
  class space    used 12079K, committed 12608K, reserved 1048576K
}
Event: 58001.489 GC heap after
{Heap after GC invocations=137 (full 0):
 garbage-first heap   total reserved 3055616K, committed 178176K, used 50344K [0x0000000745800000, 0x0000000800000000)
  region size 2048K, 1 young (2048K), 1 survivors (2048K)
 Metaspace       used 110666K, committed 111616K, reserved 1179648K
  class space    used 12079K, committed 12608K, reserved 1048576K
}

Dll operation events (12 events):
Event: 0.012 Loaded shared library C:\Program Files\Java\jdk-24\bin\java.dll
Event: 0.054 Loaded shared library C:\Program Files\Java\jdk-24\bin\jsvml.dll
Event: 0.150 Loaded shared library C:\Program Files\Java\jdk-24\bin\zip.dll
Event: 0.153 Loaded shared library C:\Program Files\Java\jdk-24\bin\instrument.dll
Event: 0.157 Loaded shared library C:\Program Files\Java\jdk-24\bin\net.dll
Event: 0.159 Loaded shared library C:\Program Files\Java\jdk-24\bin\nio.dll
Event: 0.162 Loaded shared library C:\Program Files\Java\jdk-24\bin\zip.dll
Event: 0.186 Loaded shared library C:\Program Files\Java\jdk-24\bin\jimage.dll
Event: 0.300 Loaded shared library C:\Program Files\Java\jdk-24\bin\extnet.dll
Event: 0.313 Loaded shared library C:\Program Files\Java\jdk-24\bin\management.dll
Event: 0.322 Loaded shared library C:\Program Files\Java\jdk-24\bin\management_ext.dll
Event: 2.044 Loaded shared library C:\Program Files\Java\jdk-24\bin\sunmscapi.dll

Deoptimization events (20 events):
Event: 57993.776 Thread 0x0000020fd9231550 DEOPT PACKING pc=0x0000020f880c2650 sp=0x000000112a9f9a90
Event: 57993.776 Thread 0x0000020fd9231550 DEOPT UNPACKING pc=0x0000020f87651002 sp=0x000000112a9f9a20 mode 2
Event: 57993.810 Thread 0x0000020fd56db920 Uncommon trap: trap_request=0xffffffbe fr.pc=0x0000020f880c2650 relative=0x0000000000000430
Event: 57993.810 Thread 0x0000020fd56db920 Uncommon trap: reason=profile_predicate action=maybe_recompile pc=0x0000020f880c2650 method=org.hibernate.engine.internal.StatefulPersistenceContext.forEachCollectionEntry(Ljava/util/function/BiConsumer;Z)V @ 30 c2
Event: 57993.810 Thread 0x0000020fd56db920 DEOPT PACKING pc=0x0000020f880c2650 sp=0x000000112abf9970
Event: 57993.810 Thread 0x0000020fd56db920 DEOPT UNPACKING pc=0x0000020f87651002 sp=0x000000112abf9900 mode 2
Event: 57993.864 Thread 0x0000020fdaa60cf0 Uncommon trap: trap_request=0xffffffbe fr.pc=0x0000020f880c2650 relative=0x0000000000000430
Event: 57993.864 Thread 0x0000020fdaa60cf0 Uncommon trap: reason=profile_predicate action=maybe_recompile pc=0x0000020f880c2650 method=org.hibernate.engine.internal.StatefulPersistenceContext.forEachCollectionEntry(Ljava/util/function/BiConsumer;Z)V @ 30 c2
Event: 57993.864 Thread 0x0000020fdaa60cf0 DEOPT PACKING pc=0x0000020f880c2650 sp=0x000000112aef9b20
Event: 57993.864 Thread 0x0000020fdaa60cf0 DEOPT UNPACKING pc=0x0000020f87651002 sp=0x000000112aef9ab0 mode 2
Event: 57993.994 Thread 0x0000020fdaa63180 DEOPT PACKING pc=0x0000020f812a1c90 sp=0x00000011280f97a0
Event: 57993.994 Thread 0x0000020fdaa63180 DEOPT UNPACKING pc=0x0000020f87586642 sp=0x00000011280f8c80 mode 0
Event: 57994.262 Thread 0x0000020fd922f0c0 Uncommon trap: trap_request=0xffffffbe fr.pc=0x0000020f88395238 relative=0x00000000000005b8
Event: 57994.262 Thread 0x0000020fd922f0c0 Uncommon trap: reason=profile_predicate action=maybe_recompile pc=0x0000020f88395238 method=org.hibernate.engine.internal.StatefulPersistenceContext.forEachCollectionEntry(Ljava/util/function/BiConsumer;Z)V @ 26 c2
Event: 57994.262 Thread 0x0000020fd922f0c0 DEOPT PACKING pc=0x0000020f88395238 sp=0x000000112aaf9c50
Event: 57994.262 Thread 0x0000020fd922f0c0 DEOPT UNPACKING pc=0x0000020f87651002 sp=0x000000112aaf9c00 mode 2
Event: 57999.032 Thread 0x0000020fd9231550 Uncommon trap: trap_request=0xffffff76 fr.pc=0x0000020f880b34c4 relative=0x0000000000000224
Event: 57999.032 Thread 0x0000020fd9231550 Uncommon trap: reason=predicate action=maybe_recompile pc=0x0000020f880b34c4 method=java.util.LinkedHashMap.valuesToArray([Ljava/lang/Object;Z)[Ljava/lang/Object; @ 53 c2
Event: 57999.032 Thread 0x0000020fd9231550 DEOPT PACKING pc=0x0000020f880b34c4 sp=0x000000112a9fa100
Event: 57999.032 Thread 0x0000020fd9231550 DEOPT UNPACKING pc=0x0000020f87651002 sp=0x000000112a9fa090 mode 2

Classes loaded (20 events):
Event: 22461.725 Loading class sun/text/resources/FormatData
Event: 22461.727 Loading class sun/text/resources/FormatData done
Event: 22461.735 Loading class java/util/concurrent/atomic/AtomicMarkableReference
Event: 22461.751 Loading class java/util/concurrent/atomic/AtomicMarkableReference done
Event: 22461.751 Loading class java/util/concurrent/atomic/AtomicMarkableReference$Pair
Event: 22461.751 Loading class java/util/concurrent/atomic/AtomicMarkableReference$Pair done
Event: 22461.751 Loading class sun/text/resources/FormatData_en
Event: 22461.751 Loading class sun/text/resources/FormatData_en done
Event: 22461.751 Loading class sun/util/resources/LocaleData$SupplementaryStrategy
Event: 22461.752 Loading class sun/util/resources/LocaleData$SupplementaryStrategy done
Event: 22461.752 Loading class sun/text/resources/JavaTimeSupplementary
Event: 22461.756 Loading class sun/text/resources/JavaTimeSupplementary done
Event: 22461.766 Loading class sun/util/resources/ParallelListResourceBundle$KeySet
Event: 22461.766 Loading class sun/util/resources/ParallelListResourceBundle$KeySet done
Event: 22461.772 Loading class sun/util/locale/provider/CalendarDataUtility$CalendarFieldValueNameGetter
Event: 22461.778 Loading class sun/util/locale/provider/CalendarDataUtility$CalendarFieldValueNameGetter done
Event: 22461.884 Loading class java/math/BigDecimal$StringBuilderHelper
Event: 22461.887 Loading class java/math/BigDecimal$StringBuilderHelper done
Event: 53972.036 Loading class sun/util/locale/LocaleExtensions
Event: 53972.566 Loading class sun/util/locale/LocaleExtensions done

Classes unloaded (20 events):
Event: 31411.439 Thread 0x0000020ff887bc10 Unloading class 0x0000020f90ab4c00 'java/lang/invoke/LambdaForm$MH+0x0000020f90ab4c00'
Event: 31411.439 Thread 0x0000020ff887bc10 Unloading class 0x0000020f90ab4800 'java/lang/invoke/LambdaForm$MH+0x0000020f90ab4800'
Event: 31411.439 Thread 0x0000020ff887bc10 Unloading class 0x0000020f90ab4400 'java/lang/invoke/LambdaForm$MH+0x0000020f90ab4400'
Event: 31411.439 Thread 0x0000020ff887bc10 Unloading class 0x0000020f90aac800 'java/lang/invoke/LambdaForm$MH+0x0000020f90aac800'
Event: 31411.439 Thread 0x0000020ff887bc10 Unloading class 0x0000020f90aac400 'java/lang/invoke/LambdaForm$MH+0x0000020f90aac400'
Event: 31411.439 Thread 0x0000020ff887bc10 Unloading class 0x0000020f90aac000 'java/lang/invoke/LambdaForm$MH+0x0000020f90aac000'
Event: 31411.439 Thread 0x0000020ff887bc10 Unloading class 0x0000020f90a98c00 'java/lang/invoke/LambdaForm$MH+0x0000020f90a98c00'
Event: 31411.439 Thread 0x0000020ff887bc10 Unloading class 0x0000020f90a98800 'java/lang/invoke/LambdaForm$MH+0x0000020f90a98800'
Event: 31411.439 Thread 0x0000020ff887bc10 Unloading class 0x0000020f90a98400 'java/lang/invoke/LambdaForm$MH+0x0000020f90a98400'
Event: 31411.439 Thread 0x0000020ff887bc10 Unloading class 0x0000020f90a81c00 'java/lang/invoke/LambdaForm$MH+0x0000020f90a81c00'
Event: 31411.439 Thread 0x0000020ff887bc10 Unloading class 0x0000020f90a81400 'java/lang/invoke/LambdaForm$MH+0x0000020f90a81400'
Event: 31411.439 Thread 0x0000020ff887bc10 Unloading class 0x0000020f90a81000 'java/lang/invoke/LambdaForm$MH+0x0000020f90a81000'
Event: 31411.439 Thread 0x0000020ff887bc10 Unloading class 0x0000020f90a80400 'java/lang/invoke/LambdaForm$MH+0x0000020f90a80400'
Event: 31411.439 Thread 0x0000020ff887bc10 Unloading class 0x0000020f90a7d400 'java/lang/invoke/LambdaForm$MH+0x0000020f90a7d400'
Event: 31411.439 Thread 0x0000020ff887bc10 Unloading class 0x0000020f90a7cc00 'java/lang/invoke/LambdaForm$MH+0x0000020f90a7cc00'
Event: 31411.439 Thread 0x0000020ff887bc10 Unloading class 0x0000020f90a7c800 'java/lang/invoke/LambdaForm$MH+0x0000020f90a7c800'
Event: 31411.439 Thread 0x0000020ff887bc10 Unloading class 0x0000020f90a7c000 'java/lang/invoke/LambdaForm$MH+0x0000020f90a7c000'
Event: 33402.374 Thread 0x0000020ff887bc10 Unloading class 0x0000020f90c38800 'java/lang/invoke/LambdaForm$DMH+0x0000020f90c38800'
Event: 33402.374 Thread 0x0000020ff887bc10 Unloading class 0x0000020f90c08400 'java/lang/invoke/LambdaForm$MH+0x0000020f90c08400'
Event: 35373.892 Thread 0x0000020ff887bc10 Unloading class 0x0000020f909ec800 'java/lang/invoke/LambdaForm$MH+0x0000020f909ec800'

Classes redefined (0 events):
No events

Internal exceptions (20 events):
Event: 51351.256 Thread 0x0000020fda77ef00 Exception <a 'java/io/IOException'{0x000000074dc020e0}> (0x000000074dc020e0) 
thrown [s\open\src\hotspot\share\prims\jni.cpp, line 518]
Event: 51520.756 Thread 0x0000020fda7830d0 Exception <a 'java/io/IOException'{0x000000074f62fb18}> (0x000000074f62fb18) 
thrown [s\open\src\hotspot\share\prims\jni.cpp, line 518]
Event: 51520.789 Thread 0x0000020fdaa63180 Exception <a 'java/io/IOException'{0x000000074f67c498}> (0x000000074f67c498) 
thrown [s\open\src\hotspot\share\prims\jni.cpp, line 518]
Event: 51522.789 Thread 0x0000020fda7830d0 Exception <a 'java/io/IOException'{0x000000074edb1c20}> (0x000000074edb1c20) 
thrown [s\open\src\hotspot\share\prims\jni.cpp, line 518]
Event: 51523.114 Thread 0x0000020fda7830d0 Exception <a 'java/io/IOException'{0x000000074edb9870}> (0x000000074edb9870) 
thrown [s\open\src\hotspot\share\prims\jni.cpp, line 518]
Event: 52295.748 Thread 0x0000020fd760f6b0 Exception <a 'java/net/SocketException'{0x000000074c101d00}: Connection reset by peer: shutdown> (0x000000074c101d00) 
thrown [s\open\src\hotspot\share\prims\jni.cpp, line 536]
Event: 52988.007 Thread 0x0000020fd7612290 Exception <a 'java/net/SocketException'{0x000000074ee01298}: Connection reset by peer: shutdown> (0x000000074ee01298) 
thrown [s\open\src\hotspot\share\prims\jni.cpp, line 536]
Event: 53771.955 Thread 0x0000020fd7612290 Exception <a 'java/io/IOException'{0x000000074ea012c0}> (0x000000074ea012c0) 
thrown [s\open\src\hotspot\share\prims\jni.cpp, line 518]
Event: 53771.960 Thread 0x0000020fd7612290 Exception <a 'java/io/IOException'{0x000000074ea02230}> (0x000000074ea02230) 
thrown [s\open\src\hotspot\share\prims\jni.cpp, line 518]
Event: 55686.497 Thread 0x0000020fd76113f0 Exception <a 'java/io/IOException'{0x000000074f502798}> (0x000000074f502798) 
thrown [s\open\src\hotspot\share\prims\jni.cpp, line 518]
Event: 55686.498 Thread 0x0000020fd76113f0 Exception <a 'java/io/IOException'{0x000000074f503708}> (0x000000074f503708) 
thrown [s\open\src\hotspot\share\prims\jni.cpp, line 518]
Event: 55696.884 Thread 0x0000020fd760fe00 Exception <a 'java/io/IOException'{0x000000074f3012c0}> (0x000000074f3012c0) 
thrown [s\open\src\hotspot\share\prims\jni.cpp, line 518]
Event: 55696.885 Thread 0x0000020fd760fe00 Exception <a 'java/io/IOException'{0x000000074f301f28}> (0x000000074f301f28) 
thrown [s\open\src\hotspot\share\prims\jni.cpp, line 518]
Event: 57966.031 Thread 0x0000020fdaa60cf0 Implicit null exception at 0x0000020f882b1f75 to 0x0000020f882b2ed4
Event: 57999.000 Thread 0x0000020fdaa60cf0 Exception <a 'java/net/SocketException'{0x000000074e113200}: Connection reset by peer: shutdown> (0x000000074e113200) 
thrown [s\open\src\hotspot\share\prims\jni.cpp, line 536]
Event: 57999.656 Thread 0x0000020fda782980 Exception <a 'java/net/SocketException'{0x000000074d45ac20}: Connection reset by peer: shutdown> (0x000000074d45ac20) 
thrown [s\open\src\hotspot\share\prims\jni.cpp, line 536]
Event: 58001.330 Thread 0x0000020fd9231550 Exception <a 'java/net/SocketException'{0x000000074a8e6868}: Connection reset by peer: shutdown> (0x000000074a8e6868) 
thrown [s\open\src\hotspot\share\prims\jni.cpp, line 536]
Event: 58001.522 Thread 0x0000020fdaa60cf0 Exception <a 'java/net/SocketException'{0x00000007502f89c0}: Connection reset by peer: shutdown> (0x00000007502f89c0) 
thrown [s\open\src\hotspot\share\prims\jni.cpp, line 536]
Event: 58001.672 Thread 0x0000020fda782980 Exception <a 'java/net/SocketException'{0x0000000750264fd8}: Connection reset by peer: shutdown> (0x0000000750264fd8) 
thrown [s\open\src\hotspot\share\prims\jni.cpp, line 536]
Event: 58002.051 Thread 0x0000020fdaa60cf0 Exception <a 'java/net/SocketException'{0x000000074ff399f8}: Connection reset by peer: shutdown> (0x000000074ff399f8) 
thrown [s\open\src\hotspot\share\prims\jni.cpp, line 536]

VM Operations (20 events):
Event: 57988.359 Executing VM operation: RendezvousGCThreads
Event: 57988.359 Executing VM operation: RendezvousGCThreads done
Event: 57989.569 Executing VM operation: G1CollectForAllocation (G1 Evacuation Pause)
Event: 57989.572 Executing VM operation: G1CollectForAllocation (G1 Evacuation Pause) done
Event: 57989.689 Executing VM operation: G1PauseRemark
Event: 57989.708 Executing VM operation: G1PauseRemark done
Event: 57989.741 Executing VM operation: G1PauseCleanup
Event: 57989.752 Executing VM operation: G1PauseCleanup done
Event: 57992.220 Executing VM operation: G1CollectForAllocation (G1 Evacuation Pause)
Event: 57992.222 Executing VM operation: G1CollectForAllocation (G1 Evacuation Pause) done
Event: 57993.601 Executing VM operation: G1CollectForAllocation (G1 Evacuation Pause)
Event: 57993.606 Executing VM operation: G1CollectForAllocation (G1 Evacuation Pause) done
Event: 57997.143 Executing VM operation: G1CollectForAllocation (G1 Evacuation Pause)
Event: 57997.148 Executing VM operation: G1CollectForAllocation (G1 Evacuation Pause) done
Event: 57997.228 Executing VM operation: G1PauseRemark
Event: 57997.240 Executing VM operation: G1PauseRemark done
Event: 57997.271 Executing VM operation: G1PauseCleanup
Event: 57997.271 Executing VM operation: G1PauseCleanup done
Event: 58001.486 Executing VM operation: G1CollectForAllocation (G1 Evacuation Pause)
Event: 58001.489 Executing VM operation: G1CollectForAllocation (G1 Evacuation Pause) done

Memory protections (0 events):
No events

Nmethod flushes (20 events):
Event: 57997.238 Thread 0x0000020ff887bc10 flushing  nmethod 0x0000020f80534688
Event: 57997.238 Thread 0x0000020ff887bc10 flushing  nmethod 0x0000020f80598e08
Event: 57997.238 Thread 0x0000020ff887bc10 flushing  nmethod 0x0000020f805ee588
Event: 57997.238 Thread 0x0000020ff887bc10 flushing  nmethod 0x0000020f80678308
Event: 57997.238 Thread 0x0000020ff887bc10 flushing  nmethod 0x0000020f806c0c08
Event: 57997.238 Thread 0x0000020ff887bc10 flushing  nmethod 0x0000020f806e9d08
Event: 57997.238 Thread 0x0000020ff887bc10 flushing  nmethod 0x0000020f80725c08
Event: 57997.238 Thread 0x0000020ff887bc10 flushing  nmethod 0x0000020f80741b08
Event: 57997.238 Thread 0x0000020ff887bc10 flushing  nmethod 0x0000020f80747d08
Event: 57997.238 Thread 0x0000020ff887bc10 flushing  nmethod 0x0000020f80a4d808
Event: 57997.238 Thread 0x0000020ff887bc10 flushing  nmethod 0x0000020f80b57e88
Event: 57997.238 Thread 0x0000020ff887bc10 flushing  nmethod 0x0000020f80c09108
Event: 57997.238 Thread 0x0000020ff887bc10 flushing  nmethod 0x0000020f80d3f408
Event: 57997.238 Thread 0x0000020ff887bc10 flushing  nmethod 0x0000020f80d40a08
Event: 57997.239 Thread 0x0000020ff887bc10 flushing  nmethod 0x0000020f80d52608
Event: 57997.239 Thread 0x0000020ff887bc10 flushing  nmethod 0x0000020f80df1488
Event: 57997.239 Thread 0x0000020ff887bc10 flushing  nmethod 0x0000020f80e4e988
Event: 57997.239 Thread 0x0000020ff887bc10 flushing  nmethod 0x0000020f80e4ed88
Event: 57997.239 Thread 0x0000020ff887bc10 flushing  nmethod 0x0000020f80f2de88
Event: 57997.239 Thread 0x0000020ff887bc10 flushing  nmethod 0x0000020f810c4708

Events (20 events):
Event: 57342.522 Thread 0x0000020fd76129e0 Thread exited: 0x0000020fd76129e0
Event: 57342.569 Thread 0x0000020fd760f6b0 Thread exited: 0x0000020fd760f6b0
Event: 57478.304 Thread 0x0000020fd56db1d0 Thread added: 0x0000020fd7612290
Event: 57478.305 Thread 0x0000020fd7612290 Thread added: 0x0000020fd760fe00
Event: 57483.308 Thread 0x0000020fd7612290 Thread exited: 0x0000020fd7612290
Event: 57483.355 Thread 0x0000020fd760fe00 Thread exited: 0x0000020fd760fe00
Event: 57487.354 Thread 0x0000020fd56db1d0 Thread added: 0x0000020fd760fe00
Event: 57487.355 Thread 0x0000020fd760fe00 Thread added: 0x0000020fd76129e0
Event: 57492.372 Thread 0x0000020fd760fe00 Thread exited: 0x0000020fd760fe00
Event: 57492.403 Thread 0x0000020fd76129e0 Thread exited: 0x0000020fd76129e0
Event: 57494.962 Thread 0x0000020fd56db1d0 Thread added: 0x0000020fd7612290
Event: 57494.964 Thread 0x0000020fd7612290 Thread added: 0x0000020fd76129e0
Event: 57499.964 Thread 0x0000020fd7612290 Thread exited: 0x0000020fd7612290
Event: 57500.020 Thread 0x0000020fd76129e0 Thread exited: 0x0000020fd76129e0
Event: 57673.998 Thread 0x0000020fd56db1d0 Thread added: 0x0000020fd760fe00
Event: 57673.999 Thread 0x0000020fd760fe00 Thread added: 0x0000020fd7612290
Event: 57679.001 Thread 0x0000020fd760fe00 Thread exited: 0x0000020fd760fe00
Event: 57679.048 Thread 0x0000020fd7612290 Thread exited: 0x0000020fd7612290
Event: 58001.155 Thread 0x0000020fd56db1d0 Thread added: 0x0000020fd76155c0
Event: 58001.156 Thread 0x0000020fd76155c0 Thread added: 0x0000020fd7615d10


Dynamic libraries:
0x00007ff75a370000 - 0x00007ff75a380000 	C:\Program Files\Java\jdk-24\bin\java.exe
0x00007ffc865e0000 - 0x00007ffc86847000 	C:\WINDOWS\SYSTEM32\ntdll.dll
0x00007ffc85080000 - 0x00007ffc85149000 	C:\WINDOWS\System32\KERNEL32.DLL
0x00007ffc83020000 - 0x00007ffc83411000 	C:\WINDOWS\System32\KERNELBASE.dll
0x00007ffc841a0000 - 0x00007ffc842eb000 	C:\WINDOWS\System32\ucrtbase.dll
0x00007ffc7dbb0000 - 0x00007ffc7dbc6000 	C:\Program Files\Java\jdk-24\bin\jli.dll
0x00007ffc844a0000 - 0x00007ffc84665000 	C:\WINDOWS\System32\USER32.dll
0x00007ffc84170000 - 0x00007ffc84197000 	C:\WINDOWS\System32\win32u.dll
0x00007ffc86050000 - 0x00007ffc8607b000 	C:\WINDOWS\System32\GDI32.dll
0x00007ffc84040000 - 0x00007ffc8416a000 	C:\WINDOWS\System32\gdi32full.dll
0x00007ffc82ec0000 - 0x00007ffc82f63000 	C:\WINDOWS\System32\msvcp_win.dll
0x00007ffc7d1a0000 - 0x00007ffc7d1bb000 	C:\Program Files\Java\jdk-24\bin\VCRUNTIME140.dll
0x00007ffc64cf0000 - 0x00007ffc64f83000 	C:\WINDOWS\WinSxS\amd64_microsoft.windows.common-controls_6595b64144ccf1df_6.0.26100.7922_none_3e089e1ee3342171\COMCTL32.dll
0x00007ffc859f0000 - 0x00007ffc85a99000 	C:\WINDOWS\System32\msvcrt.dll
0x00007ffc86430000 - 0x00007ffc86461000 	C:\WINDOWS\System32\IMM32.DLL
0x00007ffc7fee0000 - 0x00007ffc7feec000 	C:\Program Files\Java\jdk-24\bin\vcruntime140_1.dll
0x00007ffc74f90000 - 0x00007ffc7501e000 	C:\Program Files\Java\jdk-24\bin\msvcp140.dll
0x00007ffbd3b00000 - 0x00007ffbd48a2000 	C:\Program Files\Java\jdk-24\bin\server\jvm.dll
0x00007ffc862a0000 - 0x00007ffc8635b000 	C:\WINDOWS\System32\ADVAPI32.dll
0x00007ffc84380000 - 0x00007ffc84427000 	C:\WINDOWS\System32\sechost.dll
0x00007ffc86470000 - 0x00007ffc86588000 	C:\WINDOWS\System32\RPCRT4.dll
0x00007ffc84670000 - 0x00007ffc846e4000 	C:\WINDOWS\System32\WS2_32.dll
0x00007ffc82d20000 - 0x00007ffc82d7e000 	C:\WINDOWS\SYSTEM32\POWRPROF.dll
0x00007ffc7b250000 - 0x00007ffc7b285000 	C:\WINDOWS\SYSTEM32\WINMM.dll
0x00007ffc71030000 - 0x00007ffc7103b000 	C:\WINDOWS\SYSTEM32\VERSION.dll
0x00007ffc82d00000 - 0x00007ffc82d14000 	C:\WINDOWS\SYSTEM32\UMPDC.dll
0x00007ffc81c50000 - 0x00007ffc81c6b000 	C:\WINDOWS\SYSTEM32\kernel.appcore.dll
0x00007ffc7d910000 - 0x00007ffc7d91a000 	C:\Program Files\Java\jdk-24\bin\jimage.dll
0x00007ffc80fb0000 - 0x00007ffc811f2000 	C:\WINDOWS\SYSTEM32\DBGHELP.DLL
0x00007ffc85cc0000 - 0x00007ffc86042000 	C:\WINDOWS\System32\combase.dll
0x00007ffc858b0000 - 0x00007ffc85987000 	C:\WINDOWS\System32\OLEAUT32.dll
0x00007ffc5fe30000 - 0x00007ffc5fe6b000 	C:\WINDOWS\SYSTEM32\dbgcore.DLL
0x00007ffc82f70000 - 0x00007ffc83015000 	C:\WINDOWS\System32\bcryptPrimitives.dll
0x00007ffc754c0000 - 0x00007ffc754cf000 	C:\Program Files\Java\jdk-24\bin\instrument.dll
0x00007ffc753b0000 - 0x00007ffc753ce000 	C:\Program Files\Java\jdk-24\bin\java.dll
0x00007ffc85b20000 - 0x00007ffc85cb5000 	C:\WINDOWS\System32\ole32.dll
0x00007ffc84910000 - 0x00007ffc8506f000 	C:\WINDOWS\System32\SHELL32.dll
0x00007ffc835a0000 - 0x00007ffc8370a000 	C:\WINDOWS\System32\wintypes.dll
0x00007ffc837d0000 - 0x00007ffc84034000 	C:\WINDOWS\System32\windows.storage.dll
0x00007ffc85210000 - 0x00007ffc85307000 	C:\WINDOWS\System32\SHCORE.dll
0x00007ffc84430000 - 0x00007ffc84497000 	C:\WINDOWS\System32\shlwapi.dll
0x00007ffc82de0000 - 0x00007ffc82e09000 	C:\WINDOWS\SYSTEM32\profapi.dll
0x00007ffc623e0000 - 0x00007ffc624b7000 	C:\Program Files\Java\jdk-24\bin\jsvml.dll
0x00007ffc75370000 - 0x00007ffc75387000 	C:\Program Files\Java\jdk-24\bin\zip.dll
0x00007ffc754b0000 - 0x00007ffc754c0000 	C:\Program Files\Java\jdk-24\bin\net.dll
0x00007ffc821c0000 - 0x00007ffc8222b000 	C:\WINDOWS\system32\mswsock.dll
0x00007ffc75390000 - 0x00007ffc753a6000 	C:\Program Files\Java\jdk-24\bin\nio.dll
0x00007ffc81720000 - 0x00007ffc8184a000 	C:\WINDOWS\SYSTEM32\DNSAPI.dll
0x00007ffc816e0000 - 0x00007ffc81713000 	C:\WINDOWS\SYSTEM32\IPHLPAPI.DLL
0x00007ffc857a0000 - 0x00007ffc857aa000 	C:\WINDOWS\System32\NSI.dll
0x00007ffc751f0000 - 0x00007ffc751f9000 	C:\Program Files\Java\jdk-24\bin\extnet.dll
0x00007ffc72040000 - 0x00007ffc7204b000 	C:\Windows\System32\rasadhlp.dll
0x00007ffc7b0c0000 - 0x00007ffc7b146000 	C:\WINDOWS\System32\fwpuclnt.dll
0x00007ffc751e0000 - 0x00007ffc751ea000 	C:\Program Files\Java\jdk-24\bin\management.dll
0x00007ffc74f80000 - 0x00007ffc74f8b000 	C:\Program Files\Java\jdk-24\bin\management_ext.dll
0x00007ffc86080000 - 0x00007ffc86088000 	C:\WINDOWS\System32\PSAPI.DLL
0x00007ffc824a0000 - 0x00007ffc824bb000 	C:\WINDOWS\SYSTEM32\CRYPTSP.dll
0x00007ffc81bb0000 - 0x00007ffc81be9000 	C:\WINDOWS\system32\rsaenh.dll
0x00007ffc82270000 - 0x00007ffc822a2000 	C:\WINDOWS\SYSTEM32\USERENV.dll
0x00007ffc82db0000 - 0x00007ffc82dda000 	C:\WINDOWS\SYSTEM32\bcrypt.dll
0x00007ffc824c0000 - 0x00007ffc824cc000 	C:\WINDOWS\SYSTEM32\CRYPTBASE.dll
0x00007ffc58b60000 - 0x00007ffc58b78000 	C:\WINDOWS\system32\napinsp.dll
0x00007ffc58b40000 - 0x00007ffc58b56000 	C:\WINDOWS\system32\wshbth.dll
0x00007ffc58b10000 - 0x00007ffc58b32000 	C:\WINDOWS\system32\nlansp_c.dll
0x00007ffc58af0000 - 0x00007ffc58b02000 	C:\WINDOWS\System32\winrnr.dll
0x00007ffc5c9d0000 - 0x00007ffc5ca26000 	C:\WINDOWS\SYSTEM32\pdh.dll
0x00007ffc59440000 - 0x00007ffc59452000 	C:\WINDOWS\System32\perfproc.dll
0x00007ffc74f70000 - 0x00007ffc74f7e000 	C:\Program Files\Java\jdk-24\bin\sunmscapi.dll
0x00007ffc83420000 - 0x00007ffc83597000 	C:\WINDOWS\System32\CRYPT32.dll
0x00007ffc826c0000 - 0x00007ffc826f0000 	C:\WINDOWS\SYSTEM32\ncrypt.dll
0x00007ffc82670000 - 0x00007ffc826af000 	C:\WINDOWS\SYSTEM32\NTASN1.dll
0x00007ffc565c0000 - 0x00007ffc565c8000 	C:\WINDOWS\system32\wshunix.dll

JVMTI agents:
C:\Program Files\JetBrains\IntelliJ IDEA 2025.3.2\lib\idea_rt.jar path:C:\Program Files\Java\jdk-24\bin\instrument.dll, loaded, initialized, instrumentlib options:61105

dbghelp: loaded successfully - version: 4.0.5 - missing functions: none
symbol engine: initialized successfully - sym options: 0x614 - pdb path: .;C:\Program Files\Java\jdk-24\bin;C:\WINDOWS\SYSTEM32;C:\WINDOWS\WinSxS\amd64_microsoft.windows.common-controls_6595b64144ccf1df_6.0.26100.7922_none_3e089e1ee3342171;C:\Program Files\Java\jdk-24\bin\server

VM Arguments:
jvm_args: -javaagent:C:\Program Files\JetBrains\IntelliJ IDEA 2025.3.2\lib\idea_rt.jar=61105 -Dfile.encoding=UTF-8 -Dsun.stdout.encoding=UTF-8 -Dsun.stderr.encoding=UTF-8 
java_command: com.saxodevs.pos.PosApplication
java_class_path (initial): C:\Users\saxod\Desktop\Level 300\ADVANCED JAVA\MINI PROJECT IV\pos\target\classes;C:\Users\saxod\.m2\repository\org\springframework\boot\spring-boot-starter-actuator\4.0.3\spring-boot-starter-actuator-4.0.3.jar;C:\Users\saxod\.m2\repository\org\springframework\boot\spring-boot-starter\4.0.3\spring-boot-starter-4.0.3.jar;C:\Users\saxod\.m2\repository\org\springframework\boot\spring-boot-starter-logging\4.0.3\spring-boot-starter-logging-4.0.3.jar;C:\Users\saxod\.m2\repository\ch\qos\logback\logback-classic\1.5.32\logback-classic-1.5.32.jar;C:\Users\saxod\.m2\repository\ch\qos\logback\logback-core\1.5.32\logback-core-1.5.32.jar;C:\Users\saxod\.m2\repository\org\apache\logging\log4j\log4j-to-slf4j\2.25.3\log4j-to-slf4j-2.25.3.jar;C:\Users\saxod\.m2\repository\org\apache\logging\log4j\log4j-api\2.25.3\log4j-api-2.25.3.jar;C:\Users\saxod\.m2\repository\org\slf4j\jul-to-slf4j\2.0.17\jul-to-slf4j-2.0.17.jar;C:\Users\saxod\.m2\repository\jakarta\annotation\jakarta.annotation-api\3.0.0\jakarta.annotation-api-3.0.0.jar;C:\Users\saxod\.m2\repository\org\yaml\snakeyaml\2.5\snakeyaml-2.5.jar;C:\Users\saxod\.m2\repository\org\springframework\boot\spring-boot-starter-micrometer-metrics\4.0.3\spring-boot-starter-micrometer-metrics-4.0.3.jar;C:\Users\saxod\.m2\repository\org\springframework\boot\spring-boot-micrometer-metrics\4.0.3\spring-boot-micrometer-metrics-4.0.3.jar;C:\Users\saxod\.m2\repository\org\springframework\boot\spring-boot-micrometer-observation\4.0.3\spring-boot-micrometer-observation-4.0.3.jar;C:\Users\saxod\.m2\repository\org\springframework\boot\spring-boot-actuator-autoconfigure\4.0.3\spring-boot-actuator-autoconfigure-4.0.3.jar;C:\Users\saxod\.m2\repository\org\springframework\boot\spring-boot-actuator\4.0.3\spring-boot-actuator-4.0.3.jar;C:\Users\saxod\.m2\repository\org\springframework\boot\spring-boot-health\4.0.3\spring-boot-health-4.0.3.jar;C:\Users\saxod\.m2\repository\io\micrometer\micrometer-observation\1.16.3\micrometer-observation-1.16.3.jar;C:\Users\saxod\.m2\repository\org\jspecify\jspecify\1.0.0\jspecify-1.0.0.jar;C:\Users\saxod\.m2\repository\io\micrometer\micrometer-commons\1.16.3\micrometer-commons-1.16.3.jar;C:\Users\saxod\.m2\repository\io\micrometer\micrometer-jakarta9\1.16.3\micrometer-jakarta9-1.16.3.jar;C:\Users\saxod\.m2\repository\io\micrometer\micrometer-core\1.16.3\micrometer-core-1.16.3.jar;C:\Users\saxod\.m2\repository\org\hdrhistogram\HdrHistogram\2.2.2\HdrHistogram-2.2.2.jar;C:\Users\saxod\.m2\repository\org\latencyutils\LatencyUtils\2.0.3\LatencyUtils-2.0.3.jar;C:\Users\saxod\.m2\repository\org\springframework\boot\spring-boot-starter-data-jpa\4.0.3\spring-boot-starter-data-jpa-4.0.3.jar;C:\Users\saxod\.m2\repository\org\springframework\boot\spring-boot-starter-jdbc\4.0.3\spring-boot-starter-jdbc-4.0.3.jar;C:\Users\saxod\.m2\repository\com\zaxxer\HikariCP\7.0.2\HikariCP-7.0.2.jar;C:\Users\saxod\.m2\repository\org\slf4j\slf4j-api\2.0.17\slf4j-api-2.0.17.jar;C:\Users\saxod\.m2\repository\org\springframework\boot\spring-boot-data-jpa\4.0.3\spring-boot-data-jpa-4.0.3.jar;C:\Users\saxod\.m2\repository\org\springframework\boot\spring-boot-data-commons\4.0.3\spring-boot-data-commons-4.0.3.jar;C:\Users\saxod\.m2\repository\org\springframework\boot\spring-boot-persistence\4.0.3\spring-boot-persistence-4.0.3.jar;C:\Users\saxod\.m2\repository\org\springframework\data\spring-data-commons\4.0.3\spring-data-commons-4.0.3.jar;C:\Users\saxod\.m2\repository\org\springframework\boot\spring-boot-hibernate\4.0.3\spring-boot-hibernate-4.0.3.jar;C:\Users\saxod\.m2\repository\org\springframework\boot\spring-boot-jpa\4.0.3\spring-boot-jpa-4.0.3.jar;C:\Users\saxod\.m2\repository\jakarta\persistence\jakarta.persistence-api\3.2.0\jakarta.persistence-api-3.2.0.jar;C:\Users\saxod\.m2\repository\org\hibernate\orm\hibernate-core\7.2.4.Final\hibernate-core-7.2.4.Final.jar;C:\Users\saxod\.m2\repository\jakarta\transaction\jakarta.transaction-api\2.0.1\jakarta.transaction-api-2.0.1.jar;C:\Users\saxod\.m2\repository\org\hibernate\models\hibernate-models\1.0.1\hibernate-models-1.0.1.jar;C:\Users\saxod\.m2\repository\org\glassfish\jaxb\jaxb-runtime\4.0.6\jaxb-runtime-4.0.6.jar;C:\Users\saxod\.m2\repository\org\glassfish\jaxb\jaxb-core\4.0.6\jaxb-core-4.0.6.jar;C:\Users\saxod\.m2\repository\org\eclipse\angus\angus-activation\2.0.3\angus-activation-2.0.3.jar;C:\Users\saxod\.m2\repository\org\glassfish\jaxb\txw2\4.0.6\txw2-4.0.6.jar;C:\Users\saxod\.m2\repository\com\sun\istack\istack-commons-runtime\4.1.2\istack-commons-runtime-4.1.2.jar;C:\Users\saxod\.m2\repository\jakarta\inject\jakarta.inject-api\2.0.1\jakarta.inject-api-2.0.1.jar;C:\Users\saxod\.m2\repository\org\springframework\spring-orm\7.0.5\spring-orm-7.0.5.jar;C:\Users\saxod\.m2\repository\org\springframework\data\spring-data-jpa\4.0.3\spring-data-jpa-4.0.3.jar;C:\Users\saxod\.m2\repository\org\springframework\spring-tx\7.0.5\spring-tx-7.0.5.jar;C:\Users\saxod\.m2\repository\org\antlr\antlr4-runtime\4.13.2\antlr4-runtime-4.13.2.jar;C:\Users\saxod\.m2\repository\org\springframework\spring-aspects\7.0.5\spring-aspects-7.0.5.jar;C:\Users\saxod\.m2\repository\org\aspectj\aspectjweaver\1.9.25.1\aspectjweaver-1.9.25.1.jar;C:\Users\saxod\.m2\repository\org\springframework\boot\spring-boot-jdbc\4.0.3\spring-boot-jdbc-4.0.3.jar;C:\Users\saxod\.m2\repository\org\springframework\boot\spring-boot-sql\4.0.3\spring-boot-sql-4.0.3.jar;C:\Users\saxod\.m2\repository\org\springframework\boot\spring-boot-transaction\4.0.3\spring-boot-transaction-4.0.3.jar;C:\Users\saxod\.m2\repository\org\springframework\spring-jdbc\7.0.5\spring-jdbc-7.0.5.jar;C:\Users\saxod\.m2\repository\org\springframework\boot\spring-boot-starter-validation\4.0.3\spring-boot-starter-validation-4.0.3.jar;C:\Users\saxod\.m2\repository\org\springframework\boot\spring-boot-validation\4.0.3\spring-boot-validation-4.0.3.jar;C:\Users\saxod\.m2\repository\org\apache\tomcat\embed\tomcat-embed-el\11.0.18\tomcat-embed-el-11.0.18.jar;C:\Users\saxod\.m2\repository\org\hibernate\validator\hibernate-validator\9.0.1.Final\hibernate-validator-9.0.1.Final.jar;C:\Users\saxod\.m2\repository\jakarta\validation\jakarta.validation-api\3.1.1\jakarta.validation-api-3.1.1.jar;C:\Users\saxod\.m2\repository\org\jboss\logging\jboss-logging\3.6.2.Final\jboss-logging-3.6.2.Final.jar;C:\Users\saxod\.m2\repository\com\fasterxml\classmate\1.7.3\classmate-1.7.3.jar;C:\Users\saxod\.m2\repository\org\springframework\boot\spring-boot-starter-webmvc\4.0.3\spring-boot-starter-webmvc-4.0.3.jar;C:\Users\saxod\.m2\repository\org\springframework\boot\spring-boot-starter-jackson\4.0.3\spring-boot-starter-jackson-4.0.3.jar;C:\Users\saxod\.m2\repository\org\springframework\boot\spring-boot-jackson\4.0.3\spring-boot-jackson-4.0.3.jar;C:\Users\saxod\.m2\repository\tools\jackson\core\jackson-databind\3.0.4\jackson-databind-3.0.4.jar;C:\Users\saxod\.m2\repository\tools\jackson\core\jackson-core\3.0.4\jackson-core-3.0.4.jar;C:\Users\saxod\.m2\repository\org\springframework\boot\spring-boot-starter-tomcat\4.0.3\spring-boot-starter-tomcat-4.0.3.jar;C:\Users\saxod\.m2\repository\org\springframework\boot\spring-boot-starter-tomcat-runtime\4.0.3\spring-boot-starter-tomcat-runtime-4.0.3.jar;C:\Users\saxod\.m2\repository\org\apache\tomcat\embed\tomcat-embed-core\11.0.18\tomcat-embed-core-11.0.18.jar;C:\Users\saxod\.m2\repository\org\apache\tomcat\embed\tomcat-embed-websocket\11.0.18\tomcat-embed-websocket-11.0.18.jar;C:\Users\saxod\.m2\repository\org\springframework\boot\spring-boot-tomcat\4.0.3\spring-boot-tomcat-4.0.3.jar;C:\Users\saxod\.m2\repository\org\springframework\boot\spring-boot-http-converter\4.0.3\spring-boot-http-converter-4.0.3.jar;C:\Users\saxod\.m2\repository\org\springframework\spring-web\7.0.5\spring-web-7.0.5.jar;C:\Users\saxod\.m2\repository\org\springframework\boot\spring-boot-webmvc\4.0.3\spring-boot-webmvc-4.0.3.jar;C:\Users\saxod\.m2\repository\org\springframework\boot\spring-boot-servlet\4.0.3\spring-boot-servlet-4.0.3.jar;C:\Users\saxod\.m2\repository\org\springframework\spring-webmvc\7.0.5\spring-webmvc-7.0.5.jar;C:\Users\saxod\.m2\repository\org\springframework\spring-expression\7.0.5\spring-expression-7.0.5.jar;C:\Users\saxod\.m2\repository\org\springframework\boot\spring-boot-devtools\4.0.3\spring-boot-devtools-4.0.3.jar;C:\Users\saxod\.m2\repository\org\springframework\boot\spring-boot\4.0.3\spring-boot-4.0.3.jar;C:\Users\saxod\.m2\repository\org\springframework\spring-core\7.0.5\spring-core-7.0.5.jar;C:\Users\saxod\.m2\repository\commons-logging\commons-logging\1.3.5\commons-logging-1.3.5.jar;C:\Users\saxod\.m2\repository\org\springframework\spring-context\7.0.5\spring-context-7.0.5.jar;C:\Users\saxod\.m2\repository\org\springframework\boot\spring-boot-autoconfigure\4.0.3\spring-boot-autoconfigure-4.0.3.jar;C:\Users\saxod\.m2\repository\org\projectlombok\lombok\1.18.42\lombok-1.18.42.jar;C:\Users\saxod\.m2\repository\io\jsonwebtoken\jjwt-api\0.13.0\jjwt-api-0.13.0.jar;C:\Users\saxod\.m2\repository\io\jsonwebtoken\jjwt-impl\0.13.0\jjwt-impl-0.13.0.jar;C:\Users\saxod\.m2\repository\io\jsonwebtoken\jjwt-jackson\0.13.0\jjwt-jackson-0.13.0.jar;C:\Users\saxod\.m2\repository\com\fasterxml\jackson\core\jackson-databind\2.20.2\jackson-databind-2.20.2.jar;C:\Users\saxod\.m2\repository\com\fasterxml\jackson\core\jackson-annotations\2.20\jackson-annotations-2.20.jar;C:\Users\saxod\.m2\repository\com\fasterxml\jackson\core\jackson-core\2.20.2\jackson-core-2.20.2.jar;C:\Users\saxod\.m2\repository\jakarta\xml\bind\jakarta.xml.bind-api\4.0.4\jakarta.xml.bind-api-4.0.4.jar;C:\Users\saxod\.m2\repository\jakarta\activation\jakarta.activation-api\2.1.4\jakarta.activation-api-2.1.4.jar;C:\Users\saxod\.m2\repository\net\bytebuddy\byte-buddy\1.17.8\byte-buddy-1.17.8.jar;C:\Users\saxod\.m2\repository\org\springframework\boot\spring-boot-web-server\4.0.3\spring-boot-web-server-4.0.3.jar;C:\Users\saxod\.m2\repository\org\springframework\boot\spring-boot-starter-security\4.0.3\spring-boot-starter-security-4.0.3.jar;C:\Users\saxod\.m2\repository\org\springframework\boot\spring-boot-security\4.0.3\spring-boot-security-4.0.3.jar;C:\Users\saxod\.m2\repository\org\springframework\security\spring-security-config\7.0.3\spring-security-config-7.0.3.jar;C:\Users\saxod\.m2\repository\org\springframework\security\spring-security-core\7.0.3\spring-security-core-7.0.3.jar;C:\Users\saxod\.m2\repository\org\springframework\security\spring-security-crypto\7.0.3\spring-security-crypto-7.0.3.jar;C:\Users\saxod\.m2\repository\org\springframework\security\spring-security-web\7.0.3\spring-security-web-7.0.3.jar;C:\Users\saxod\.m2\repository\org\springframework\spring-aop\7.0.5\spring-aop-7.0.5.jar;C:\Users\saxod\.m2\repository\org\springframework\spring-beans\7.0.5\spring-beans-7.0.5.jar;C:\Users\saxod\.m2\repository\org\postgresql\postgresql\42.7.10\postgresql-42.7.10.jar;C:\Users\saxod\.m2\repository\org\checkerframework\checker-qual\3.52.0\checker-qual-3.52.0.jar;C:\Users\saxod\.m2\repository\com\mysql\mysql-connector-j\9.6.0\mysql-connector-j-9.6.0.jar
Launcher Type: SUN_STANDARD

[Global flags]
     intx CICompilerCount                          = 3                                         {product} {ergonomic}
     uint ConcGCThreads                            = 1                                         {product} {ergonomic}
     uint G1ConcRefinementThreads                  = 4                                         {product} {ergonomic}
   size_t G1HeapRegionSize                         = 2097152                                   {product} {ergonomic}
   size_t InitialHeapSize                          = 197132288                                 {product} {ergonomic}
   size_t MarkStackSize                            = 4194304                                   {product} {ergonomic}
   size_t MarkStackSizeMax                         = 536870912                                 {product} {ergonomic}
   size_t MaxHeapSize                              = 3128950784                                {product} {ergonomic}
   size_t MaxNewSize                               = 1876951040                                {product} {ergonomic}
   size_t MinHeapDeltaBytes                        = 2097152                                   {product} {ergonomic}
   size_t MinHeapSize                              = 8388608                                   {product} {ergonomic}
    uintx NonNMethodCodeHeapSize                   = 5832704                                {pd product} {ergonomic}
    uintx NonProfiledCodeHeapSize                  = 122945536                              {pd product} {ergonomic}
    uintx ProfiledCodeHeapSize                     = 122880000                              {pd product} {ergonomic}
    uintx ReservedCodeCacheSize                    = 251658240                              {pd product} {ergonomic}
     bool SegmentedCodeCache                       = true                                      {product} {ergonomic}
   size_t SoftMaxHeapSize                          = 3128950784                             {manageable} {ergonomic}
     bool UseCompressedOops                        = true                           {product lp64_product} {ergonomic}
     bool UseG1GC                                  = true                                      {product} {ergonomic}
     bool UseLargePagesIndividualAllocation        = false                                  {pd product} {ergonomic}

Logging:
Log output configuration:
 #0: stdout all=warning uptime,level,tags foldmultilines=false
 #1: stderr all=off uptime,level,tags foldmultilines=false

Environment Variables:
JAVA_HOME=C:\Program Files\Java\jdk-24
PATH=C:\Program Files\Java\jdk-24\bin;C:\Program Files\Common Files\Oracle\Java\javapath;C:\WINDOWS\system32;C:\WINDOWS;C:\WINDOWS\System32\Wbem;C:\WINDOWS\System32\WindowsPowerShell\v1.0\;C:\WINDOWS\System32\OpenSSH\;C:\Program Files\Git\cmd;C:\Program Files\nodejs\;C:\src\flutter\bin;C:\src\gradle-9.0.0\bin;C:\src\spring-3.5.3\bin;C:\Program Files\dotnet\;\C:\Program Files\Java\jdk-24\bin;C:\Users\saxod\AppData\Local\Pub\Cache\bin;C:\Users\saxod\AppData\Local\Android\Sdk\platform-tools;C:\Users\saxod\AppData\Local\Android\Sdk\tools\bin;C:\Users\saxod\AppData\Local\Android\Sdk\emulator;C:\Program Files\MySQL\MySQL Server 8.0\bin;C:\Users\saxod\.local\bin;C:\Program Files\MySQL\MySQL Shell 8.0\bin\;C:\Users\saxod\AppData\Local\Programs\Python\Python314\Scripts\;C:\Users\saxod\AppData\Local\Programs\Python\Python314\;C:\Users\saxod\AppData\Local\Programs\Python\Python310\Scripts\;C:\Users\saxod\AppData\Local\Programs\Python\Python310\;C:\Users\saxod\AppData\Local\Microsoft\WindowsApps;C:\Users\saxod\AppData\Roaming\npm;C:\Users\saxod\AppData\Local\Programs\Microsoft VS Code\bin;C:\Users\saxod\AppData\Local\GitHubDesktop\bin;C:\Users\saxod\.dotnet\tools;C:\Program Files\JetBrains\IntelliJ IDEA 2025.3.2\bin;C:\Users\saxod\AppData\Local\JetBrains\Toolbox\scripts;
USERNAME=saxod
OS=Windows_NT
PROCESSOR_IDENTIFIER=Intel64 Family 6 Model 140 Stepping 1, GenuineIntel
TMP=C:\Users\saxod\AppData\Local\Temp
TEMP=C:\Users\saxod\AppData\Local\Temp




Periodic native trim disabled

---------------  S Y S T E M  ---------------

OS:
 Windows 11 , 64 bit Build 26100 (10.0.26100.7920)
OS uptime: 1 days 19:54 hours
Hyper-V role detected

CPU: total 4 (initial active 4) (2 cores per cpu, 2 threads per core) family 6 model 140 stepping 1 microcode 0xb4, cx8, cmov, fxsr, ht, mmx, 3dnowpref, sse, sse2, sse3, ssse3, sse4.1, sse4.2, popcnt, lzcnt, tsc, tscinvbit, avx, avx2, aes, erms, clmul, bmi1, bmi2, adx, avx512f, avx512dq, avx512cd, avx512bw, avx512vl, sha, fma, vzeroupper, avx512_vpopcntdq, avx512_vpclmulqdq, avx512_vaes, avx512_vnni, clflush, clflushopt, clwb, avx512_vbmi2, avx512_vbmi, hv, rdtscp, rdpid, fsrm, gfni, avx512_bitalg, f16c, cet_ibt, cet_ss, avx512_ifma
Processor Information for processor 0
  Max Mhz: 2901, Current Mhz: 2901, Mhz Limit: 2901
Processor Information for processor 1
  Max Mhz: 2901, Current Mhz: 1100, Mhz Limit: 2901
Processor Information for processor 2
  Max Mhz: 2901, Current Mhz: 2901, Mhz Limit: 2901
Processor Information for processor 3
  Max Mhz: 2901, Current Mhz: 1100, Mhz Limit: 2901

Memory: 4k page, system-wide physical 11930M (932M free)
TotalPageFile size 24985M (AvailPageFile size 14M)
current process WorkingSet (physical memory assigned to process): 320M, peak: 501M
current process commit charge ("private bytes"): 494M, peak: 587M

vm_info: Java HotSpot(TM) 64-Bit Server VM (24.0.1+9-30) for windows-amd64 JRE (24.0.1+9-30), built on 2025-03-05T07:23:45Z with MS VC++ 17.6 (VS2022)

END.
