#
# There is insufficient memory for the Java Runtime Environment to continue.
# Native memory allocation (malloc) failed to allocate 1319568 bytes. Error detail: Chunk::new
# Possible reasons:
#   The system is out of physical RAM or swap space
#   This process is running with CompressedOops enabled, and the Java Heap may be blocking the growth of the native heap
# Possible solutions:
#   Reduce memory load on the system
#   Increase physical memory or swap space
#   Check if swap backing store is full
#   Decrease Java heap size (-Xmx/-Xms)
#   Decrease number of Java threads
#   Decrease Java thread stack sizes (-Xss)
#   Set larger code cache with -XX:ReservedCodeCacheSize=
#   JVM is running with Zero Based Compressed Oops mode in which the Java heap is
#     placed in the first 32GB address space. The Java Heap base address is the
#     maximum limit for the native heap growth. Please use -XX:HeapBaseMinAddress
#     to set the Java Heap base and to place the Java Heap above 32GB virtual address.
# This output file may be truncated or incomplete.
#
#  Out of Memory Error (arena.cpp:162), pid=25380, tid=7588
#
# JRE version: Java(TM) SE Runtime Environment (24.0.1+9) (build 24.0.1+9-30)
# Java VM: Java HotSpot(TM) 64-Bit Server VM (24.0.1+9-30, mixed mode, sharing, tiered, compressed oops, compressed class ptrs, g1 gc, windows-amd64)
# No core dump will be written. Minidumps are not enabled by default on client versions of Windows
#

---------------  S U M M A R Y ------------

Command Line: -javaagent:C:\Program Files\JetBrains\IntelliJ IDEA 2025.3.2\lib\idea_rt.jar=60258 -Dfile.encoding=UTF-8 -Dsun.stdout.encoding=UTF-8 -Dsun.stderr.encoding=UTF-8 com.saxodevs.pos.PosApplication

Host: 11th Gen Intel(R) Core(TM) i3-1115G4 @ 3.00GHz, 4 cores, 11G,  Windows 11 , 64 bit Build 26100 (10.0.26100.7920)
Time: Wed Apr 22 17:14:25 2026 Greenwich Standard Time elapsed time: 26.026986 seconds (0d 0h 0m 26s)

---------------  T H R E A D  ---------------

Current thread (0x00000200586c4420):  JavaThread "C2 CompilerThread0" daemon [_thread_in_native, id=7588, stack(0x000000f102000000,0x000000f102100000) (1024K)]


Current CompileTask:
C2:26027 15510       4       java.util.concurrent.locks.AbstractQueuedSynchronizer::acquireShared (20 bytes)

Stack: [0x000000f102000000,0x000000f102100000]
Native frames: (J=compiled Java code, j=interpreted, Vv=VM code, C=native code)
V  [jvm.dll+0x730739]  (no source info available)
V  [jvm.dll+0x8d9b23]  (no source info available)
V  [jvm.dll+0x8dc00d]  (no source info available)
V  [jvm.dll+0x8dc683]  (no source info available)
V  [jvm.dll+0x2aa086]  (no source info available)
V  [jvm.dll+0xcedef]  (no source info available)
V  [jvm.dll+0xcf04f]  (no source info available)
V  [jvm.dll+0x154d83]  (no source info available)
V  [jvm.dll+0x735f5f]  (no source info available)
V  [jvm.dll+0x26fa1c]  (no source info available)
V  [jvm.dll+0x26ea3f]  (no source info available)
V  [jvm.dll+0x1e9d60]  (no source info available)
V  [jvm.dll+0x27e1fb]  (no source info available)
V  [jvm.dll+0x27c49a]  (no source info available)
V  [jvm.dll+0x42f456]  (no source info available)
V  [jvm.dll+0x87d76b]  (no source info available)
V  [jvm.dll+0x72ee55]  (no source info available)
C  [ucrtbase.dll+0x37b0]  (no source info available)
C  [KERNEL32.DLL+0x2e8d7]  (no source info available)
C  [ntdll.dll+0x8c48c]  (no source info available)

Lock stack of current Java thread (top to bottom):


---------------  P R O C E S S  ---------------

Threads class SMR info:
_java_thread_list=0x00000200a35c4b20, length=35, elements={
0x00000200586b8120, 0x00000200586baf50, 0x00000200586bdc80, 0x00000200586be8a0,
0x00000200586c04d0, 0x00000200586c33a0, 0x00000200586c4420, 0x00000200586c2490,
0x0000020058adb750, 0x000002009e442370, 0x000002009e442ab0, 0x000002009ee77520,
0x000002009eeb5e20, 0x000002009ee9fde0, 0x000002009ef17c20, 0x000002009f22d390,
0x000002009f22b650, 0x00000200a1a6b7d0, 0x00000200a1a69a90, 0x00000200a1a6a1e0,
0x00000200a1a6bf20, 0x00000200a1a6d510, 0x00000200a1a6dc60, 0x00000200a1a6e3b0,
0x00000200a1a6b080, 0x00000200a1a6eb00, 0x00000200a1a700f0, 0x00000200a1a6f250,
0x00000200a1a6f9a0, 0x000002009f22c4f0, 0x000002009f22af00, 0x000002009e5add10,
0x000002009e5afa50, 0x000002009e5b01a0, 0x000002009e5ae460
}

Java Threads: ( => current thread )
  0x00000200586b8120 JavaThread "Reference Handler"          daemon [_thread_blocked, id=21148, stack(0x000000f101a00000,0x000000f101b00000) (1024K)]
  0x00000200586baf50 JavaThread "Finalizer"                  daemon [_thread_blocked, id=948, stack(0x000000f101b00000,0x000000f101c00000) (1024K)]
  0x00000200586bdc80 JavaThread "Signal Dispatcher"          daemon [_thread_blocked, id=22796, stack(0x000000f101c00000,0x000000f101d00000) (1024K)]
  0x00000200586be8a0 JavaThread "Attach Listener"            daemon [_thread_blocked, id=13728, stack(0x000000f101d00000,0x000000f101e00000) (1024K)]
  0x00000200586c04d0 JavaThread "Service Thread"             daemon [_thread_blocked, id=16872, stack(0x000000f101e00000,0x000000f101f00000) (1024K)]
  0x00000200586c33a0 JavaThread "Monitor Deflation Thread"   daemon [_thread_blocked, id=6876, stack(0x000000f101f00000,0x000000f102000000) (1024K)]
=>0x00000200586c4420 JavaThread "C2 CompilerThread0"         daemon [_thread_in_native, id=7588, stack(0x000000f102000000,0x000000f102100000) (1024K)]
  0x00000200586c2490 JavaThread "C1 CompilerThread0"         daemon [_thread_blocked, id=1372, stack(0x000000f102100000,0x000000f102200000) (1024K)]
  0x0000020058adb750 JavaThread "Common-Cleaner"             daemon [_thread_blocked, id=2448, stack(0x000000f102200000,0x000000f102300000) (1024K)]
  0x000002009e442370 JavaThread "Monitor Ctrl-Break"         daemon [_thread_in_native, id=14816, stack(0x000000f102400000,0x000000f102500000) (1024K)]
  0x000002009e442ab0 JavaThread "Notification Thread"        daemon [_thread_blocked, id=23404, stack(0x000000f102500000,0x000000f102600000) (1024K)]
  0x000002009ee77520 JavaThread "RMI TCP Accept-0"           daemon [_thread_in_native, id=15064, stack(0x000000f102600000,0x000000f102700000) (1024K)]
  0x000002009eeb5e20 JavaThread "RMI TCP Connection(1)-172.20.10.5" daemon [_thread_in_native, id=13904, stack(0x000000f102700000,0x000000f102800000) (1024K)]
  0x000002009ee9fde0 JavaThread "RMI Scheduler(0)"           daemon [_thread_blocked, id=12612, stack(0x000000f102800000,0x000000f102900000) (1024K)]
  0x000002009ef17c20 JavaThread "JMX server connection timeout 29" daemon [_thread_blocked, id=20132, stack(0x000000f102900000,0x000000f102a00000) (1024K)]
  0x000002009f22d390 JavaThread "RMI TCP Connection(2)-172.20.10.5" daemon [_thread_in_native, id=22144, stack(0x000000f102f00000,0x000000f103000000) (1024K)]
  0x000002009f22b650 JavaThread "Catalina-utility-1"                [_thread_blocked, id=25064, stack(0x000000f103000000,0x000000f103100000) (1024K)]
  0x00000200a1a6b7d0 JavaThread "Catalina-utility-2"                [_thread_blocked, id=25392, stack(0x000000f103100000,0x000000f103200000) (1024K)]
  0x00000200a1a69a90 JavaThread "container-0"                       [_thread_blocked, id=14912, stack(0x000000f103200000,0x000000f103300000) (1024K)]
  0x00000200a1a6a1e0 JavaThread "mysql-cj-abandoned-connection-cleanup" daemon [_thread_blocked, id=25144, stack(0x000000f103300000,0x000000f103400000) (1024K)]
  0x00000200a1a6bf20 JavaThread "HikariPool-1:housekeeper"   daemon [_thread_blocked, id=17384, stack(0x000000f103500000,0x000000f103600000) (1024K)]
  0x00000200a1a6d510 JavaThread "File Watcher"               daemon [_thread_blocked, id=4396, stack(0x000000f103600000,0x000000f103700000) (1024K)]
  0x00000200a1a6dc60 JavaThread "http-nio-8080-exec-1"       daemon [_thread_blocked, id=25028, stack(0x000000f103700000,0x000000f103800000) (1024K)]
  0x00000200a1a6e3b0 JavaThread "http-nio-8080-exec-2"       daemon [_thread_blocked, id=22692, stack(0x000000f103800000,0x000000f103900000) (1024K)]
  0x00000200a1a6b080 JavaThread "http-nio-8080-exec-3"       daemon [_thread_blocked, id=24564, stack(0x000000f103900000,0x000000f103a00000) (1024K)]
  0x00000200a1a6eb00 JavaThread "http-nio-8080-exec-4"       daemon [_thread_blocked, id=13844, stack(0x000000f103a00000,0x000000f103b00000) (1024K)]
  0x00000200a1a700f0 JavaThread "http-nio-8080-exec-5"       daemon [_thread_blocked, id=1340, stack(0x000000f103b00000,0x000000f103c00000) (1024K)]
  0x00000200a1a6f250 JavaThread "http-nio-8080-exec-6"       daemon [_thread_blocked, id=20752, stack(0x000000f103c00000,0x000000f103d00000) (1024K)]
  0x00000200a1a6f9a0 JavaThread "http-nio-8080-exec-7"       daemon [_thread_blocked, id=7932, stack(0x000000f103d00000,0x000000f103e00000) (1024K)]
  0x000002009f22c4f0 JavaThread "http-nio-8080-exec-8"       daemon [_thread_blocked, id=8520, stack(0x000000f103e00000,0x000000f103f00000) (1024K)]
  0x000002009f22af00 JavaThread "http-nio-8080-exec-9"       daemon [_thread_blocked, id=8528, stack(0x000000f103f00000,0x000000f104000000) (1024K)]
  0x000002009e5add10 JavaThread "http-nio-8080-exec-10"      daemon [_thread_blocked, id=25340, stack(0x000000f104000000,0x000000f104100000) (1024K)]
  0x000002009e5afa50 JavaThread "http-nio-8080-Poller"       daemon [_thread_in_native, id=18396, stack(0x000000f104100000,0x000000f104200000) (1024K)]
  0x000002009e5b01a0 JavaThread "http-nio-8080-Acceptor"     daemon [_thread_in_native, id=19212, stack(0x000000f104200000,0x000000f104300000) (1024K)]
  0x000002009e5ae460 JavaThread "DestroyJavaVM"                     [_thread_blocked, id=24876, stack(0x000000f101200000,0x000000f101300000) (1024K)]
Total: 35

Other Threads:
  0x000002005869ccd0 VMThread "VM Thread"                           [id=14340, stack(0x000000f101900000,0x000000f101a00000) (1024K)]
  0x00000200586921e0 WatcherThread "VM Periodic Task Thread"        [id=24988, stack(0x000000f101800000,0x000000f101900000) (1024K)]
  0x000002003b041f70 WorkerThread "GC Thread#0"                     [id=10272, stack(0x000000f101300000,0x000000f101400000) (1024K)]
  0x000002009ef18360 WorkerThread "GC Thread#1"                     [id=8768, stack(0x000000f102a00000,0x000000f102b00000) (1024K)]
  0x000002009ef18710 WorkerThread "GC Thread#2"                     [id=22728, stack(0x000000f102b00000,0x000000f102c00000) (1024K)]
  0x000002009ee55ba0 WorkerThread "GC Thread#3"                     [id=24536, stack(0x000000f102c00000,0x000000f102d00000) (1024K)]
  0x000002003b0528f0 ConcurrentGCThread "G1 Main Marker"            [id=9824, stack(0x000000f101400000,0x000000f101500000) (1024K)]
  0x000002003b053c10 WorkerThread "G1 Conc#0"                       [id=24592, stack(0x000000f101500000,0x000000f101600000) (1024K)]
  0x000002003b09e6f0 ConcurrentGCThread "G1 Refine#0"               [id=17212, stack(0x000000f101600000,0x000000f101700000) (1024K)]
  0x0000020058560210 ConcurrentGCThread "G1 Service"                [id=12644, stack(0x000000f101700000,0x000000f101800000) (1024K)]
Total: 10

Threads with active compile tasks:
C2 CompilerThread0  26104 15510       4       java.util.concurrent.locks.AbstractQueuedSynchronizer::acquireShared (20 bytes)
Total: 1

VM state: not at safepoint (normal execution)

VM Mutex/Monitor currently owned by a thread: None

Heap address: 0x0000000745800000, size: 2984 MB, Compressed Oops mode: Zero based, Oop shift amount: 3

CDS archive(s) mapped at: [0x0000020059000000-0x0000020059d40000-0x0000020059d40000), size 13893632, SharedBaseAddress: 0x0000020059000000, ArchiveRelocationMode: 1.
Compressed class space mapped at: 0x000002005a000000-0x000002009a000000, reserved size: 1073741824
UseCompressedClassPointers 1, UseCompactObjectHeaders 0
Narrow klass pointer bits 32, Max shift 3
Narrow klass base: 0x0000020059000000, Narrow klass shift: 0
Encoding Range: [0x0000020059000000 - 0x0000020159000000), (4294967296 bytes)
Klass Range:    [0x0000020059000000 - 0x000002009a000000), (1090519040 bytes)
Klass ID Range:  [8 - 1090519033) (1090519025)

GC Precious Log:
 CardTable entry size: 512
 Card Set container configuration: InlinePtr #cards 4 size 8 Array Of Cards #cards 16 size 48 Howl #buckets 8 coarsen threshold 3686 Howl Bitmap #cards 512 size 80 coarsen threshold 460 Card regions per heap region 1 cards per card region 4096
 CPUs: 4 total, 4 available
 Memory: 11930M
 Large Page Support: Disabled
 NUMA Support: Disabled
 Compressed Oops: Enabled (Zero based)
 Heap Region Size: 2M
 Heap Min Capacity: 8M
 Heap Initial Capacity: 188M
 Heap Max Capacity: 2984M
 Pre-touch: Disabled
 Parallel Workers: 4
 Concurrent Workers: 1
 Concurrent Refinement Workers: 4
 Periodic GC: Disabled

Heap:
 garbage-first heap   total reserved 3055616K, committed 206848K, used 120130K [0x0000000745800000, 0x0000000800000000)
  region size 2048K, 26 young (53248K), 4 survivors (8192K)
 Metaspace       used 105827K, committed 106752K, reserved 1179648K
  class space    used 11819K, committed 12224K, reserved 1048576K

Heap Regions: E=young(eden), S=young(survivor), O=old, HS=humongous(starts), HC=humongous(continues), CS=collection set, F=free, TAMS=top-at-mark-start, PB=parsable bottom
|   0|0x0000000745800000, 0x0000000745a00000, 0x0000000745a00000|100%| O|  |TAMS 0x0000000745800000| PB 0x0000000745800000| Untracked |  0
|   1|0x0000000745a00000, 0x0000000745c00000, 0x0000000745c00000|100%| O|  |TAMS 0x0000000745a00000| PB 0x0000000745a00000| Untracked |  0
|   2|0x0000000745c00000, 0x0000000745e00000, 0x0000000745e00000|100%| O|  |TAMS 0x0000000745c00000| PB 0x0000000745c00000| Untracked |  0
|   3|0x0000000745e00000, 0x0000000746000000, 0x0000000746000000|100%| O|  |TAMS 0x0000000745e00000| PB 0x0000000745e00000| Untracked |  0
|   4|0x0000000746000000, 0x0000000746200000, 0x0000000746200000|100%| O|  |TAMS 0x0000000746000000| PB 0x0000000746000000| Untracked |  0
|   5|0x0000000746200000, 0x0000000746400000, 0x0000000746400000|100%| O|  |TAMS 0x0000000746200000| PB 0x0000000746200000| Untracked |  0
|   6|0x0000000746400000, 0x0000000746600000, 0x0000000746600000|100%| O|  |TAMS 0x0000000746400000| PB 0x0000000746400000| Untracked |  0
|   7|0x0000000746600000, 0x0000000746800000, 0x0000000746800000|100%| O|  |TAMS 0x0000000746600000| PB 0x0000000746600000| Untracked |  0
|   8|0x0000000746800000, 0x0000000746a00000, 0x0000000746a00000|100%| O|  |TAMS 0x0000000746800000| PB 0x0000000746800000| Untracked |  0
|   9|0x0000000746a00000, 0x0000000746c00000, 0x0000000746c00000|100%| O|  |TAMS 0x0000000746a00000| PB 0x0000000746a00000| Untracked |  0
|  10|0x0000000746c00000, 0x0000000746e00000, 0x0000000746e00000|100%| O|  |TAMS 0x0000000746c00000| PB 0x0000000746c00000| Untracked |  0
|  11|0x0000000746e00000, 0x0000000747000000, 0x0000000747000000|100%| O|  |TAMS 0x0000000746e00000| PB 0x0000000746e00000| Untracked |  0
|  12|0x0000000747000000, 0x0000000747200000, 0x0000000747200000|100%| O|  |TAMS 0x0000000747000000| PB 0x0000000747000000| Untracked |  0
|  13|0x0000000747200000, 0x0000000747400000, 0x0000000747400000|100%| O|  |TAMS 0x0000000747200000| PB 0x0000000747200000| Untracked |  0
|  14|0x0000000747400000, 0x0000000747600000, 0x0000000747600000|100%| O|  |TAMS 0x0000000747400000| PB 0x0000000747400000| Untracked |  0
|  15|0x0000000747600000, 0x0000000747800000, 0x0000000747800000|100%| O|  |TAMS 0x0000000747600000| PB 0x0000000747600000| Untracked |  0
|  16|0x0000000747800000, 0x0000000747a00000, 0x0000000747a00000|100%| O|  |TAMS 0x0000000747800000| PB 0x0000000747800000| Untracked |  0
|  17|0x0000000747a00000, 0x0000000747c00000, 0x0000000747c00000|100%| O|  |TAMS 0x0000000747a00000| PB 0x0000000747a00000| Untracked |  0
|  18|0x0000000747c00000, 0x0000000747e00000, 0x0000000747e00000|100%| O|  |TAMS 0x0000000747c00000| PB 0x0000000747c00000| Untracked |  0
|  19|0x0000000747e00000, 0x0000000748000000, 0x0000000748000000|100%| O|  |TAMS 0x0000000747e00000| PB 0x0000000747e00000| Untracked |  0
|  20|0x0000000748000000, 0x0000000748200000, 0x0000000748200000|100%| O|  |TAMS 0x0000000748000000| PB 0x0000000748000000| Untracked |  0
|  21|0x0000000748200000, 0x0000000748400000, 0x0000000748400000|100%| O|  |TAMS 0x0000000748200000| PB 0x0000000748200000| Untracked |  0
|  22|0x0000000748400000, 0x0000000748600000, 0x0000000748600000|100%| O|  |TAMS 0x0000000748400000| PB 0x0000000748400000| Untracked |  0
|  23|0x0000000748600000, 0x0000000748800000, 0x0000000748800000|100%| O|  |TAMS 0x0000000748600000| PB 0x0000000748600000| Untracked |  0
|  24|0x0000000748800000, 0x0000000748a00000, 0x0000000748a00000|100%| O|  |TAMS 0x0000000748800000| PB 0x0000000748800000| Untracked |  0
|  25|0x0000000748a00000, 0x0000000748c00000, 0x0000000748c00000|100%| O|  |TAMS 0x0000000748a00000| PB 0x0000000748a00000| Untracked |  0
|  26|0x0000000748c00000, 0x0000000748e00000, 0x0000000748e00000|100%| O|  |TAMS 0x0000000748c00000| PB 0x0000000748c00000| Untracked |  0
|  27|0x0000000748e00000, 0x0000000749000000, 0x0000000749000000|100%| O|  |TAMS 0x0000000748e00000| PB 0x0000000748e00000| Untracked |  0
|  28|0x0000000749000000, 0x0000000749200000, 0x0000000749200000|100%| O|  |TAMS 0x0000000749000000| PB 0x0000000749000000| Untracked |  0
|  29|0x0000000749200000, 0x0000000749400000, 0x0000000749400000|100%| O|  |TAMS 0x0000000749200000| PB 0x0000000749200000| Untracked |  0
|  30|0x0000000749400000, 0x0000000749600000, 0x0000000749600000|100%| O|  |TAMS 0x0000000749400000| PB 0x0000000749400000| Untracked |  0
|  31|0x0000000749600000, 0x0000000749800000, 0x0000000749800000|100%| O|  |TAMS 0x0000000749600000| PB 0x0000000749600000| Untracked |  0
|  32|0x0000000749800000, 0x0000000749a00000, 0x0000000749a00000|100%| O|  |TAMS 0x0000000749800000| PB 0x0000000749800000| Untracked |  0
|  33|0x0000000749a00000, 0x0000000749bcf260, 0x0000000749c00000| 90%| O|  |TAMS 0x0000000749a00000| PB 0x0000000749a00000| Untracked |  0
|  34|0x0000000749c00000, 0x0000000749c00000, 0x0000000749e00000|  0%| F|  |TAMS 0x0000000749c00000| PB 0x0000000749c00000| Untracked |  0
|  35|0x0000000749e00000, 0x0000000749e00000, 0x000000074a000000|  0%| F|  |TAMS 0x0000000749e00000| PB 0x0000000749e00000| Untracked |  0
|  36|0x000000074a000000, 0x000000074a000000, 0x000000074a200000|  0%| F|  |TAMS 0x000000074a000000| PB 0x000000074a000000| Untracked |  0
|  37|0x000000074a200000, 0x000000074a200000, 0x000000074a400000|  0%| F|  |TAMS 0x000000074a200000| PB 0x000000074a200000| Untracked |  0
|  38|0x000000074a400000, 0x000000074a400000, 0x000000074a600000|  0%| F|  |TAMS 0x000000074a400000| PB 0x000000074a400000| Untracked |  0
|  39|0x000000074a600000, 0x000000074a600000, 0x000000074a800000|  0%| F|  |TAMS 0x000000074a600000| PB 0x000000074a600000| Untracked |  0
|  40|0x000000074a800000, 0x000000074a800000, 0x000000074aa00000|  0%| F|  |TAMS 0x000000074a800000| PB 0x000000074a800000| Untracked |  0
|  41|0x000000074aa00000, 0x000000074aa00000, 0x000000074ac00000|  0%| F|  |TAMS 0x000000074aa00000| PB 0x000000074aa00000| Untracked |  0
|  42|0x000000074ac00000, 0x000000074ac00000, 0x000000074ae00000|  0%| F|  |TAMS 0x000000074ac00000| PB 0x000000074ac00000| Untracked |  0
|  43|0x000000074ae00000, 0x000000074ae00000, 0x000000074b000000|  0%| F|  |TAMS 0x000000074ae00000| PB 0x000000074ae00000| Untracked |  0
|  44|0x000000074b000000, 0x000000074b000000, 0x000000074b200000|  0%| F|  |TAMS 0x000000074b000000| PB 0x000000074b000000| Untracked |  0
|  45|0x000000074b200000, 0x000000074b200000, 0x000000074b400000|  0%| F|  |TAMS 0x000000074b200000| PB 0x000000074b200000| Untracked |  0
|  46|0x000000074b400000, 0x000000074b400000, 0x000000074b600000|  0%| F|  |TAMS 0x000000074b400000| PB 0x000000074b400000| Untracked |  0
|  47|0x000000074b600000, 0x000000074b781938, 0x000000074b800000| 75%| S|CS|TAMS 0x000000074b600000| PB 0x000000074b600000| Complete |  0
|  48|0x000000074b800000, 0x000000074ba00000, 0x000000074ba00000|100%| S|CS|TAMS 0x000000074b800000| PB 0x000000074b800000| Complete |  0
|  49|0x000000074ba00000, 0x000000074bc00000, 0x000000074bc00000|100%| S|CS|TAMS 0x000000074ba00000| PB 0x000000074ba00000| Complete |  0
|  50|0x000000074bc00000, 0x000000074be00000, 0x000000074be00000|100%| S|CS|TAMS 0x000000074bc00000| PB 0x000000074bc00000| Complete |  0
|  51|0x000000074be00000, 0x000000074be00000, 0x000000074c000000|  0%| F|  |TAMS 0x000000074be00000| PB 0x000000074be00000| Untracked |  0
|  52|0x000000074c000000, 0x000000074c000000, 0x000000074c200000|  0%| F|  |TAMS 0x000000074c000000| PB 0x000000074c000000| Untracked |  0
|  53|0x000000074c200000, 0x000000074c200000, 0x000000074c400000|  0%| F|  |TAMS 0x000000074c200000| PB 0x000000074c200000| Untracked |  0
|  54|0x000000074c400000, 0x000000074c400000, 0x000000074c600000|  0%| F|  |TAMS 0x000000074c400000| PB 0x000000074c400000| Untracked |  0
|  55|0x000000074c600000, 0x000000074c600000, 0x000000074c800000|  0%| F|  |TAMS 0x000000074c600000| PB 0x000000074c600000| Untracked |  0
|  56|0x000000074c800000, 0x000000074c800000, 0x000000074ca00000|  0%| F|  |TAMS 0x000000074c800000| PB 0x000000074c800000| Untracked |  0
|  57|0x000000074ca00000, 0x000000074ca00000, 0x000000074cc00000|  0%| F|  |TAMS 0x000000074ca00000| PB 0x000000074ca00000| Untracked |  0
|  58|0x000000074cc00000, 0x000000074cc00000, 0x000000074ce00000|  0%| F|  |TAMS 0x000000074cc00000| PB 0x000000074cc00000| Untracked |  0
|  59|0x000000074ce00000, 0x000000074ce00000, 0x000000074d000000|  0%| F|  |TAMS 0x000000074ce00000| PB 0x000000074ce00000| Untracked |  0
|  60|0x000000074d000000, 0x000000074d000000, 0x000000074d200000|  0%| F|  |TAMS 0x000000074d000000| PB 0x000000074d000000| Untracked |  0
|  61|0x000000074d200000, 0x000000074d200000, 0x000000074d400000|  0%| F|  |TAMS 0x000000074d200000| PB 0x000000074d200000| Untracked |  0
|  62|0x000000074d400000, 0x000000074d400000, 0x000000074d600000|  0%| F|  |TAMS 0x000000074d400000| PB 0x000000074d400000| Untracked |  0
|  63|0x000000074d600000, 0x000000074d600000, 0x000000074d800000|  0%| F|  |TAMS 0x000000074d600000| PB 0x000000074d600000| Untracked |  0
|  64|0x000000074d800000, 0x000000074d800000, 0x000000074da00000|  0%| F|  |TAMS 0x000000074d800000| PB 0x000000074d800000| Untracked |  0
|  65|0x000000074da00000, 0x000000074da00000, 0x000000074dc00000|  0%| F|  |TAMS 0x000000074da00000| PB 0x000000074da00000| Untracked |  0
|  66|0x000000074dc00000, 0x000000074dc00000, 0x000000074de00000|  0%| F|  |TAMS 0x000000074dc00000| PB 0x000000074dc00000| Untracked |  0
|  67|0x000000074de00000, 0x000000074de00000, 0x000000074e000000|  0%| F|  |TAMS 0x000000074de00000| PB 0x000000074de00000| Untracked |  0
|  68|0x000000074e000000, 0x000000074e000000, 0x000000074e200000|  0%| F|  |TAMS 0x000000074e000000| PB 0x000000074e000000| Untracked |  0
|  69|0x000000074e200000, 0x000000074e200000, 0x000000074e400000|  0%| F|  |TAMS 0x000000074e200000| PB 0x000000074e200000| Untracked |  0
|  70|0x000000074e400000, 0x000000074e400000, 0x000000074e600000|  0%| F|  |TAMS 0x000000074e400000| PB 0x000000074e400000| Untracked |  0
|  71|0x000000074e600000, 0x000000074e600000, 0x000000074e800000|  0%| F|  |TAMS 0x000000074e600000| PB 0x000000074e600000| Untracked |  0
|  72|0x000000074e800000, 0x000000074e800000, 0x000000074ea00000|  0%| F|  |TAMS 0x000000074e800000| PB 0x000000074e800000| Untracked |  0
|  73|0x000000074ea00000, 0x000000074ea00000, 0x000000074ec00000|  0%| F|  |TAMS 0x000000074ea00000| PB 0x000000074ea00000| Untracked |  0
|  74|0x000000074ec00000, 0x000000074ec00000, 0x000000074ee00000|  0%| F|  |TAMS 0x000000074ec00000| PB 0x000000074ec00000| Untracked |  0
|  75|0x000000074ee00000, 0x000000074ee00000, 0x000000074f000000|  0%| F|  |TAMS 0x000000074ee00000| PB 0x000000074ee00000| Untracked |  0
|  76|0x000000074f000000, 0x000000074f000000, 0x000000074f200000|  0%| F|  |TAMS 0x000000074f000000| PB 0x000000074f000000| Untracked |  0
|  77|0x000000074f200000, 0x000000074f200000, 0x000000074f400000|  0%| F|  |TAMS 0x000000074f200000| PB 0x000000074f200000| Untracked |  0
|  78|0x000000074f400000, 0x000000074f400000, 0x000000074f600000|  0%| F|  |TAMS 0x000000074f400000| PB 0x000000074f400000| Untracked |  0
|  79|0x000000074f600000, 0x000000074f7135f0, 0x000000074f800000| 53%| E|  |TAMS 0x000000074f600000| PB 0x000000074f600000| Complete |  0
|  80|0x000000074f800000, 0x000000074fa00000, 0x000000074fa00000|100%| E|CS|TAMS 0x000000074f800000| PB 0x000000074f800000| Complete |  0
|  81|0x000000074fa00000, 0x000000074fc00000, 0x000000074fc00000|100%| E|CS|TAMS 0x000000074fa00000| PB 0x000000074fa00000| Complete |  0
|  82|0x000000074fc00000, 0x000000074fe00000, 0x000000074fe00000|100%| E|CS|TAMS 0x000000074fc00000| PB 0x000000074fc00000| Complete |  0
|  83|0x000000074fe00000, 0x0000000750000000, 0x0000000750000000|100%| E|CS|TAMS 0x000000074fe00000| PB 0x000000074fe00000| Complete |  0
|  84|0x0000000750000000, 0x0000000750200000, 0x0000000750200000|100%| E|CS|TAMS 0x0000000750000000| PB 0x0000000750000000| Complete |  0
|  85|0x0000000750200000, 0x0000000750400000, 0x0000000750400000|100%| E|CS|TAMS 0x0000000750200000| PB 0x0000000750200000| Complete |  0
|  86|0x0000000750400000, 0x0000000750600000, 0x0000000750600000|100%| E|CS|TAMS 0x0000000750400000| PB 0x0000000750400000| Complete |  0
|  87|0x0000000750600000, 0x0000000750800000, 0x0000000750800000|100%| E|CS|TAMS 0x0000000750600000| PB 0x0000000750600000| Complete |  0
|  88|0x0000000750800000, 0x0000000750a00000, 0x0000000750a00000|100%| E|CS|TAMS 0x0000000750800000| PB 0x0000000750800000| Complete |  0
|  89|0x0000000750a00000, 0x0000000750c00000, 0x0000000750c00000|100%| E|CS|TAMS 0x0000000750a00000| PB 0x0000000750a00000| Complete |  0
|  90|0x0000000750c00000, 0x0000000750e00000, 0x0000000750e00000|100%| E|CS|TAMS 0x0000000750c00000| PB 0x0000000750c00000| Complete |  0
|  91|0x0000000750e00000, 0x0000000751000000, 0x0000000751000000|100%| E|CS|TAMS 0x0000000750e00000| PB 0x0000000750e00000| Complete |  0
|  92|0x0000000751000000, 0x0000000751200000, 0x0000000751200000|100%| E|CS|TAMS 0x0000000751000000| PB 0x0000000751000000| Complete |  0
|  93|0x0000000751200000, 0x0000000751400000, 0x0000000751400000|100%| E|CS|TAMS 0x0000000751200000| PB 0x0000000751200000| Complete |  0
|  94|0x0000000751400000, 0x0000000751600000, 0x0000000751600000|100%| E|CS|TAMS 0x0000000751400000| PB 0x0000000751400000| Complete |  0
|  95|0x0000000751600000, 0x0000000751800000, 0x0000000751800000|100%| E|CS|TAMS 0x0000000751600000| PB 0x0000000751600000| Complete |  0
|  96|0x0000000751800000, 0x0000000751a00000, 0x0000000751a00000|100%| E|CS|TAMS 0x0000000751800000| PB 0x0000000751800000| Complete |  0
|  97|0x0000000751a00000, 0x0000000751c00000, 0x0000000751c00000|100%| E|CS|TAMS 0x0000000751a00000| PB 0x0000000751a00000| Complete |  0
|  98|0x0000000751c00000, 0x0000000751e00000, 0x0000000751e00000|100%| E|CS|TAMS 0x0000000751c00000| PB 0x0000000751c00000| Complete |  0
|1490|0x00000007ffc00000, 0x00000007ffe00000, 0x00000007ffe00000|100%| E|CS|TAMS 0x00000007ffc00000| PB 0x00000007ffc00000| Complete |  0
|1491|0x00000007ffe00000, 0x0000000800000000, 0x0000000800000000|100%| E|CS|TAMS 0x00000007ffe00000| PB 0x00000007ffe00000| Complete |  0

Card table byte_map: [0x0000020052e60000,0x0000020053440000] _byte_map_base: 0x000002004f434000

Marking Bits: (CMBitMap*) 0x000002003b042680
 Bits: [0x0000020053440000, 0x00000200562e0000)

Polling page: 0x0000020038e10000

Metaspace:

Usage:
  Non-class:     91.80 MB used.
      Class:     11.54 MB used.
       Both:    103.35 MB used.

Virtual space:
  Non-class space:      128.00 MB reserved,      92.31 MB ( 72%) committed,  2 nodes.
      Class space:        1.00 GB reserved,      11.94 MB (  1%) committed,  1 nodes.
             Both:        1.12 GB reserved,     104.25 MB (  9%) committed. 

Chunk freelists:
   Non-Class:  3.66 MB
       Class:  4.00 MB
        Both:  7.65 MB

MaxMetaspaceSize: unlimited
CompressedClassSpaceSize: 1.00 GB
Initial GC threshold: 21.00 MB
Current GC threshold: 144.19 MB
CDS: on
 - commit_granule_bytes: 65536.
 - commit_granule_words: 8192.
 - virtual_space_node_default_size: 8388608.
 - enlarge_chunks_in_place: 1.
UseCompressedClassPointers 1, UseCompactObjectHeaders 0
Narrow klass pointer bits 32, Max shift 3
Narrow klass base: 0x0000020059000000, Narrow klass shift: 0
Encoding Range: [0x0000020059000000 - 0x0000020159000000), (4294967296 bytes)
Klass Range:    [0x0000020059000000 - 0x000002009a000000), (1090519040 bytes)
Klass ID Range:  [8 - 1090519033) (1090519025)


Internal statistics:

num_allocs_failed_limit: 3.
num_arena_births: 1264.
num_arena_deaths: 0.
num_vsnodes_births: 3.
num_vsnodes_deaths: 0.
num_space_committed: 1668.
num_space_uncommitted: 0.
num_chunks_returned_to_freelist: 3.
num_chunks_taken_from_freelist: 5022.
num_chunk_merges: 3.
num_chunk_splits: 3607.
num_chunks_enlarged: 2867.
num_inconsistent_stats: 0.

CodeHeap 'non-profiled nmethods': size=120064Kb used=7102Kb max_used=7102Kb free=112961Kb
 bounds [0x000002004b340000, 0x000002004ba30000, 0x0000020052880000]
CodeHeap 'profiled nmethods': size=120000Kb used=24564Kb max_used=24564Kb free=95436Kb
 bounds [0x0000020043880000, 0x0000020045080000, 0x000002004adb0000]
CodeHeap 'non-nmethods': size=5696Kb used=1869Kb max_used=2007Kb free=3826Kb
 bounds [0x000002004adb0000, 0x000002004b020000, 0x000002004b340000]
CodeCache: size=245760Kb, used=33535Kb, max_used=33673Kb, free=212223Kb
 total_blobs=14845, nmethods=14033, adapters=714, full_count=0
Compilation: enabled, stopped_count=0, restarted_count=0

Compilation events (20 events):
Event: 25.970 Thread 0x00000200586c2490 nmethod 15502 0x0000020045077188 code [0x00000200450772c0, 0x0000020045077660]
Event: 25.970 Thread 0x00000200586c2490 15503       3       com.mysql.cj.protocol.a.AbstractValueEncoder$$Lambda/0x000002005abde870::<init> (10 bytes)
Event: 25.970 Thread 0x00000200586c2490 nmethod 15503 0x0000020045077708 code [0x0000020045077820, 0x00000200450779e0]
Event: 25.970 Thread 0x00000200586c2490 15504       3       com.mysql.cj.protocol.a.ByteArrayValueEncoder::getBytes (39 bytes)
Event: 25.970 Thread 0x00000200586c2490 nmethod 15504 0x0000020045077a08 code [0x0000020045077b60, 0x0000020045078038]
Event: 25.970 Thread 0x00000200586c2490 15505       3       com.mysql.cj.protocol.a.AbstractValueEncoder::escapeBytesIfNeeded (167 bytes)
Event: 25.972 Thread 0x00000200586c2490 nmethod 15505 0x0000020045078088 code [0x0000020045078500, 0x000002004507c150]
Event: 25.988 Thread 0x00000200586c2490 15506       3       com.mysql.cj.protocol.a.NativeServerSession::isSetNeededForAutoCommitMode (43 bytes)
Event: 25.989 Thread 0x00000200586c2490 nmethod 15506 0x000002004507c288 code [0x000002004507c3c0, 0x000002004507c7b8]
Event: 25.995 Thread 0x00000200586c4420 15507       4       java.util.concurrent.locks.ReentrantReadWriteLock$Sync::tryReleaseShared (146 bytes)
Event: 25.999 Thread 0x00000200586c4420 nmethod 15507 0x000002004ba2ed08 code [0x000002004ba2ee40, 0x000002004ba2f140]
Event: 26.003 Thread 0x00000200586c4420 15508       4       org.apache.catalina.connector.RequestFacade::getDispatcherType (12 bytes)
Event: 26.005 Thread 0x00000200586c4420 nmethod 15508 0x000002004ba2f208 code [0x000002004ba2f300, 0x000002004ba2f3b0]
Event: 26.005 Thread 0x00000200586c4420 15509       4       java.util.concurrent.ConcurrentHashMap::<init> (73 bytes)
Event: 26.006 Thread 0x00000200586c4420 nmethod 15509 0x000002004ba2f508 code [0x000002004ba2f640, 0x000002004ba2f810]
Event: 26.014 Thread 0x00000200586c4420 15510       4       java.util.concurrent.locks.AbstractQueuedSynchronizer::acquireShared (20 bytes)
Event: 26.017 Thread 0x00000200586c2490 15512       3       org.hibernate.query.spi.Limit::getMaxRowsJpa (20 bytes)
Event: 26.017 Thread 0x00000200586c2490 nmethod 15512 0x000002004507c808 code [0x000002004507c920, 0x000002004507cb38]
Event: 26.023 Thread 0x00000200586c2490 15513       3       org.springframework.core.annotation.AnnotatedMethod$$Lambda/0x000002005aa7d688::apply (16 bytes)
Event: 26.023 Thread 0x00000200586c2490 nmethod 15513 0x000002004507cb88 code [0x000002004507ccc0, 0x000002004507cf90]

GC Heap History (20 events):
Event: 16.390 GC heap before
{Heap before GC invocations=24 (full 0):
 garbage-first heap   total reserved 3055616K, committed 71680K, used 58112K [0x0000000745800000, 0x0000000800000000)
  region size 2048K, 10 young (20480K), 2 survivors (4096K)
 Metaspace       used 84897K, committed 85568K, reserved 1179648K
  class space    used 9439K, committed 9728K, reserved 1048576K
}
Event: 16.396 GC heap after
{Heap after GC invocations=25 (full 0):
 garbage-first heap   total reserved 3055616K, committed 86016K, used 44733K [0x0000000745800000, 0x0000000800000000)
  region size 2048K, 2 young (4096K), 2 survivors (4096K)
 Metaspace       used 84897K, committed 85568K, reserved 1179648K
  class space    used 9439K, committed 9728K, reserved 1048576K
}
Event: 17.005 GC heap before
{Heap before GC invocations=26 (full 0):
 garbage-first heap   total reserved 3055616K, committed 86016K, used 71357K [0x0000000745800000, 0x0000000800000000)
  region size 2048K, 16 young (32768K), 2 survivors (4096K)
 Metaspace       used 87932K, committed 88576K, reserved 1179648K
  class space    used 9867K, committed 10112K, reserved 1048576K
}
Event: 17.013 GC heap after
{Heap after GC invocations=27 (full 0):
 garbage-first heap   total reserved 3055616K, committed 86016K, used 48849K [0x0000000745800000, 0x0000000800000000)
  region size 2048K, 2 young (4096K), 2 survivors (4096K)
 Metaspace       used 87932K, committed 88576K, reserved 1179648K
  class space    used 9867K, committed 10112K, reserved 1048576K
}
Event: 17.116 GC heap before
{Heap before GC invocations=27 (full 0):
 garbage-first heap   total reserved 3055616K, committed 86016K, used 75473K [0x0000000745800000, 0x0000000800000000)
  region size 2048K, 15 young (30720K), 2 survivors (4096K)
 Metaspace       used 87961K, committed 88576K, reserved 1179648K
  class space    used 9867K, committed 10112K, reserved 1048576K
}
Event: 17.132 GC heap after
{Heap after GC invocations=28 (full 0):
 garbage-first heap   total reserved 3055616K, committed 88064K, used 54274K [0x0000000745800000, 0x0000000800000000)
  region size 2048K, 2 young (4096K), 2 survivors (4096K)
 Metaspace       used 87961K, committed 88576K, reserved 1179648K
  class space    used 9867K, committed 10112K, reserved 1048576K
}
Event: 17.202 GC heap before
{Heap before GC invocations=28 (full 0):
 garbage-first heap   total reserved 3055616K, committed 88064K, used 76802K [0x0000000745800000, 0x0000000800000000)
  region size 2048K, 13 young (26624K), 2 survivors (4096K)
 Metaspace       used 87962K, committed 88576K, reserved 1179648K
  class space    used 9867K, committed 10112K, reserved 1048576K
}
Event: 17.212 GC heap after
{Heap after GC invocations=29 (full 0):
 garbage-first heap   total reserved 3055616K, committed 88064K, used 59279K [0x0000000745800000, 0x0000000800000000)
  region size 2048K, 2 young (4096K), 2 survivors (4096K)
 Metaspace       used 87962K, committed 88576K, reserved 1179648K
  class space    used 9867K, committed 10112K, reserved 1048576K
}
Event: 17.287 GC heap before
{Heap before GC invocations=29 (full 0):
 garbage-first heap   total reserved 3055616K, committed 88064K, used 77711K [0x0000000745800000, 0x0000000800000000)
  region size 2048K, 11 young (22528K), 2 survivors (4096K)
 Metaspace       used 87984K, committed 88576K, reserved 1179648K
  class space    used 9869K, committed 10112K, reserved 1048576K
}
Event: 17.294 GC heap after
{Heap after GC invocations=30 (full 0):
 garbage-first heap   total reserved 3055616K, committed 88064K, used 60830K [0x0000000745800000, 0x0000000800000000)
  region size 2048K, 1 young (2048K), 1 survivors (2048K)
 Metaspace       used 87984K, committed 88576K, reserved 1179648K
  class space    used 9869K, committed 10112K, reserved 1048576K
}
Event: 17.420 GC heap before
{Heap before GC invocations=31 (full 0):
 garbage-first heap   total reserved 3055616K, committed 106496K, used 75166K [0x0000000745800000, 0x0000000800000000)
  region size 2048K, 8 young (16384K), 1 survivors (2048K)
 Metaspace       used 88024K, committed 88704K, reserved 1179648K
  class space    used 9884K, committed 10176K, reserved 1048576K
}
Event: 17.424 GC heap after
{Heap after GC invocations=32 (full 0):
 garbage-first heap   total reserved 3055616K, committed 106496K, used 61160K [0x0000000745800000, 0x0000000800000000)
  region size 2048K, 1 young (2048K), 1 survivors (2048K)
 Metaspace       used 88024K, committed 88704K, reserved 1179648K
  class space    used 9884K, committed 10176K, reserved 1048576K
}
Event: 17.509 GC heap before
{Heap before GC invocations=32 (full 0):
 garbage-first heap   total reserved 3055616K, committed 106496K, used 91880K [0x0000000745800000, 0x0000000800000000)
  region size 2048K, 16 young (32768K), 1 survivors (2048K)
 Metaspace       used 88024K, committed 88704K, reserved 1179648K
  class space    used 9884K, committed 10176K, reserved 1048576K
}
Event: 17.515 GC heap after
{Heap after GC invocations=33 (full 0):
 garbage-first heap   total reserved 3055616K, committed 206848K, used 63190K [0x0000000745800000, 0x0000000800000000)
  region size 2048K, 2 young (4096K), 2 survivors (4096K)
 Metaspace       used 88024K, committed 88704K, reserved 1179648K
  class space    used 9884K, committed 10176K, reserved 1048576K
}
Event: 18.142 GC heap before
{Heap before GC invocations=33 (full 0):
 garbage-first heap   total reserved 3055616K, committed 206848K, used 163542K [0x0000000745800000, 0x0000000800000000)
  region size 2048K, 51 young (104448K), 2 survivors (4096K)
 Metaspace       used 88837K, committed 89472K, reserved 1179648K
  class space    used 9956K, committed 10240K, reserved 1048576K
}
Event: 18.157 GC heap after
{Heap after GC invocations=34 (full 0):
 garbage-first heap   total reserved 3055616K, committed 206848K, used 69321K [0x0000000745800000, 0x0000000800000000)
  region size 2048K, 5 young (10240K), 5 survivors (10240K)
 Metaspace       used 88837K, committed 89472K, reserved 1179648K
  class space    used 9956K, committed 10240K, reserved 1048576K
}
Event: 20.487 GC heap before
{Heap before GC invocations=34 (full 0):
 garbage-first heap   total reserved 3055616K, committed 206848K, used 155337K [0x0000000745800000, 0x0000000800000000)
  region size 2048K, 47 young (96256K), 5 survivors (10240K)
 Metaspace       used 99032K, committed 99840K, reserved 1179648K
  class space    used 11316K, committed 11648K, reserved 1048576K
}
Event: 20.506 GC heap after
{Heap after GC invocations=35 (full 0):
 garbage-first heap   total reserved 3055616K, committed 206848K, used 74762K [0x0000000745800000, 0x0000000800000000)
  region size 2048K, 6 young (12288K), 6 survivors (12288K)
 Metaspace       used 99032K, committed 99840K, reserved 1179648K
  class space    used 11316K, committed 11648K, reserved 1048576K
}
Event: 23.864 GC heap before
{Heap before GC invocations=35 (full 0):
 garbage-first heap   total reserved 3055616K, committed 206848K, used 164874K [0x0000000745800000, 0x0000000800000000)
  region size 2048K, 50 young (102400K), 6 survivors (12288K)
 Metaspace       used 105216K, committed 106048K, reserved 1179648K
  class space    used 11809K, committed 12160K, reserved 1048576K
}
Event: 23.879 GC heap after
{Heap after GC invocations=36 (full 0):
 garbage-first heap   total reserved 3055616K, committed 206848K, used 77122K [0x0000000745800000, 0x0000000800000000)
  region size 2048K, 4 young (8192K), 4 survivors (8192K)
 Metaspace       used 105216K, committed 106048K, reserved 1179648K
  class space    used 11809K, committed 12160K, reserved 1048576K
}

Dll operation events (12 events):
Event: 0.015 Loaded shared library C:\Program Files\Java\jdk-24\bin\java.dll
Event: 0.053 Loaded shared library C:\Program Files\Java\jdk-24\bin\jsvml.dll
Event: 0.184 Loaded shared library C:\Program Files\Java\jdk-24\bin\zip.dll
Event: 0.188 Loaded shared library C:\Program Files\Java\jdk-24\bin\instrument.dll
Event: 0.196 Loaded shared library C:\Program Files\Java\jdk-24\bin\net.dll
Event: 0.198 Loaded shared library C:\Program Files\Java\jdk-24\bin\nio.dll
Event: 0.203 Loaded shared library C:\Program Files\Java\jdk-24\bin\zip.dll
Event: 0.221 Loaded shared library C:\Program Files\Java\jdk-24\bin\jimage.dll
Event: 0.377 Loaded shared library C:\Program Files\Java\jdk-24\bin\extnet.dll
Event: 0.392 Loaded shared library C:\Program Files\Java\jdk-24\bin\management.dll
Event: 0.408 Loaded shared library C:\Program Files\Java\jdk-24\bin\management_ext.dll
Event: 4.625 Loaded shared library C:\Program Files\Java\jdk-24\bin\sunmscapi.dll

Deoptimization events (20 events):
Event: 23.052 Thread 0x00000200a1a6eb00 DEOPT PACKING pc=0x000002004b98df50 sp=0x000000f103afa450
Event: 23.052 Thread 0x00000200a1a6eb00 DEOPT UNPACKING pc=0x000002004aed2782 sp=0x000000f103afa3e8 mode 2
Event: 23.098 Thread 0x000002009e5add10 DEOPT PACKING pc=0x00000200449838f2 sp=0x000000f1040f8630
Event: 23.098 Thread 0x000002009e5add10 DEOPT UNPACKING pc=0x000002004ae06642 sp=0x000000f1040f7b80 mode 0
Event: 23.535 Thread 0x00000200a1a6dc60 DEOPT PACKING pc=0x00000200448cb90d sp=0x000000f1037fa180
Event: 23.535 Thread 0x00000200a1a6dc60 DEOPT UNPACKING pc=0x000002004ae06642 sp=0x000000f1037f9758 mode 0
Event: 23.591 Thread 0x00000200a1a6dc60 DEOPT PACKING pc=0x00000200439c342f sp=0x000000f1037f79e0
Event: 23.591 Thread 0x00000200a1a6dc60 DEOPT UNPACKING pc=0x000002004ae06642 sp=0x000000f1037f6e60 mode 0
Event: 23.897 Thread 0x000002009e442ab0 Uncommon trap: trap_request=0xffffff66 fr.pc=0x000002004b9bb074 relative=0x0000000000000154
Event: 23.897 Thread 0x000002009e442ab0 Uncommon trap: reason=speculate_class_check action=maybe_recompile pc=0x000002004b9bb074 method=java.util.Collections.unmodifiableList(Ljava/util/List;)Ljava/util/List; @ 25 c2
Event: 23.897 Thread 0x000002009e442ab0 DEOPT PACKING pc=0x000002004b9bb074 sp=0x000000f1025fef00
Event: 23.897 Thread 0x000002009e442ab0 DEOPT UNPACKING pc=0x000002004aed2782 sp=0x000000f1025feea0 mode 2
Event: 23.900 Thread 0x000002009e442ab0 Uncommon trap: trap_request=0xffffff66 fr.pc=0x000002004b9bb074 relative=0x0000000000000154
Event: 23.900 Thread 0x000002009e442ab0 Uncommon trap: reason=speculate_class_check action=maybe_recompile pc=0x000002004b9bb074 method=java.util.Collections.unmodifiableList(Ljava/util/List;)Ljava/util/List; @ 25 c2
Event: 23.900 Thread 0x000002009e442ab0 DEOPT PACKING pc=0x000002004b9bb074 sp=0x000000f1025fef00
Event: 23.900 Thread 0x000002009e442ab0 DEOPT UNPACKING pc=0x000002004aed2782 sp=0x000000f1025feea0 mode 2
Event: 23.913 Thread 0x000002009e442ab0 Uncommon trap: trap_request=0xffffffc6 fr.pc=0x000002004b992888 relative=0x0000000000000288
Event: 23.913 Thread 0x000002009e442ab0 Uncommon trap: reason=bimorphic_or_optimized_type_check action=maybe_recompile pc=0x000002004b992888 method=io.micrometer.core.instrument.Tags.and(Ljava/lang/Iterable;)Lio/micrometer/core/instrument/Tags; @ 12 c2
Event: 23.913 Thread 0x000002009e442ab0 DEOPT PACKING pc=0x000002004b992888 sp=0x000000f1025ff1c0
Event: 23.913 Thread 0x000002009e442ab0 DEOPT UNPACKING pc=0x000002004aed2782 sp=0x000000f1025ff170 mode 2

Classes loaded (20 events):
Event: 21.147 Loading class sun/util/locale/provider/CalendarNameProviderImpl$LengthBasedComparator
Event: 21.148 Loading class sun/util/locale/provider/CalendarNameProviderImpl$LengthBasedComparator done
Event: 21.148 Loading class sun/text/resources/FormatData
Event: 21.151 Loading class sun/text/resources/FormatData done
Event: 21.151 Loading class java/util/concurrent/atomic/AtomicMarkableReference
Event: 21.152 Loading class java/util/concurrent/atomic/AtomicMarkableReference done
Event: 21.152 Loading class java/util/concurrent/atomic/AtomicMarkableReference$Pair
Event: 21.152 Loading class java/util/concurrent/atomic/AtomicMarkableReference$Pair done
Event: 21.152 Loading class sun/text/resources/FormatData_en
Event: 21.152 Loading class sun/text/resources/FormatData_en done
Event: 21.152 Loading class sun/util/resources/LocaleData$SupplementaryStrategy
Event: 21.152 Loading class sun/util/resources/LocaleData$SupplementaryStrategy done
Event: 21.152 Loading class sun/text/resources/JavaTimeSupplementary
Event: 21.152 Loading class sun/text/resources/JavaTimeSupplementary done
Event: 21.166 Loading class sun/util/resources/ParallelListResourceBundle$KeySet
Event: 21.166 Loading class sun/util/resources/ParallelListResourceBundle$KeySet done
Event: 21.223 Loading class java/math/BigDecimal$StringBuilderHelper
Event: 21.223 Loading class sun/util/locale/provider/CalendarDataUtility$CalendarFieldValueNameGetter
Event: 21.223 Loading class java/math/BigDecimal$StringBuilderHelper done
Event: 21.223 Loading class sun/util/locale/provider/CalendarDataUtility$CalendarFieldValueNameGetter done

Classes unloaded (0 events):
No events

Classes redefined (0 events):
No events

Internal exceptions (20 events):
Event: 20.301 Thread 0x000002009f0e1f90 Exception <a 'java/lang/NoSuchMethodError'{0x000000074dbffce8}: 'java.lang.Object java.lang.invoke.DirectMethodHandle$Holder.invokeStatic(java.lang.Object, java.lang.Object, java.lang.Object, java.lang.Object, java.lang.Object, java.lang.Object, java.lang.Object, java.lang.Object, java.lang.Object, int)'> (0x000000074dbffce8) 
thrown [s\open\src\hotspot\share\interpreter\linkResolver.cpp, line 805]
Event: 20.335 Thread 0x000002009f0e1f90 Exception <a 'java/lang/NoSuchMethodError'{0x000000074d6ac220}: 'java.lang.Object java.lang.invoke.DirectMethodHandle$Holder.newInvokeSpecial(java.lang.Object, java.lang.Object, int, int)'> (0x000000074d6ac220) 
thrown [s\open\src\hotspot\share\interpreter\linkResolver.cpp, line 805]
Event: 20.340 Thread 0x000002009f0e1f90 Exception <a 'java/lang/NoSuchMethodError'{0x000000074d6f22e0}: 'void java.lang.invoke.DirectMethodHandle$Holder.invokeStatic(java.lang.Object, java.lang.Object, int, int, java.lang.Object)'> (0x000000074d6f22e0) 
thrown [s\open\src\hotspot\share\interpreter\linkResolver.cpp, line 805]
Event: 20.346 Thread 0x000002009f0e1f90 Exception <a 'java/lang/NoSuchMethodError'{0x000000074d421e58}: 'void java.lang.invoke.DirectMethodHandle$Holder.invokeSpecialIFC(java.lang.Object, java.lang.Object, int, java.lang.Object, java.lang.Object, java.lang.Object, java.lang.Object)'> (0x000000074d421e58) 
thrown [s\open\src\hotspot\share\interpreter\linkResolver.cpp, line 805]
Event: 20.404 Thread 0x000002009f0e1f90 Exception <a 'java/lang/NoSuchMethodError'{0x000000074d294a00}: 'java.lang.Object java.lang.invoke.DirectMethodHandle$Holder.newInvokeSpecial(java.lang.Object, java.lang.Object, java.lang.Object, long)'> (0x000000074d294a00) 
thrown [s\open\src\hotspot\share\interpreter\linkResolver.cpp, line 805]
Event: 20.404 Thread 0x000002009f0e1f90 Exception <a 'java/lang/NoSuchMethodError'{0x000000074d29cf00}: 'java.lang.Object java.lang.invoke.Invokers$Holder.linkToTargetMethod(java.lang.Object, java.lang.Object, long, java.lang.Object)'> (0x000000074d29cf00) 
thrown [s\open\src\hotspot\share\interpreter\linkResolver.cpp, line 805]
Event: 20.448 Thread 0x000002009f0e1f90 Exception <a 'java/lang/IncompatibleClassChangeError'{0x000000074d0b2b50}: Found class java.lang.Object, but interface was expected> (0x000000074d0b2b50) 
thrown [s\open\src\hotspot\share\interpreter\linkResolver.cpp, line 872]
Event: 20.590 Thread 0x000002009e442ab0 Implicit null exception at 0x000002004b4988db to 0x000002004b498a78
Event: 20.590 Thread 0x000002009e442ab0 Implicit null exception at 0x000002004b548d4d to 0x000002004b548ecd
Event: 20.642 Thread 0x000002009e442ab0 Exception <a 'java/lang/NoSuchMethodError'{0x00000007fff03c48}: 'long java.lang.invoke.DirectMethodHandle$Holder.invokeStatic(java.lang.Object, java.lang.Object, java.lang.Object)'> (0x00000007fff03c48) 
thrown [s\open\src\hotspot\share\interpreter\linkResolver.cpp, line 805]
Event: 20.644 Thread 0x000002009e442ab0 Exception <a 'java/lang/NoSuchMethodError'{0x00000007fff13690}: 'long java.lang.invoke.DirectMethodHandle$Holder.invokeStatic(java.lang.Object, long, long)'> (0x00000007fff13690) 
thrown [s\open\src\hotspot\share\interpreter\linkResolver.cpp, line 805]
Event: 21.084 Thread 0x00000200a1a6e3b0 Exception <a 'java/lang/IncompatibleClassChangeError'{0x00000007518618a8}: Found class java.lang.Object, but interface was expected> (0x00000007518618a8) 
thrown [s\open\src\hotspot\share\interpreter\linkResolver.cpp, line 872]
Event: 21.084 Thread 0x00000200a1a6f250 Exception <a 'java/lang/IncompatibleClassChangeError'{0x00000007516110e8}: Found class java.lang.Object, but interface was expected> (0x00000007516110e8) 
thrown [s\open\src\hotspot\share\interpreter\linkResolver.cpp, line 872]
Event: 21.110 Thread 0x00000200a1a6f250 Exception <a 'java/lang/IncompatibleClassChangeError'{0x000000075148e498}: Found class java.lang.Object, but interface was expected> (0x000000075148e498) 
thrown [s\open\src\hotspot\share\interpreter\linkResolver.cpp, line 872]
Event: 21.179 Thread 0x000002009f22c4f0 Exception <a 'java/lang/NoSuchMethodError'{0x00000007510637d8}: 'void java.lang.invoke.Invokers$Holder.invokeExact_MT(java.lang.Object, java.lang.Object, int, java.lang.Object)'> (0x00000007510637d8) 
thrown [s\open\src\hotspot\share\interpreter\linkResolver.cpp, line 805]
Event: 22.539 Thread 0x000002009f22af00 Implicit null exception at 0x000002004b94e019 to 0x000002004b94ea24
Event: 22.542 Thread 0x000002009f22c4f0 Implicit null exception at 0x000002004b94e019 to 0x000002004b94ea24
Event: 22.546 Thread 0x000002009e5add10 Implicit null exception at 0x000002004b94e019 to 0x000002004b94ea24
Event: 22.548 Thread 0x000002009f22c4f0 Implicit null exception at 0x000002004b94e019 to 0x000002004b94ea24
Event: 26.025 Thread 0x00000200a1a6e3b0 Exception <a 'java/net/SocketException'{0x000000074f88cae0}: Connection reset by peer: shutdown> (0x000000074f88cae0) 
thrown [s\open\src\hotspot\share\prims\jni.cpp, line 536]

VM Operations (20 events):
Event: 20.313 Executing VM operation: HandshakeAllThreads (Deoptimize)
Event: 20.314 Executing VM operation: HandshakeAllThreads (Deoptimize) done
Event: 20.316 Executing VM operation: HandshakeAllThreads (Deoptimize)
Event: 20.316 Executing VM operation: HandshakeAllThreads (Deoptimize) done
Event: 20.415 Executing VM operation: HandshakeAllThreads (Deoptimize)
Event: 20.415 Executing VM operation: HandshakeAllThreads (Deoptimize) done
Event: 20.454 Executing VM operation: HandshakeAllThreads (Deoptimize)
Event: 20.454 Executing VM operation: HandshakeAllThreads (Deoptimize) done
Event: 20.487 Executing VM operation: G1CollectForAllocation (G1 Evacuation Pause)
Event: 20.506 Executing VM operation: G1CollectForAllocation (G1 Evacuation Pause) done
Event: 20.960 Executing VM operation: HandshakeAllThreads (Deoptimize)
Event: 20.960 Executing VM operation: HandshakeAllThreads (Deoptimize) done
Event: 21.042 Executing VM operation: HandshakeAllThreads (Deoptimize)
Event: 21.042 Executing VM operation: HandshakeAllThreads (Deoptimize) done
Event: 21.076 Executing VM operation: HandshakeAllThreads (Deoptimize)
Event: 21.077 Executing VM operation: HandshakeAllThreads (Deoptimize) done
Event: 21.474 Executing VM operation: HandshakeAllThreads (Deoptimize)
Event: 21.474 Executing VM operation: HandshakeAllThreads (Deoptimize) done
Event: 23.864 Executing VM operation: G1CollectForAllocation (G1 Evacuation Pause)
Event: 23.879 Executing VM operation: G1CollectForAllocation (G1 Evacuation Pause) done

Memory protections (0 events):
No events

Nmethod flushes (20 events):
Event: 17.329 Thread 0x000002005869ccd0 flushing  nmethod 0x0000020043aa6888
Event: 17.329 Thread 0x000002005869ccd0 flushing  nmethod 0x0000020043afaf88
Event: 17.329 Thread 0x000002005869ccd0 flushing  nmethod 0x0000020043afe988
Event: 17.329 Thread 0x000002005869ccd0 flushing  nmethod 0x0000020043b23e88
Event: 17.329 Thread 0x000002005869ccd0 flushing  nmethod 0x0000020043b4f008
Event: 17.329 Thread 0x000002005869ccd0 flushing  nmethod 0x0000020043b96f88
Event: 17.329 Thread 0x000002005869ccd0 flushing  nmethod 0x0000020043b97488
Event: 17.329 Thread 0x000002005869ccd0 flushing  nmethod 0x0000020043c77088
Event: 17.329 Thread 0x000002005869ccd0 flushing  nmethod 0x0000020043d8d508
Event: 17.329 Thread 0x000002005869ccd0 flushing  nmethod 0x0000020043d91608
Event: 17.329 Thread 0x000002005869ccd0 flushing  nmethod 0x0000020043f85508
Event: 17.329 Thread 0x000002005869ccd0 flushing  nmethod 0x00000200440c6b88
Event: 17.329 Thread 0x000002005869ccd0 flushing  nmethod 0x00000200440fd588
Event: 17.329 Thread 0x000002005869ccd0 flushing  nmethod 0x0000020044184a88
Event: 17.329 Thread 0x000002005869ccd0 flushing  nmethod 0x00000200441e7508
Event: 17.329 Thread 0x000002005869ccd0 flushing  nmethod 0x0000020044226908
Event: 17.329 Thread 0x000002005869ccd0 flushing  nmethod 0x0000020044226c08
Event: 17.329 Thread 0x000002005869ccd0 flushing  nmethod 0x0000020044227d88
Event: 17.329 Thread 0x000002005869ccd0 flushing  nmethod 0x00000200444d8a08
Event: 17.329 Thread 0x000002005869ccd0 flushing  nmethod 0x00000200444d9208

Events (20 events):
Event: 16.437 Thread 0x00000200586c2490 Thread added: 0x000002009f9d5490
Event: 17.171 Thread 0x00000200a1a68bf0 Thread exited: 0x00000200a1a68bf0
Event: 19.776 Thread 0x000002009f0e1f90 Thread added: 0x00000200a1a6d510
Event: 20.132 Thread 0x000002009f0e1f90 Thread added: 0x00000200a1a6dc60
Event: 20.132 Thread 0x000002009f0e1f90 Thread added: 0x00000200a1a6e3b0
Event: 20.132 Thread 0x000002009f0e1f90 Thread added: 0x00000200a1a6b080
Event: 20.132 Thread 0x000002009f0e1f90 Thread added: 0x00000200a1a6eb00
Event: 20.132 Thread 0x000002009f0e1f90 Thread added: 0x00000200a1a700f0
Event: 20.132 Thread 0x000002009f0e1f90 Thread added: 0x00000200a1a6f250
Event: 20.132 Thread 0x000002009f0e1f90 Thread added: 0x00000200a1a6f9a0
Event: 20.133 Thread 0x000002009f0e1f90 Thread added: 0x000002009f22c4f0
Event: 20.133 Thread 0x000002009f0e1f90 Thread added: 0x000002009f22af00
Event: 20.133 Thread 0x000002009f0e1f90 Thread added: 0x000002009e5add10
Event: 20.146 Thread 0x000002009f0e1f90 Thread added: 0x000002009e5afa50
Event: 20.147 Thread 0x000002009f0e1f90 Thread added: 0x000002009e5b01a0
Event: 20.485 Thread 0x000002009f0e1f90 Thread exited: 0x000002009f0e1f90
Event: 20.487 Thread 0x000002009f0deb30 Thread exited: 0x000002009f0deb30
Event: 20.623 Thread 0x000002003afee230 Thread exited: 0x000002003afee230
Event: 20.623 Thread 0x000002009e5ae460 Thread added: 0x000002009e5ae460
Event: 25.095 Thread 0x000002009f9d5490 Thread exited: 0x000002009f9d5490


Dynamic libraries:
0x00007ff7e5bf0000 - 0x00007ff7e5c00000 	C:\Program Files\Java\jdk-24\bin\java.exe
0x00007ffc865e0000 - 0x00007ffc86847000 	C:\WINDOWS\SYSTEM32\ntdll.dll
0x00007ffc85080000 - 0x00007ffc85149000 	C:\WINDOWS\System32\KERNEL32.DLL
0x00007ffc83020000 - 0x00007ffc83411000 	C:\WINDOWS\System32\KERNELBASE.dll
0x00007ffc841a0000 - 0x00007ffc842eb000 	C:\WINDOWS\System32\ucrtbase.dll
0x00007ffc7dea0000 - 0x00007ffc7deb6000 	C:\Program Files\Java\jdk-24\bin\jli.dll
0x00007ffc7de60000 - 0x00007ffc7de7b000 	C:\Program Files\Java\jdk-24\bin\VCRUNTIME140.dll
0x00007ffc844a0000 - 0x00007ffc84665000 	C:\WINDOWS\System32\USER32.dll
0x00007ffc64cf0000 - 0x00007ffc64f83000 	C:\WINDOWS\WinSxS\amd64_microsoft.windows.common-controls_6595b64144ccf1df_6.0.26100.7922_none_3e089e1ee3342171\COMCTL32.dll
0x00007ffc84170000 - 0x00007ffc84197000 	C:\WINDOWS\System32\win32u.dll
0x00007ffc859f0000 - 0x00007ffc85a99000 	C:\WINDOWS\System32\msvcrt.dll
0x00007ffc86050000 - 0x00007ffc8607b000 	C:\WINDOWS\System32\GDI32.dll
0x00007ffc84040000 - 0x00007ffc8416a000 	C:\WINDOWS\System32\gdi32full.dll
0x00007ffc82ec0000 - 0x00007ffc82f63000 	C:\WINDOWS\System32\msvcp_win.dll
0x00007ffc86430000 - 0x00007ffc86461000 	C:\WINDOWS\System32\IMM32.DLL
0x00007ffc7fee0000 - 0x00007ffc7feec000 	C:\Program Files\Java\jdk-24\bin\vcruntime140_1.dll
0x00007ffc75370000 - 0x00007ffc753fe000 	C:\Program Files\Java\jdk-24\bin\msvcp140.dll
0x00007ffbb08d0000 - 0x00007ffbb1672000 	C:\Program Files\Java\jdk-24\bin\server\jvm.dll
0x00007ffc862a0000 - 0x00007ffc8635b000 	C:\WINDOWS\System32\ADVAPI32.dll
0x00007ffc84380000 - 0x00007ffc84427000 	C:\WINDOWS\System32\sechost.dll
0x00007ffc86470000 - 0x00007ffc86588000 	C:\WINDOWS\System32\RPCRT4.dll
0x00007ffc84670000 - 0x00007ffc846e4000 	C:\WINDOWS\System32\WS2_32.dll
0x00007ffc82d20000 - 0x00007ffc82d7e000 	C:\WINDOWS\SYSTEM32\POWRPROF.dll
0x00007ffc7b250000 - 0x00007ffc7b285000 	C:\WINDOWS\SYSTEM32\WINMM.dll
0x00007ffc71030000 - 0x00007ffc7103b000 	C:\WINDOWS\SYSTEM32\VERSION.dll
0x00007ffc82d00000 - 0x00007ffc82d14000 	C:\WINDOWS\SYSTEM32\UMPDC.dll
0x00007ffc81c50000 - 0x00007ffc81c6b000 	C:\WINDOWS\SYSTEM32\kernel.appcore.dll
0x00007ffc7de90000 - 0x00007ffc7de9a000 	C:\Program Files\Java\jdk-24\bin\jimage.dll
0x00007ffc80fb0000 - 0x00007ffc811f2000 	C:\WINDOWS\SYSTEM32\DBGHELP.DLL
0x00007ffc85cc0000 - 0x00007ffc86042000 	C:\WINDOWS\System32\combase.dll
0x00007ffc858b0000 - 0x00007ffc85987000 	C:\WINDOWS\System32\OLEAUT32.dll
0x00007ffc5fe30000 - 0x00007ffc5fe6b000 	C:\WINDOWS\SYSTEM32\dbgcore.DLL
0x00007ffc82f70000 - 0x00007ffc83015000 	C:\WINDOWS\System32\bcryptPrimitives.dll
0x00007ffc75350000 - 0x00007ffc7535f000 	C:\Program Files\Java\jdk-24\bin\instrument.dll
0x00007ffc7ddf0000 - 0x00007ffc7de0e000 	C:\Program Files\Java\jdk-24\bin\java.dll
0x00007ffc85b20000 - 0x00007ffc85cb5000 	C:\WINDOWS\System32\ole32.dll
0x00007ffc84910000 - 0x00007ffc8506f000 	C:\WINDOWS\System32\SHELL32.dll
0x00007ffc835a0000 - 0x00007ffc8370a000 	C:\WINDOWS\System32\wintypes.dll
0x00007ffc837d0000 - 0x00007ffc84034000 	C:\WINDOWS\System32\windows.storage.dll
0x00007ffc85210000 - 0x00007ffc85307000 	C:\WINDOWS\System32\SHCORE.dll
0x00007ffc84430000 - 0x00007ffc84497000 	C:\WINDOWS\System32\shlwapi.dll
0x00007ffc82de0000 - 0x00007ffc82e09000 	C:\WINDOWS\SYSTEM32\profapi.dll
0x00007ffc56ab0000 - 0x00007ffc56b87000 	C:\Program Files\Java\jdk-24\bin\jsvml.dll
0x00007ffc7d9d0000 - 0x00007ffc7d9e7000 	C:\Program Files\Java\jdk-24\bin\zip.dll
0x00007ffc7db70000 - 0x00007ffc7db80000 	C:\Program Files\Java\jdk-24\bin\net.dll
0x00007ffc821c0000 - 0x00007ffc8222b000 	C:\WINDOWS\system32\mswsock.dll
0x00007ffc7db20000 - 0x00007ffc7db36000 	C:\Program Files\Java\jdk-24\bin\nio.dll
0x00007ffc81720000 - 0x00007ffc8184a000 	C:\WINDOWS\SYSTEM32\DNSAPI.dll
0x00007ffc816e0000 - 0x00007ffc81713000 	C:\WINDOWS\SYSTEM32\IPHLPAPI.DLL
0x00007ffc857a0000 - 0x00007ffc857aa000 	C:\WINDOWS\System32\NSI.dll
0x00007ffc72040000 - 0x00007ffc7204b000 	C:\Windows\System32\rasadhlp.dll
0x00007ffc7b0c0000 - 0x00007ffc7b146000 	C:\WINDOWS\System32\fwpuclnt.dll
0x00007ffc7d9c0000 - 0x00007ffc7d9c9000 	C:\Program Files\Java\jdk-24\bin\extnet.dll
0x00007ffc7d2c0000 - 0x00007ffc7d2ca000 	C:\Program Files\Java\jdk-24\bin\management.dll
0x00007ffc7d2b0000 - 0x00007ffc7d2bb000 	C:\Program Files\Java\jdk-24\bin\management_ext.dll
0x00007ffc86080000 - 0x00007ffc86088000 	C:\WINDOWS\System32\PSAPI.DLL
0x00007ffc824a0000 - 0x00007ffc824bb000 	C:\WINDOWS\SYSTEM32\CRYPTSP.dll
0x00007ffc81bb0000 - 0x00007ffc81be9000 	C:\WINDOWS\system32\rsaenh.dll
0x00007ffc82270000 - 0x00007ffc822a2000 	C:\WINDOWS\SYSTEM32\USERENV.dll
0x00007ffc82db0000 - 0x00007ffc82dda000 	C:\WINDOWS\SYSTEM32\bcrypt.dll
0x00007ffc824c0000 - 0x00007ffc824cc000 	C:\WINDOWS\SYSTEM32\CRYPTBASE.dll
0x00007ffc58b60000 - 0x00007ffc58b78000 	C:\WINDOWS\system32\napinsp.dll
0x00007ffc58b40000 - 0x00007ffc58b56000 	C:\WINDOWS\system32\wshbth.dll
0x00007ffc58b10000 - 0x00007ffc58b32000 	C:\WINDOWS\system32\nlansp_c.dll
0x00007ffc58af0000 - 0x00007ffc58b02000 	C:\WINDOWS\System32\winrnr.dll
0x00007ffc5c9d0000 - 0x00007ffc5ca26000 	C:\WINDOWS\SYSTEM32\pdh.dll
0x00007ffc59440000 - 0x00007ffc59452000 	C:\WINDOWS\System32\perfproc.dll
0x00007ffc75680000 - 0x00007ffc7568e000 	C:\Program Files\Java\jdk-24\bin\sunmscapi.dll
0x00007ffc83420000 - 0x00007ffc83597000 	C:\WINDOWS\System32\CRYPT32.dll
0x00007ffc826c0000 - 0x00007ffc826f0000 	C:\WINDOWS\SYSTEM32\ncrypt.dll
0x00007ffc82670000 - 0x00007ffc826af000 	C:\WINDOWS\SYSTEM32\NTASN1.dll
0x00007ffc593b0000 - 0x00007ffc593c1000 	C:\WINDOWS\System32\perfos.dll
0x00007ffc812c0000 - 0x00007ffc812d2000 	C:\WINDOWS\SYSTEM32\pfclient.dll
0x00007ffc565c0000 - 0x00007ffc565c8000 	C:\WINDOWS\system32\wshunix.dll

JVMTI agents:
C:\Program Files\JetBrains\IntelliJ IDEA 2025.3.2\lib\idea_rt.jar path:C:\Program Files\Java\jdk-24\bin\instrument.dll, loaded, initialized, instrumentlib options:60258

dbghelp: loaded successfully - version: 4.0.5 - missing functions: none
symbol engine: initialized successfully - sym options: 0x614 - pdb path: .;C:\Program Files\Java\jdk-24\bin;C:\WINDOWS\SYSTEM32;C:\WINDOWS\WinSxS\amd64_microsoft.windows.common-controls_6595b64144ccf1df_6.0.26100.7922_none_3e089e1ee3342171;C:\Program Files\Java\jdk-24\bin\server

VM Arguments:
jvm_args: -javaagent:C:\Program Files\JetBrains\IntelliJ IDEA 2025.3.2\lib\idea_rt.jar=60258 -Dfile.encoding=UTF-8 -Dsun.stdout.encoding=UTF-8 -Dsun.stderr.encoding=UTF-8 
java_command: com.saxodevs.pos.PosApplication
java_class_path (initial): C:\Users\saxod\Desktop\Level 300\ADVANCED JAVA\MINI PROJECT IV\pos\target\classes;C:\Users\saxod\.m2\repository\org\springframework\boot\spring-boot-starter-actuator\4.0.3\spring-boot-starter-actuator-4.0.3.jar;C:\Users\saxod\.m2\repository\org\springframework\boot\spring-boot-starter\4.0.3\spring-boot-starter-4.0.3.jar;C:\Users\saxod\.m2\repository\org\springframework\boot\spring-boot-starter-logging\4.0.3\spring-boot-starter-logging-4.0.3.jar;C:\Users\saxod\.m2\repository\ch\qos\logback\logback-classic\1.5.32\logback-classic-1.5.32.jar;C:\Users\saxod\.m2\repository\ch\qos\logback\logback-core\1.5.32\logback-core-1.5.32.jar;C:\Users\saxod\.m2\repository\org\apache\logging\log4j\log4j-to-slf4j\2.25.3\log4j-to-slf4j-2.25.3.jar;C:\Users\saxod\.m2\repository\org\apache\logging\log4j\log4j-api\2.25.3\log4j-api-2.25.3.jar;C:\Users\saxod\.m2\repository\org\slf4j\jul-to-slf4j\2.0.17\jul-to-slf4j-2.0.17.jar;C:\Users\saxod\.m2\repository\jakarta\annotation\jakarta.annotation-api\3.0.0\jakarta.annotation-api-3.0.0.jar;C:\Users\saxod\.m2\repository\org\yaml\snakeyaml\2.5\snakeyaml-2.5.jar;C:\Users\saxod\.m2\repository\org\springframework\boot\spring-boot-starter-micrometer-metrics\4.0.3\spring-boot-starter-micrometer-metrics-4.0.3.jar;C:\Users\saxod\.m2\repository\org\springframework\boot\spring-boot-micrometer-metrics\4.0.3\spring-boot-micrometer-metrics-4.0.3.jar;C:\Users\saxod\.m2\repository\org\springframework\boot\spring-boot-micrometer-observation\4.0.3\spring-boot-micrometer-observation-4.0.3.jar;C:\Users\saxod\.m2\repository\org\springframework\boot\spring-boot-actuator-autoconfigure\4.0.3\spring-boot-actuator-autoconfigure-4.0.3.jar;C:\Users\saxod\.m2\repository\org\springframework\boot\spring-boot-actuator\4.0.3\spring-boot-actuator-4.0.3.jar;C:\Users\saxod\.m2\repository\org\springframework\boot\spring-boot-health\4.0.3\spring-boot-health-4.0.3.jar;C:\Users\saxod\.m2\repository\io\micrometer\micrometer-observation\1.16.3\micrometer-observation-1.16.3.jar;C:\Users\saxod\.m2\repository\org\jspecify\jspecify\1.0.0\jspecify-1.0.0.jar;C:\Users\saxod\.m2\repository\io\micrometer\micrometer-commons\1.16.3\micrometer-commons-1.16.3.jar;C:\Users\saxod\.m2\repository\io\micrometer\micrometer-jakarta9\1.16.3\micrometer-jakarta9-1.16.3.jar;C:\Users\saxod\.m2\repository\io\micrometer\micrometer-core\1.16.3\micrometer-core-1.16.3.jar;C:\Users\saxod\.m2\repository\org\hdrhistogram\HdrHistogram\2.2.2\HdrHistogram-2.2.2.jar;C:\Users\saxod\.m2\repository\org\latencyutils\LatencyUtils\2.0.3\LatencyUtils-2.0.3.jar;C:\Users\saxod\.m2\repository\org\springframework\boot\spring-boot-starter-data-jpa\4.0.3\spring-boot-starter-data-jpa-4.0.3.jar;C:\Users\saxod\.m2\repository\org\springframework\boot\spring-boot-starter-jdbc\4.0.3\spring-boot-starter-jdbc-4.0.3.jar;C:\Users\saxod\.m2\repository\com\zaxxer\HikariCP\7.0.2\HikariCP-7.0.2.jar;C:\Users\saxod\.m2\repository\org\slf4j\slf4j-api\2.0.17\slf4j-api-2.0.17.jar;C:\Users\saxod\.m2\repository\org\springframework\boot\spring-boot-data-jpa\4.0.3\spring-boot-data-jpa-4.0.3.jar;C:\Users\saxod\.m2\repository\org\springframework\boot\spring-boot-data-commons\4.0.3\spring-boot-data-commons-4.0.3.jar;C:\Users\saxod\.m2\repository\org\springframework\boot\spring-boot-persistence\4.0.3\spring-boot-persistence-4.0.3.jar;C:\Users\saxod\.m2\repository\org\springframework\data\spring-data-commons\4.0.3\spring-data-commons-4.0.3.jar;C:\Users\saxod\.m2\repository\org\springframework\boot\spring-boot-hibernate\4.0.3\spring-boot-hibernate-4.0.3.jar;C:\Users\saxod\.m2\repository\org\springframework\boot\spring-boot-jpa\4.0.3\spring-boot-jpa-4.0.3.jar;C:\Users\saxod\.m2\repository\jakarta\persistence\jakarta.persistence-api\3.2.0\jakarta.persistence-api-3.2.0.jar;C:\Users\saxod\.m2\repository\org\hibernate\orm\hibernate-core\7.2.4.Final\hibernate-core-7.2.4.Final.jar;C:\Users\saxod\.m2\repository\jakarta\transaction\jakarta.transaction-api\2.0.1\jakarta.transaction-api-2.0.1.jar;C:\Users\saxod\.m2\repository\org\hibernate\models\hibernate-models\1.0.1\hibernate-models-1.0.1.jar;C:\Users\saxod\.m2\repository\org\glassfish\jaxb\jaxb-runtime\4.0.6\jaxb-runtime-4.0.6.jar;C:\Users\saxod\.m2\repository\org\glassfish\jaxb\jaxb-core\4.0.6\jaxb-core-4.0.6.jar;C:\Users\saxod\.m2\repository\org\eclipse\angus\angus-activation\2.0.3\angus-activation-2.0.3.jar;C:\Users\saxod\.m2\repository\org\glassfish\jaxb\txw2\4.0.6\txw2-4.0.6.jar;C:\Users\saxod\.m2\repository\com\sun\istack\istack-commons-runtime\4.1.2\istack-commons-runtime-4.1.2.jar;C:\Users\saxod\.m2\repository\jakarta\inject\jakarta.inject-api\2.0.1\jakarta.inject-api-2.0.1.jar;C:\Users\saxod\.m2\repository\org\springframework\spring-orm\7.0.5\spring-orm-7.0.5.jar;C:\Users\saxod\.m2\repository\org\springframework\data\spring-data-jpa\4.0.3\spring-data-jpa-4.0.3.jar;C:\Users\saxod\.m2\repository\org\springframework\spring-tx\7.0.5\spring-tx-7.0.5.jar;C:\Users\saxod\.m2\repository\org\antlr\antlr4-runtime\4.13.2\antlr4-runtime-4.13.2.jar;C:\Users\saxod\.m2\repository\org\springframework\spring-aspects\7.0.5\spring-aspects-7.0.5.jar;C:\Users\saxod\.m2\repository\org\aspectj\aspectjweaver\1.9.25.1\aspectjweaver-1.9.25.1.jar;C:\Users\saxod\.m2\repository\org\springframework\boot\spring-boot-jdbc\4.0.3\spring-boot-jdbc-4.0.3.jar;C:\Users\saxod\.m2\repository\org\springframework\boot\spring-boot-sql\4.0.3\spring-boot-sql-4.0.3.jar;C:\Users\saxod\.m2\repository\org\springframework\boot\spring-boot-transaction\4.0.3\spring-boot-transaction-4.0.3.jar;C:\Users\saxod\.m2\repository\org\springframework\spring-jdbc\7.0.5\spring-jdbc-7.0.5.jar;C:\Users\saxod\.m2\repository\org\springframework\boot\spring-boot-starter-validation\4.0.3\spring-boot-starter-validation-4.0.3.jar;C:\Users\saxod\.m2\repository\org\springframework\boot\spring-boot-validation\4.0.3\spring-boot-validation-4.0.3.jar;C:\Users\saxod\.m2\repository\org\apache\tomcat\embed\tomcat-embed-el\11.0.18\tomcat-embed-el-11.0.18.jar;C:\Users\saxod\.m2\repository\org\hibernate\validator\hibernate-validator\9.0.1.Final\hibernate-validator-9.0.1.Final.jar;C:\Users\saxod\.m2\repository\jakarta\validation\jakarta.validation-api\3.1.1\jakarta.validation-api-3.1.1.jar;C:\Users\saxod\.m2\repository\org\jboss\logging\jboss-logging\3.6.2.Final\jboss-logging-3.6.2.Final.jar;C:\Users\saxod\.m2\repository\com\fasterxml\classmate\1.7.3\classmate-1.7.3.jar;C:\Users\saxod\.m2\repository\org\springframework\boot\spring-boot-starter-webmvc\4.0.3\spring-boot-starter-webmvc-4.0.3.jar;C:\Users\saxod\.m2\repository\org\springframework\boot\spring-boot-starter-jackson\4.0.3\spring-boot-starter-jackson-4.0.3.jar;C:\Users\saxod\.m2\repository\org\springframework\boot\spring-boot-jackson\4.0.3\spring-boot-jackson-4.0.3.jar;C:\Users\saxod\.m2\repository\tools\jackson\core\jackson-databind\3.0.4\jackson-databind-3.0.4.jar;C:\Users\saxod\.m2\repository\tools\jackson\core\jackson-core\3.0.4\jackson-core-3.0.4.jar;C:\Users\saxod\.m2\repository\org\springframework\boot\spring-boot-starter-tomcat\4.0.3\spring-boot-starter-tomcat-4.0.3.jar;C:\Users\saxod\.m2\repository\org\springframework\boot\spring-boot-starter-tomcat-runtime\4.0.3\spring-boot-starter-tomcat-runtime-4.0.3.jar;C:\Users\saxod\.m2\repository\org\apache\tomcat\embed\tomcat-embed-core\11.0.18\tomcat-embed-core-11.0.18.jar;C:\Users\saxod\.m2\repository\org\apache\tomcat\embed\tomcat-embed-websocket\11.0.18\tomcat-embed-websocket-11.0.18.jar;C:\Users\saxod\.m2\repository\org\springframework\boot\spring-boot-tomcat\4.0.3\spring-boot-tomcat-4.0.3.jar;C:\Users\saxod\.m2\repository\org\springframework\boot\spring-boot-http-converter\4.0.3\spring-boot-http-converter-4.0.3.jar;C:\Users\saxod\.m2\repository\org\springframework\spring-web\7.0.5\spring-web-7.0.5.jar;C:\Users\saxod\.m2\repository\org\springframework\boot\spring-boot-webmvc\4.0.3\spring-boot-webmvc-4.0.3.jar;C:\Users\saxod\.m2\repository\org\springframework\boot\spring-boot-servlet\4.0.3\spring-boot-servlet-4.0.3.jar;C:\Users\saxod\.m2\repository\org\springframework\spring-webmvc\7.0.5\spring-webmvc-7.0.5.jar;C:\Users\saxod\.m2\repository\org\springframework\spring-expression\7.0.5\spring-expression-7.0.5.jar;C:\Users\saxod\.m2\repository\org\springframework\boot\spring-boot-devtools\4.0.3\spring-boot-devtools-4.0.3.jar;C:\Users\saxod\.m2\repository\org\springframework\boot\spring-boot\4.0.3\spring-boot-4.0.3.jar;C:\Users\saxod\.m2\repository\org\springframework\spring-core\7.0.5\spring-core-7.0.5.jar;C:\Users\saxod\.m2\repository\commons-logging\commons-logging\1.3.5\commons-logging-1.3.5.jar;C:\Users\saxod\.m2\repository\org\springframework\spring-context\7.0.5\spring-context-7.0.5.jar;C:\Users\saxod\.m2\repository\org\springframework\boot\spring-boot-autoconfigure\4.0.3\spring-boot-autoconfigure-4.0.3.jar;C:\Users\saxod\.m2\repository\org\projectlombok\lombok\1.18.42\lombok-1.18.42.jar;C:\Users\saxod\.m2\repository\io\jsonwebtoken\jjwt-api\0.13.0\jjwt-api-0.13.0.jar;C:\Users\saxod\.m2\repository\io\jsonwebtoken\jjwt-impl\0.13.0\jjwt-impl-0.13.0.jar;C:\Users\saxod\.m2\repository\io\jsonwebtoken\jjwt-jackson\0.13.0\jjwt-jackson-0.13.0.jar;C:\Users\saxod\.m2\repository\com\fasterxml\jackson\core\jackson-databind\2.20.2\jackson-databind-2.20.2.jar;C:\Users\saxod\.m2\repository\com\fasterxml\jackson\core\jackson-annotations\2.20\jackson-annotations-2.20.jar;C:\Users\saxod\.m2\repository\com\fasterxml\jackson\core\jackson-core\2.20.2\jackson-core-2.20.2.jar;C:\Users\saxod\.m2\repository\jakarta\xml\bind\jakarta.xml.bind-api\4.0.4\jakarta.xml.bind-api-4.0.4.jar;C:\Users\saxod\.m2\repository\jakarta\activation\jakarta.activation-api\2.1.4\jakarta.activation-api-2.1.4.jar;C:\Users\saxod\.m2\repository\net\bytebuddy\byte-buddy\1.17.8\byte-buddy-1.17.8.jar;C:\Users\saxod\.m2\repository\org\springframework\boot\spring-boot-web-server\4.0.3\spring-boot-web-server-4.0.3.jar;C:\Users\saxod\.m2\repository\org\springframework\boot\spring-boot-starter-security\4.0.3\spring-boot-starter-security-4.0.3.jar;C:\Users\saxod\.m2\repository\org\springframework\boot\spring-boot-security\4.0.3\spring-boot-security-4.0.3.jar;C:\Users\saxod\.m2\repository\org\springframework\security\spring-security-config\7.0.3\spring-security-config-7.0.3.jar;C:\Users\saxod\.m2\repository\org\springframework\security\spring-security-core\7.0.3\spring-security-core-7.0.3.jar;C:\Users\saxod\.m2\repository\org\springframework\security\spring-security-crypto\7.0.3\spring-security-crypto-7.0.3.jar;C:\Users\saxod\.m2\repository\org\springframework\security\spring-security-web\7.0.3\spring-security-web-7.0.3.jar;C:\Users\saxod\.m2\repository\org\springframework\spring-aop\7.0.5\spring-aop-7.0.5.jar;C:\Users\saxod\.m2\repository\org\springframework\spring-beans\7.0.5\spring-beans-7.0.5.jar;C:\Users\saxod\.m2\repository\org\postgresql\postgresql\42.7.10\postgresql-42.7.10.jar;C:\Users\saxod\.m2\repository\org\checkerframework\checker-qual\3.52.0\checker-qual-3.52.0.jar;C:\Users\saxod\.m2\repository\com\mysql\mysql-connector-j\9.6.0\mysql-connector-j-9.6.0.jar
Launcher Type: SUN_STANDARD

[Global flags]
     intx CICompilerCount                          = 3                                         {product} {ergonomic}
     uint ConcGCThreads                            = 1                                         {product} {ergonomic}
     uint G1ConcRefinementThreads                  = 4                                         {product} {ergonomic}
   size_t G1HeapRegionSize                         = 2097152                                   {product} {ergonomic}
   size_t InitialHeapSize                          = 197132288                                 {product} {ergonomic}
   size_t MarkStackSize                            = 4194304                                   {product} {ergonomic}
   size_t MarkStackSizeMax                         = 536870912                                 {product} {ergonomic}
   size_t MaxHeapSize                              = 3128950784                                {product} {ergonomic}
   size_t MaxNewSize                               = 1876951040                                {product} {ergonomic}
   size_t MinHeapDeltaBytes                        = 2097152                                   {product} {ergonomic}
   size_t MinHeapSize                              = 8388608                                   {product} {ergonomic}
    uintx NonNMethodCodeHeapSize                   = 5832704                                {pd product} {ergonomic}
    uintx NonProfiledCodeHeapSize                  = 122945536                              {pd product} {ergonomic}
    uintx ProfiledCodeHeapSize                     = 122880000                              {pd product} {ergonomic}
    uintx ReservedCodeCacheSize                    = 251658240                              {pd product} {ergonomic}
     bool SegmentedCodeCache                       = true                                      {product} {ergonomic}
   size_t SoftMaxHeapSize                          = 3128950784                             {manageable} {ergonomic}
     bool UseCompressedOops                        = true                           {product lp64_product} {ergonomic}
     bool UseG1GC                                  = true                                      {product} {ergonomic}
     bool UseLargePagesIndividualAllocation        = false                                  {pd product} {ergonomic}

Logging:
Log output configuration:
 #0: stdout all=warning uptime,level,tags foldmultilines=false
 #1: stderr all=off uptime,level,tags foldmultilines=false

Environment Variables:
JAVA_HOME=C:\Program Files\Java\jdk-24
PATH=C:\Program Files\Java\jdk-24\bin;C:\Program Files\Common Files\Oracle\Java\javapath;C:\WINDOWS\system32;C:\WINDOWS;C:\WINDOWS\System32\Wbem;C:\WINDOWS\System32\WindowsPowerShell\v1.0\;C:\WINDOWS\System32\OpenSSH\;C:\Program Files\Git\cmd;C:\Program Files\nodejs\;C:\src\flutter\bin;C:\src\gradle-9.0.0\bin;C:\src\spring-3.5.3\bin;C:\Program Files\dotnet\;\C:\Program Files\Java\jdk-24\bin;C:\Users\saxod\AppData\Local\Pub\Cache\bin;C:\Users\saxod\AppData\Local\Android\Sdk\platform-tools;C:\Users\saxod\AppData\Local\Android\Sdk\tools\bin;C:\Users\saxod\AppData\Local\Android\Sdk\emulator;C:\Program Files\MySQL\MySQL Server 8.0\bin;C:\Users\saxod\.local\bin;C:\Program Files\MySQL\MySQL Shell 8.0\bin\;C:\Users\saxod\AppData\Local\Programs\Python\Python314\Scripts\;C:\Users\saxod\AppData\Local\Programs\Python\Python314\;C:\Users\saxod\AppData\Local\Programs\Python\Python310\Scripts\;C:\Users\saxod\AppData\Local\Programs\Python\Python310\;C:\Users\saxod\AppData\Local\Microsoft\WindowsApps;C:\Users\saxod\AppData\Roaming\npm;C:\Users\saxod\AppData\Local\Programs\Microsoft VS Code\bin;C:\Users\saxod\AppData\Local\GitHubDesktop\bin;C:\Users\saxod\.dotnet\tools;C:\Program Files\JetBrains\IntelliJ IDEA 2025.3.2\bin;C:\Users\saxod\AppData\Local\JetBrains\Toolbox\scripts;
USERNAME=saxod
OS=Windows_NT
PROCESSOR_IDENTIFIER=Intel64 Family 6 Model 140 Stepping 1, GenuineIntel
TMP=C:\Users\saxod\AppData\Local\Temp
TEMP=C:\Users\saxod\AppData\Local\Temp




Periodic native trim disabled

---------------  S Y S T E M  ---------------

OS:
 Windows 11 , 64 bit Build 26100 (10.0.26100.7920)
OS uptime: 1 days 3:10 hours
Hyper-V role detected

CPU: total 4 (initial active 4) (2 cores per cpu, 2 threads per core) family 6 model 140 stepping 1 microcode 0xb4, cx8, cmov, fxsr, ht, mmx, 3dnowpref, sse, sse2, sse3, ssse3, sse4.1, sse4.2, popcnt, lzcnt, tsc, tscinvbit, avx, avx2, aes, erms, clmul, bmi1, bmi2, adx, avx512f, avx512dq, avx512cd, avx512bw, avx512vl, sha, fma, vzeroupper, avx512_vpopcntdq, avx512_vpclmulqdq, avx512_vaes, avx512_vnni, clflush, clflushopt, clwb, avx512_vbmi2, avx512_vbmi, hv, rdtscp, rdpid, fsrm, gfni, avx512_bitalg, f16c, cet_ibt, cet_ss, avx512_ifma
Processor Information for the first 4 processors :
  Max Mhz: 2901, Current Mhz: 2901, Mhz Limit: 2901

Memory: 4k page, system-wide physical 11930M (992M free)
TotalPageFile size 29640M (AvailPageFile size 4M)
current process WorkingSet (physical memory assigned to process): 458M, peak: 477M
current process commit charge ("private bytes"): 492M, peak: 518M

vm_info: Java HotSpot(TM) 64-Bit Server VM (24.0.1+9-30) for windows-amd64 JRE (24.0.1+9-30), built on 2025-03-05T07:23:45Z with MS VC++ 17.6 (VS2022)

END.
