#
# There is insufficient memory for the Java Runtime Environment to continue.
# Native memory allocation (malloc) failed to allocate 2141584 bytes. Error detail: Chunk::new
# Possible reasons:
#   The system is out of physical RAM or swap space
#   This process is running with CompressedOops enabled, and the Java Heap may be blocking the growth of the native heap
# Possible solutions:
#   Reduce memory load on the system
#   Increase physical memory or swap space
#   Check if swap backing store is full
#   Decrease Java heap size (-Xmx/-Xms)
#   Decrease number of Java threads
#   Decrease Java thread stack sizes (-Xss)
#   Set larger code cache with -XX:ReservedCodeCacheSize=
#   JVM is running with Zero Based Compressed Oops mode in which the Java heap is
#     placed in the first 32GB address space. The Java Heap base address is the
#     maximum limit for the native heap growth. Please use -XX:HeapBaseMinAddress
#     to set the Java Heap base and to place the Java Heap above 32GB virtual address.
# This output file may be truncated or incomplete.
#
#  Out of Memory Error (arena.cpp:162), pid=6892, tid=6304
#
# JRE version: Java(TM) SE Runtime Environment (24.0.1+9) (build 24.0.1+9-30)
# Java VM: Java HotSpot(TM) 64-Bit Server VM (24.0.1+9-30, mixed mode, sharing, tiered, compressed oops, compressed class ptrs, g1 gc, windows-amd64)
# No core dump will be written. Minidumps are not enabled by default on client versions of Windows
#

---------------  S U M M A R Y ------------

Command Line: -javaagent:C:\Program Files\JetBrains\IntelliJ IDEA 2025.3.2\lib\idea_rt.jar=54890 -Dfile.encoding=UTF-8 -Dsun.stdout.encoding=UTF-8 -Dsun.stderr.encoding=UTF-8 com.saxodevs.pos.PosApplication

Host: 11th Gen Intel(R) Core(TM) i3-1115G4 @ 3.00GHz, 4 cores, 11G,  Windows 11 , 64 bit Build 26100 (10.0.26100.7920)
Time: Thu Apr 23 10:17:10 2026 Greenwich Standard Time elapsed time: 96.023421 seconds (0d 0h 1m 36s)

---------------  T H R E A D  ---------------

Current thread (0x000002ae7ece7270):  JavaThread "C2 CompilerThread0" daemon [_thread_in_native, id=6304, stack(0x000000cf0b400000,0x000000cf0b500000) (1024K)]


Current CompileTask:
C2:96023 18322   !   4       org.springframework.web.servlet.mvc.method.RequestMappingInfoHandlerMapping::handleNoMatch (270 bytes)

Stack: [0x000000cf0b400000,0x000000cf0b500000]
Native frames: (J=compiled Java code, j=interpreted, Vv=VM code, C=native code)
V  [jvm.dll+0x730739]  (no source info available)
V  [jvm.dll+0x8d9b23]  (no source info available)
V  [jvm.dll+0x8dc00d]  (no source info available)
V  [jvm.dll+0x8dc683]  (no source info available)
V  [jvm.dll+0x2aa086]  (no source info available)
V  [jvm.dll+0xcedef]  (no source info available)
V  [jvm.dll+0xcf04f]  (no source info available)
V  [jvm.dll+0x154d83]  (no source info available)
V  [jvm.dll+0x735f5f]  (no source info available)
V  [jvm.dll+0x26fa1c]  (no source info available)
V  [jvm.dll+0x26ea3f]  (no source info available)
V  [jvm.dll+0x1e9d60]  (no source info available)
V  [jvm.dll+0x27e1fb]  (no source info available)
V  [jvm.dll+0x27c49a]  (no source info available)
V  [jvm.dll+0x42f456]  (no source info available)
V  [jvm.dll+0x87d76b]  (no source info available)
V  [jvm.dll+0x72ee55]  (no source info available)
C  [ucrtbase.dll+0x37b0]  (no source info available)
C  [KERNEL32.DLL+0x2e8d7]  (no source info available)
C  [ntdll.dll+0x8c48c]  (no source info available)

Lock stack of current Java thread (top to bottom):


---------------  P R O C E S S  ---------------

Threads class SMR info:
_java_thread_list=0x000002ae61b90470, length=35, elements={
0x000002ae7ecc8100, 0x000002ae7ecc8f20, 0x000002ae7eccf160, 0x000002ae7ecdf820,
0x000002ae7ece1f80, 0x000002ae7ece27f0, 0x000002ae7ece7270, 0x000002ae7ecf5f30,
0x000002ae19915800, 0x000002ae19914960, 0x000002ae19914210, 0x000002ae199150b0,
0x000002ae19913370, 0x000002ae19912c20, 0x000002ae19913ac0, 0x000002ae5ff33780,
0x000002ae5ff33ed0, 0x000002ae5ff34620, 0x000002ae5ff34d70, 0x000002ae5ff354c0,
0x000002ae6311ea40, 0x000002ae6311f190, 0x000002ae63124950, 0x000002ae63123ab0,
0x000002ae63124200, 0x000002ae631224c0, 0x000002ae631250a0, 0x000002ae63122c10,
0x000002ae63123360, 0x000002ae5ff2ee60, 0x000002ae5ff312f0, 0x000002ae60c81910,
0x000002ae60c83650, 0x000002ae60c82060, 0x000002ae60c827b0
}

Java Threads: ( => current thread )
  0x000002ae7ecc8100 JavaThread "Reference Handler"          daemon [_thread_blocked, id=21296, stack(0x000000cf0ae00000,0x000000cf0af00000) (1024K)]
  0x000002ae7ecc8f20 JavaThread "Finalizer"                  daemon [_thread_blocked, id=8576, stack(0x000000cf0af00000,0x000000cf0b000000) (1024K)]
  0x000002ae7eccf160 JavaThread "Signal Dispatcher"          daemon [_thread_blocked, id=12444, stack(0x000000cf0b000000,0x000000cf0b100000) (1024K)]
  0x000002ae7ecdf820 JavaThread "Attach Listener"            daemon [_thread_blocked, id=27544, stack(0x000000cf0b100000,0x000000cf0b200000) (1024K)]
  0x000002ae7ece1f80 JavaThread "Service Thread"             daemon [_thread_blocked, id=18008, stack(0x000000cf0b200000,0x000000cf0b300000) (1024K)]
  0x000002ae7ece27f0 JavaThread "Monitor Deflation Thread"   daemon [_thread_blocked, id=23076, stack(0x000000cf0b300000,0x000000cf0b400000) (1024K)]
=>0x000002ae7ece7270 JavaThread "C2 CompilerThread0"         daemon [_thread_in_native, id=6304, stack(0x000000cf0b400000,0x000000cf0b500000) (1024K)]
  0x000002ae7ecf5f30 JavaThread "C1 CompilerThread0"         daemon [_thread_blocked, id=24328, stack(0x000000cf0b500000,0x000000cf0b600000) (1024K)]
  0x000002ae19915800 JavaThread "Common-Cleaner"             daemon [_thread_blocked, id=2804, stack(0x000000cf0b600000,0x000000cf0b700000) (1024K)]
  0x000002ae19914960 JavaThread "Monitor Ctrl-Break"         daemon [_thread_in_native, id=21168, stack(0x000000cf0b700000,0x000000cf0b800000) (1024K)]
  0x000002ae19914210 JavaThread "Notification Thread"        daemon [_thread_blocked, id=23880, stack(0x000000cf0b800000,0x000000cf0b900000) (1024K)]
  0x000002ae199150b0 JavaThread "RMI TCP Accept-0"           daemon [_thread_in_native, id=22220, stack(0x000000cf0ba00000,0x000000cf0bb00000) (1024K)]
  0x000002ae19913370 JavaThread "RMI TCP Connection(3)-172.20.10.5" daemon [_thread_in_native, id=2628, stack(0x000000cf0bb00000,0x000000cf0bc00000) (1024K)]
  0x000002ae19912c20 JavaThread "RMI Scheduler(0)"           daemon [_thread_blocked, id=25400, stack(0x000000cf0bc00000,0x000000cf0bd00000) (1024K)]
  0x000002ae19913ac0 JavaThread "JMX server connection timeout 29" daemon [_thread_blocked, id=18500, stack(0x000000cf0bd00000,0x000000cf0be00000) (1024K)]
  0x000002ae5ff33780 JavaThread "Catalina-utility-1"                [_thread_blocked, id=23140, stack(0x000000cf0c300000,0x000000cf0c400000) (1024K)]
  0x000002ae5ff33ed0 JavaThread "Catalina-utility-2"                [_thread_blocked, id=22452, stack(0x000000cf0c400000,0x000000cf0c500000) (1024K)]
  0x000002ae5ff34620 JavaThread "container-0"                       [_thread_blocked, id=5628, stack(0x000000cf0c500000,0x000000cf0c600000) (1024K)]
  0x000002ae5ff34d70 JavaThread "mysql-cj-abandoned-connection-cleanup" daemon [_thread_blocked, id=13100, stack(0x000000cf0c600000,0x000000cf0c700000) (1024K)]
  0x000002ae5ff354c0 JavaThread "HikariPool-1:housekeeper"   daemon [_thread_blocked, id=19740, stack(0x000000cf0c800000,0x000000cf0c900000) (1024K)]
  0x000002ae6311ea40 JavaThread "File Watcher"               daemon [_thread_blocked, id=13812, stack(0x000000cf0c900000,0x000000cf0ca00000) (1024K)]
  0x000002ae6311f190 JavaThread "http-nio-8080-exec-1"       daemon [_thread_blocked, id=9836, stack(0x000000cf0ca00000,0x000000cf0cb00000) (1024K)]
  0x000002ae63124950 JavaThread "http-nio-8080-exec-2"       daemon [_thread_in_native, id=23852, stack(0x000000cf0cb00000,0x000000cf0cc00000) (1024K)]
  0x000002ae63123ab0 JavaThread "http-nio-8080-exec-3"       daemon [_thread_blocked, id=19280, stack(0x000000cf0cc00000,0x000000cf0cd00000) (1024K)]
  0x000002ae63124200 JavaThread "http-nio-8080-exec-4"       daemon [_thread_blocked, id=17888, stack(0x000000cf0cd00000,0x000000cf0ce00000) (1024K)]
  0x000002ae631224c0 JavaThread "http-nio-8080-exec-5"       daemon [_thread_blocked, id=27112, stack(0x000000cf0ce00000,0x000000cf0cf00000) (1024K)]
  0x000002ae631250a0 JavaThread "http-nio-8080-exec-6"       daemon [_thread_blocked, id=25784, stack(0x000000cf0cf00000,0x000000cf0d000000) (1024K)]
  0x000002ae63122c10 JavaThread "http-nio-8080-exec-7"       daemon [_thread_blocked, id=13768, stack(0x000000cf0d000000,0x000000cf0d100000) (1024K)]
  0x000002ae63123360 JavaThread "http-nio-8080-exec-8"       daemon [_thread_blocked, id=6960, stack(0x000000cf0d100000,0x000000cf0d200000) (1024K)]
  0x000002ae5ff2ee60 JavaThread "http-nio-8080-exec-9"       daemon [_thread_blocked, id=4840, stack(0x000000cf0d200000,0x000000cf0d300000) (1024K)]
  0x000002ae5ff312f0 JavaThread "http-nio-8080-exec-10"      daemon [_thread_blocked, id=15644, stack(0x000000cf0d300000,0x000000cf0d400000) (1024K)]
  0x000002ae60c81910 JavaThread "http-nio-8080-Poller"       daemon [_thread_in_native, id=27612, stack(0x000000cf0d400000,0x000000cf0d500000) (1024K)]
  0x000002ae60c83650 JavaThread "http-nio-8080-Acceptor"     daemon [_thread_in_native, id=24676, stack(0x000000cf0d500000,0x000000cf0d600000) (1024K)]
  0x000002ae60c82060 JavaThread "DestroyJavaVM"                     [_thread_blocked, id=19240, stack(0x000000cf0a600000,0x000000cf0a700000) (1024K)]
  0x000002ae60c827b0 JavaThread "RMI TCP Connection(idle)"   daemon [_thread_blocked, id=20968, stack(0x000000cf0b900000,0x000000cf0ba00000) (1024K)]
Total: 35

Other Threads:
  0x000002ae7ecb7a10 VMThread "VM Thread"                           [id=24356, stack(0x000000cf0ad00000,0x000000cf0ae00000) (1024K)]
  0x000002ae7ecaa5d0 WatcherThread "VM Periodic Task Thread"        [id=19256, stack(0x000000cf0ac00000,0x000000cf0ad00000) (1024K)]
  0x000002ae7ac50e40 WorkerThread "GC Thread#0"                     [id=23636, stack(0x000000cf0a700000,0x000000cf0a800000) (1024K)]
  0x000002ae5fcb7820 WorkerThread "GC Thread#1"                     [id=20164, stack(0x000000cf0be00000,0x000000cf0bf00000) (1024K)]
  0x000002ae5fd6ef50 WorkerThread "GC Thread#2"                     [id=13584, stack(0x000000cf0bf00000,0x000000cf0c000000) (1024K)]
  0x000002ae5fd6f300 WorkerThread "GC Thread#3"                     [id=10676, stack(0x000000cf0c000000,0x000000cf0c100000) (1024K)]
  0x000002ae7ac623d0 ConcurrentGCThread "G1 Main Marker"            [id=26032, stack(0x000000cf0a800000,0x000000cf0a900000) (1024K)]
  0x000002ae7ac62ee0 WorkerThread "G1 Conc#0"                       [id=12828, stack(0x000000cf0a900000,0x000000cf0aa00000) (1024K)]
  0x000002ae7acae930 ConcurrentGCThread "G1 Refine#0"               [id=23404, stack(0x000000cf0aa00000,0x000000cf0ab00000) (1024K)]
  0x000002ae7eb79650 ConcurrentGCThread "G1 Service"                [id=3640, stack(0x000000cf0ab00000,0x000000cf0ac00000) (1024K)]
Total: 10

Threads with active compile tasks:
C2 CompilerThread0  96097 18322   !   4       org.springframework.web.servlet.mvc.method.RequestMappingInfoHandlerMapping::handleNoMatch (270 bytes)
Total: 1

VM state: not at safepoint (normal execution)

VM Mutex/Monitor currently owned by a thread: None

Heap address: 0x0000000745800000, size: 2984 MB, Compressed Oops mode: Zero based, Oop shift amount: 3

CDS archive(s) mapped at: [0x000002ae1a000000-0x000002ae1ad40000-0x000002ae1ad40000), size 13893632, SharedBaseAddress: 0x000002ae1a000000, ArchiveRelocationMode: 1.
Compressed class space mapped at: 0x000002ae1b000000-0x000002ae5b000000, reserved size: 1073741824
UseCompressedClassPointers 1, UseCompactObjectHeaders 0
Narrow klass pointer bits 32, Max shift 3
Narrow klass base: 0x000002ae1a000000, Narrow klass shift: 0
Encoding Range: [0x000002ae1a000000 - 0x000002af1a000000), (4294967296 bytes)
Klass Range:    [0x000002ae1a000000 - 0x000002ae5b000000), (1090519040 bytes)
Klass ID Range:  [8 - 1090519033) (1090519025)

GC Precious Log:
 CardTable entry size: 512
 Card Set container configuration: InlinePtr #cards 4 size 8 Array Of Cards #cards 16 size 48 Howl #buckets 8 coarsen threshold 3686 Howl Bitmap #cards 512 size 80 coarsen threshold 460 Card regions per heap region 1 cards per card region 4096
 CPUs: 4 total, 4 available
 Memory: 11930M
 Large Page Support: Disabled
 NUMA Support: Disabled
 Compressed Oops: Enabled (Zero based)
 Heap Region Size: 2M
 Heap Min Capacity: 8M
 Heap Initial Capacity: 188M
 Heap Max Capacity: 2984M
 Pre-touch: Disabled
 Parallel Workers: 4
 Concurrent Workers: 1
 Concurrent Refinement Workers: 4
 Periodic GC: Disabled

Heap:
 garbage-first heap   total reserved 3055616K, committed 204800K, used 161431K [0x0000000745800000, 0x0000000800000000)
  region size 2048K, 55 young (112640K), 3 survivors (6144K)
 Metaspace       used 108895K, committed 109888K, reserved 1179648K
  class space    used 12011K, committed 12480K, reserved 1048576K

Heap Regions: E=young(eden), S=young(survivor), O=old, HS=humongous(starts), HC=humongous(continues), CS=collection set, F=free, TAMS=top-at-mark-start, PB=parsable bottom
|   0|0x0000000745800000, 0x0000000745a00000, 0x0000000745a00000|100%| O|  |TAMS 0x0000000745800000| PB 0x0000000745800000| Untracked |  0
|   1|0x0000000745a00000, 0x0000000745c00000, 0x0000000745c00000|100%| O|  |TAMS 0x0000000745a00000| PB 0x0000000745a00000| Untracked |  0
|   2|0x0000000745c00000, 0x0000000745e00000, 0x0000000745e00000|100%| O|  |TAMS 0x0000000745c00000| PB 0x0000000745c00000| Untracked |  0
|   3|0x0000000745e00000, 0x0000000746000000, 0x0000000746000000|100%| O|  |TAMS 0x0000000745e00000| PB 0x0000000745e00000| Untracked |  0
|   4|0x0000000746000000, 0x0000000746200000, 0x0000000746200000|100%| O|  |TAMS 0x0000000746000000| PB 0x0000000746000000| Untracked |  0
|   5|0x0000000746200000, 0x0000000746400000, 0x0000000746400000|100%| O|  |TAMS 0x0000000746200000| PB 0x0000000746200000| Untracked |  0
|   6|0x0000000746400000, 0x00000007464a1818, 0x0000000746600000| 31%| O|  |TAMS 0x0000000746400000| PB 0x0000000746400000| Untracked |  0
|   7|0x0000000746600000, 0x0000000746800000, 0x0000000746800000|100%| O|  |TAMS 0x0000000746600000| PB 0x0000000746600000| Untracked |  0
|   8|0x0000000746800000, 0x0000000746a00000, 0x0000000746a00000|100%| O|  |TAMS 0x0000000746800000| PB 0x0000000746800000| Untracked |  0
|   9|0x0000000746a00000, 0x0000000746c00000, 0x0000000746c00000|100%| O|  |TAMS 0x0000000746a00000| PB 0x0000000746a00000| Untracked |  0
|  10|0x0000000746c00000, 0x0000000746e00000, 0x0000000746e00000|100%| O|  |TAMS 0x0000000746c00000| PB 0x0000000746c00000| Untracked |  0
|  11|0x0000000746e00000, 0x0000000747000000, 0x0000000747000000|100%| O|  |TAMS 0x0000000746e00000| PB 0x0000000746e00000| Untracked |  0
|  12|0x0000000747000000, 0x0000000747200000, 0x0000000747200000|100%| O|  |TAMS 0x0000000747000000| PB 0x0000000747000000| Untracked |  0
|  13|0x0000000747200000, 0x0000000747400000, 0x0000000747400000|100%| O|  |TAMS 0x0000000747200000| PB 0x0000000747200000| Untracked |  0
|  14|0x0000000747400000, 0x0000000747400000, 0x0000000747600000|  0%| F|  |TAMS 0x0000000747400000| PB 0x0000000747400000| Untracked |  0
|  15|0x0000000747600000, 0x0000000747800000, 0x0000000747800000|100%| O|  |TAMS 0x0000000747600000| PB 0x0000000747600000| Untracked |  0
|  16|0x0000000747800000, 0x0000000747a00000, 0x0000000747a00000|100%| O|  |TAMS 0x0000000747800000| PB 0x0000000747800000| Untracked |  0
|  17|0x0000000747a00000, 0x0000000747c00000, 0x0000000747c00000|100%| O|  |TAMS 0x0000000747a00000| PB 0x0000000747a00000| Untracked |  0
|  18|0x0000000747c00000, 0x0000000747e00000, 0x0000000747e00000|100%| O|  |TAMS 0x0000000747c00000| PB 0x0000000747c00000| Untracked |  0
|  19|0x0000000747e00000, 0x0000000748000000, 0x0000000748000000|100%| O|  |TAMS 0x0000000747e00000| PB 0x0000000747e00000| Untracked |  0
|  20|0x0000000748000000, 0x0000000748200000, 0x0000000748200000|100%| O|  |TAMS 0x0000000748000000| PB 0x0000000748000000| Untracked |  0
|  21|0x0000000748200000, 0x0000000748400000, 0x0000000748400000|100%| O|  |TAMS 0x0000000748200000| PB 0x0000000748200000| Untracked |  0
|  22|0x0000000748400000, 0x0000000748600000, 0x0000000748600000|100%| O|  |TAMS 0x0000000748400000| PB 0x0000000748400000| Untracked |  0
|  23|0x0000000748600000, 0x0000000748800000, 0x0000000748800000|100%| O|  |TAMS 0x0000000748600000| PB 0x0000000748600000| Untracked |  0
|  24|0x0000000748800000, 0x0000000748a00000, 0x0000000748a00000|100%| O|  |TAMS 0x0000000748800000| PB 0x0000000748800000| Untracked |  0
|  25|0x0000000748a00000, 0x0000000748a68d00, 0x0000000748c00000| 20%| O|  |TAMS 0x0000000748a00000| PB 0x0000000748a00000| Untracked |  0
|  26|0x0000000748c00000, 0x0000000748e00000, 0x0000000748e00000|100%| O|  |TAMS 0x0000000748c00000| PB 0x0000000748c00000| Untracked |  0
|  27|0x0000000748e00000, 0x0000000748e00000, 0x0000000749000000|  0%| F|  |TAMS 0x0000000748e00000| PB 0x0000000748e00000| Untracked |  0
|  28|0x0000000749000000, 0x0000000749200000, 0x0000000749200000|100%| O|  |TAMS 0x0000000749000000| PB 0x0000000749000000| Untracked |  0
|  29|0x0000000749200000, 0x0000000749200000, 0x0000000749400000|  0%| F|  |TAMS 0x0000000749200000| PB 0x0000000749200000| Untracked |  0
|  30|0x0000000749400000, 0x0000000749400000, 0x0000000749600000|  0%| F|  |TAMS 0x0000000749400000| PB 0x0000000749400000| Untracked |  0
|  31|0x0000000749600000, 0x0000000749600000, 0x0000000749800000|  0%| F|  |TAMS 0x0000000749600000| PB 0x0000000749600000| Untracked |  0
|  32|0x0000000749800000, 0x0000000749800000, 0x0000000749a00000|  0%| F|  |TAMS 0x0000000749800000| PB 0x0000000749800000| Untracked |  0
|  33|0x0000000749a00000, 0x0000000749a00000, 0x0000000749c00000|  0%| F|  |TAMS 0x0000000749a00000| PB 0x0000000749a00000| Untracked |  0
|  34|0x0000000749c00000, 0x0000000749c00000, 0x0000000749e00000|  0%| F|  |TAMS 0x0000000749c00000| PB 0x0000000749c00000| Untracked |  0
|  35|0x0000000749e00000, 0x0000000749e00000, 0x000000074a000000|  0%| F|  |TAMS 0x0000000749e00000| PB 0x0000000749e00000| Untracked |  0
|  36|0x000000074a000000, 0x000000074a000000, 0x000000074a200000|  0%| F|  |TAMS 0x000000074a000000| PB 0x000000074a000000| Untracked |  0
|  37|0x000000074a200000, 0x000000074a200000, 0x000000074a400000|  0%| F|  |TAMS 0x000000074a200000| PB 0x000000074a200000| Untracked |  0
|  38|0x000000074a400000, 0x000000074a400000, 0x000000074a600000|  0%| F|  |TAMS 0x000000074a400000| PB 0x000000074a400000| Untracked |  0
|  39|0x000000074a600000, 0x000000074a69bad8, 0x000000074a800000| 30%| S|CS|TAMS 0x000000074a600000| PB 0x000000074a600000| Complete |  0
|  40|0x000000074a800000, 0x000000074aa00000, 0x000000074aa00000|100%| S|CS|TAMS 0x000000074a800000| PB 0x000000074a800000| Complete |  0
|  41|0x000000074aa00000, 0x000000074aa00000, 0x000000074ac00000|  0%| F|  |TAMS 0x000000074aa00000| PB 0x000000074aa00000| Untracked |  0
|  42|0x000000074ac00000, 0x000000074ae00000, 0x000000074ae00000|100%| S|CS|TAMS 0x000000074ac00000| PB 0x000000074ac00000| Complete |  0
|  43|0x000000074ae00000, 0x000000074ae00000, 0x000000074b000000|  0%| F|  |TAMS 0x000000074ae00000| PB 0x000000074ae00000| Untracked |  0
|  44|0x000000074b000000, 0x000000074b000000, 0x000000074b200000|  0%| F|  |TAMS 0x000000074b000000| PB 0x000000074b000000| Untracked |  0
|  45|0x000000074b200000, 0x000000074b200000, 0x000000074b400000|  0%| F|  |TAMS 0x000000074b200000| PB 0x000000074b200000| Untracked |  0
|  46|0x000000074b400000, 0x000000074b400000, 0x000000074b600000|  0%| F|  |TAMS 0x000000074b400000| PB 0x000000074b400000| Untracked |  0
|  47|0x000000074b600000, 0x000000074b600000, 0x000000074b800000|  0%| F|  |TAMS 0x000000074b600000| PB 0x000000074b600000| Untracked |  0
|  48|0x000000074b800000, 0x000000074b8e7d50, 0x000000074ba00000| 45%| E|  |TAMS 0x000000074b800000| PB 0x000000074b800000| Complete |  0
|  49|0x000000074ba00000, 0x000000074bc00000, 0x000000074bc00000|100%| E|CS|TAMS 0x000000074ba00000| PB 0x000000074ba00000| Complete |  0
|  50|0x000000074bc00000, 0x000000074be00000, 0x000000074be00000|100%| E|CS|TAMS 0x000000074bc00000| PB 0x000000074bc00000| Complete |  0
|  51|0x000000074be00000, 0x000000074c000000, 0x000000074c000000|100%| E|CS|TAMS 0x000000074be00000| PB 0x000000074be00000| Complete |  0
|  52|0x000000074c000000, 0x000000074c200000, 0x000000074c200000|100%| E|CS|TAMS 0x000000074c000000| PB 0x000000074c000000| Complete |  0
|  53|0x000000074c200000, 0x000000074c400000, 0x000000074c400000|100%| E|CS|TAMS 0x000000074c200000| PB 0x000000074c200000| Complete |  0
|  54|0x000000074c400000, 0x000000074c600000, 0x000000074c600000|100%| E|CS|TAMS 0x000000074c400000| PB 0x000000074c400000| Complete |  0
|  55|0x000000074c600000, 0x000000074c800000, 0x000000074c800000|100%| E|CS|TAMS 0x000000074c600000| PB 0x000000074c600000| Complete |  0
|  56|0x000000074c800000, 0x000000074ca00000, 0x000000074ca00000|100%| E|CS|TAMS 0x000000074c800000| PB 0x000000074c800000| Complete |  0
|  57|0x000000074ca00000, 0x000000074cc00000, 0x000000074cc00000|100%| E|CS|TAMS 0x000000074ca00000| PB 0x000000074ca00000| Complete |  0
|  58|0x000000074cc00000, 0x000000074ce00000, 0x000000074ce00000|100%| E|CS|TAMS 0x000000074cc00000| PB 0x000000074cc00000| Complete |  0
|  59|0x000000074ce00000, 0x000000074d000000, 0x000000074d000000|100%| E|CS|TAMS 0x000000074ce00000| PB 0x000000074ce00000| Complete |  0
|  60|0x000000074d000000, 0x000000074d200000, 0x000000074d200000|100%| E|CS|TAMS 0x000000074d000000| PB 0x000000074d000000| Complete |  0
|  61|0x000000074d200000, 0x000000074d400000, 0x000000074d400000|100%| E|CS|TAMS 0x000000074d200000| PB 0x000000074d200000| Complete |  0
|  62|0x000000074d400000, 0x000000074d600000, 0x000000074d600000|100%| E|CS|TAMS 0x000000074d400000| PB 0x000000074d400000| Complete |  0
|  63|0x000000074d600000, 0x000000074d800000, 0x000000074d800000|100%| E|CS|TAMS 0x000000074d600000| PB 0x000000074d600000| Complete |  0
|  64|0x000000074d800000, 0x000000074da00000, 0x000000074da00000|100%| E|CS|TAMS 0x000000074d800000| PB 0x000000074d800000| Complete |  0
|  65|0x000000074da00000, 0x000000074dc00000, 0x000000074dc00000|100%| E|CS|TAMS 0x000000074da00000| PB 0x000000074da00000| Complete |  0
|  66|0x000000074dc00000, 0x000000074de00000, 0x000000074de00000|100%| E|CS|TAMS 0x000000074dc00000| PB 0x000000074dc00000| Complete |  0
|  67|0x000000074de00000, 0x000000074e000000, 0x000000074e000000|100%| E|CS|TAMS 0x000000074de00000| PB 0x000000074de00000| Complete |  0
|  68|0x000000074e000000, 0x000000074e200000, 0x000000074e200000|100%| E|CS|TAMS 0x000000074e000000| PB 0x000000074e000000| Complete |  0
|  69|0x000000074e200000, 0x000000074e400000, 0x000000074e400000|100%| E|CS|TAMS 0x000000074e200000| PB 0x000000074e200000| Complete |  0
|  70|0x000000074e400000, 0x000000074e600000, 0x000000074e600000|100%| E|CS|TAMS 0x000000074e400000| PB 0x000000074e400000| Complete |  0
|  71|0x000000074e600000, 0x000000074e800000, 0x000000074e800000|100%| E|CS|TAMS 0x000000074e600000| PB 0x000000074e600000| Complete |  0
|  72|0x000000074e800000, 0x000000074ea00000, 0x000000074ea00000|100%| E|CS|TAMS 0x000000074e800000| PB 0x000000074e800000| Complete |  0
|  73|0x000000074ea00000, 0x000000074ec00000, 0x000000074ec00000|100%| E|CS|TAMS 0x000000074ea00000| PB 0x000000074ea00000| Complete |  0
|  74|0x000000074ec00000, 0x000000074ee00000, 0x000000074ee00000|100%| E|CS|TAMS 0x000000074ec00000| PB 0x000000074ec00000| Complete |  0
|  75|0x000000074ee00000, 0x000000074f000000, 0x000000074f000000|100%| E|CS|TAMS 0x000000074ee00000| PB 0x000000074ee00000| Complete |  0
|  76|0x000000074f000000, 0x000000074f200000, 0x000000074f200000|100%| E|CS|TAMS 0x000000074f000000| PB 0x000000074f000000| Complete |  0
|  77|0x000000074f200000, 0x000000074f400000, 0x000000074f400000|100%| E|CS|TAMS 0x000000074f200000| PB 0x000000074f200000| Complete |  0
|  78|0x000000074f400000, 0x000000074f600000, 0x000000074f600000|100%| E|CS|TAMS 0x000000074f400000| PB 0x000000074f400000| Complete |  0
|  79|0x000000074f600000, 0x000000074f800000, 0x000000074f800000|100%| E|CS|TAMS 0x000000074f600000| PB 0x000000074f600000| Complete |  0
|  80|0x000000074f800000, 0x000000074fa00000, 0x000000074fa00000|100%| E|CS|TAMS 0x000000074f800000| PB 0x000000074f800000| Complete |  0
|  81|0x000000074fa00000, 0x000000074fc00000, 0x000000074fc00000|100%| E|CS|TAMS 0x000000074fa00000| PB 0x000000074fa00000| Complete |  0
|  82|0x000000074fc00000, 0x000000074fe00000, 0x000000074fe00000|100%| E|CS|TAMS 0x000000074fc00000| PB 0x000000074fc00000| Complete |  0
|  83|0x000000074fe00000, 0x0000000750000000, 0x0000000750000000|100%| E|CS|TAMS 0x000000074fe00000| PB 0x000000074fe00000| Complete |  0
|  84|0x0000000750000000, 0x0000000750200000, 0x0000000750200000|100%| E|CS|TAMS 0x0000000750000000| PB 0x0000000750000000| Complete |  0
|  85|0x0000000750200000, 0x0000000750400000, 0x0000000750400000|100%| E|CS|TAMS 0x0000000750200000| PB 0x0000000750200000| Complete |  0
|  86|0x0000000750400000, 0x0000000750600000, 0x0000000750600000|100%| E|CS|TAMS 0x0000000750400000| PB 0x0000000750400000| Complete |  0
|  87|0x0000000750600000, 0x0000000750800000, 0x0000000750800000|100%| E|CS|TAMS 0x0000000750600000| PB 0x0000000750600000| Complete |  0
|  88|0x0000000750800000, 0x0000000750a00000, 0x0000000750a00000|100%| E|CS|TAMS 0x0000000750800000| PB 0x0000000750800000| Complete |  0
|  89|0x0000000750a00000, 0x0000000750c00000, 0x0000000750c00000|100%| E|CS|TAMS 0x0000000750a00000| PB 0x0000000750a00000| Complete |  0
|  90|0x0000000750c00000, 0x0000000750e00000, 0x0000000750e00000|100%| E|CS|TAMS 0x0000000750c00000| PB 0x0000000750c00000| Complete |  0
|  91|0x0000000750e00000, 0x0000000751000000, 0x0000000751000000|100%| E|CS|TAMS 0x0000000750e00000| PB 0x0000000750e00000| Complete |  0
|  92|0x0000000751000000, 0x0000000751200000, 0x0000000751200000|100%| E|CS|TAMS 0x0000000751000000| PB 0x0000000751000000| Complete |  0
|  93|0x0000000751200000, 0x0000000751400000, 0x0000000751400000|100%| E|CS|TAMS 0x0000000751200000| PB 0x0000000751200000| Complete |  0
|  94|0x0000000751400000, 0x0000000751600000, 0x0000000751600000|100%| E|CS|TAMS 0x0000000751400000| PB 0x0000000751400000| Complete |  0
|  95|0x0000000751600000, 0x0000000751800000, 0x0000000751800000|100%| E|CS|TAMS 0x0000000751600000| PB 0x0000000751600000| Complete |  0
|  96|0x0000000751800000, 0x0000000751a00000, 0x0000000751a00000|100%| E|CS|TAMS 0x0000000751800000| PB 0x0000000751800000| Complete |  0
|  97|0x0000000751a00000, 0x0000000751c00000, 0x0000000751c00000|100%| E|CS|TAMS 0x0000000751a00000| PB 0x0000000751a00000| Complete |  0
| 100|0x0000000752000000, 0x0000000752200000, 0x0000000752200000|100%| E|CS|TAMS 0x0000000752000000| PB 0x0000000752000000| Complete |  0
|1491|0x00000007ffe00000, 0x0000000800000000, 0x0000000800000000|100%| E|CS|TAMS 0x00000007ffe00000| PB 0x00000007ffe00000| Complete |  0

Card table byte_map: [0x000002ae7b290000,0x000002ae7b870000] _byte_map_base: 0x000002ae77864000

Marking Bits: (CMBitMap*) 0x000002ae7ac51550
 Bits: [0x000002ae7b870000, 0x000002ae7e710000)

Polling page: 0x000002ae78e40000

Metaspace:

Usage:
  Non-class:     94.61 MB used.
      Class:     11.73 MB used.
       Both:    106.34 MB used.

Virtual space:
  Non-class space:      128.00 MB reserved,      95.12 MB ( 74%) committed,  2 nodes.
      Class space:        1.00 GB reserved,      12.19 MB (  1%) committed,  1 nodes.
             Both:        1.12 GB reserved,     107.31 MB (  9%) committed. 

Chunk freelists:
   Non-Class:  48.00 KB
       Class:  3.78 MB
        Both:  3.82 MB

MaxMetaspaceSize: unlimited
CompressedClassSpaceSize: 1.00 GB
Initial GC threshold: 21.00 MB
Current GC threshold: 178.75 MB
CDS: on
 - commit_granule_bytes: 65536.
 - commit_granule_words: 8192.
 - virtual_space_node_default_size: 8388608.
 - enlarge_chunks_in_place: 1.
UseCompressedClassPointers 1, UseCompactObjectHeaders 0
Narrow klass pointer bits 32, Max shift 3
Narrow klass base: 0x000002ae1a000000, Narrow klass shift: 0
Encoding Range: [0x000002ae1a000000 - 0x000002af1a000000), (4294967296 bytes)
Klass Range:    [0x000002ae1a000000 - 0x000002ae5b000000), (1090519040 bytes)
Klass ID Range:  [8 - 1090519033) (1090519025)


Internal statistics:

num_allocs_failed_limit: 3.
num_arena_births: 1618.
num_arena_deaths: 0.
num_vsnodes_births: 3.
num_vsnodes_deaths: 0.
num_space_committed: 1717.
num_space_uncommitted: 0.
num_chunks_returned_to_freelist: 3.
num_chunks_taken_from_freelist: 5749.
num_chunk_merges: 3.
num_chunk_splits: 4040.
num_chunks_enlarged: 3073.
num_inconsistent_stats: 0.

CodeHeap 'non-profiled nmethods': size=120064Kb used=9648Kb max_used=9648Kb free=110415Kb
 bounds [0x000002ae102a0000, 0x000002ae10c10000, 0x000002ae177e0000]
CodeHeap 'profiled nmethods': size=120000Kb used=24059Kb max_used=27271Kb free=95940Kb
 bounds [0x000002ae087e0000, 0x000002ae0a290000, 0x000002ae0fd10000]
CodeHeap 'non-nmethods': size=5696Kb used=1879Kb max_used=2052Kb free=3816Kb
 bounds [0x000002ae0fd10000, 0x000002ae0ff80000, 0x000002ae102a0000]
CodeCache: size=245760Kb, used=35586Kb, max_used=38971Kb, free=210171Kb
 total_blobs=15755, nmethods=14934, adapters=724, full_count=0
Compilation: enabled, stopped_count=0, restarted_count=0

Compilation events (20 events):
Event: 95.116 Thread 0x000002ae7ecf5f30 nmethod 18312 0x000002ae08bcc508 code [0x000002ae08bcc660, 0x000002ae08bccc00]
Event: 95.397 Thread 0x000002ae7ece7270 18313   !   4       org.apache.tomcat.util.net.NioEndpoint$Poller::events (275 bytes)
Event: 95.414 Thread 0x000002ae7ece7270 nmethod 18313 0x000002ae10c0a508 code [0x000002ae10c0a700, 0x000002ae10c0b9e8]
Event: 95.542 Thread 0x000002ae7ece7270 18314       4       org.springframework.http.server.ServletRequestHeadersAdapter$RequestHeaderOverrideWrapper::getFirst (9 bytes)
Event: 95.545 Thread 0x000002ae7ece7270 nmethod 18314 0x000002ae10c0bb88 code [0x000002ae10c0bcc0, 0x000002ae10c0bf00]
Event: 95.806 Thread 0x000002ae7ecf5f30 18315       3       org.hibernate.event.internal.EventListenerLogging_$logger::flushingSession (23 bytes)
Event: 95.807 Thread 0x000002ae7ecf5f30 nmethod 18315 0x000002ae08b1ac88 code [0x000002ae08b1adc0, 0x000002ae08b1b0c0]
Event: 95.807 Thread 0x000002ae7ecf5f30 18316       3       org.hibernate.event.internal.AbstractFlushingEventListener::flushCollections (71 bytes)
Event: 95.808 Thread 0x000002ae7ecf5f30 nmethod 18316 0x000002ae09882288 code [0x000002ae098824a0, 0x000002ae098831a0]
Event: 95.808 Thread 0x000002ae7ecf5f30 18317       3       org.hibernate.event.internal.EventListenerLogging_$logger::processingUnreferencedCollections (23 bytes)
Event: 95.808 Thread 0x000002ae7ecf5f30 nmethod 18317 0x000002ae08b52b08 code [0x000002ae08b52c40, 0x000002ae08b52f40]
Event: 95.808 Thread 0x000002ae7ecf5f30 18318       3       org.hibernate.event.internal.AbstractFlushingEventListener$$Lambda/0x000002ae1bbba428::<init> (20 bytes)
Event: 95.809 Thread 0x000002ae7ecf5f30 nmethod 18318 0x000002ae0882f708 code [0x000002ae0882f820, 0x000002ae0882fab0]
Event: 95.811 Thread 0x000002ae7ecf5f30 18319       3       com.saxodevs.pos.controller.SaleController::getAllSale (13 bytes)
Event: 95.811 Thread 0x000002ae7ecf5f30 nmethod 18319 0x000002ae0893bb88 code [0x000002ae0893bd20, 0x000002ae0893c370]
Event: 95.811 Thread 0x000002ae7ecf5f30 18320   !   3       com.saxodevs.pos.service.implementation.SaleImplementation$$SpringCGLIB$$0::getAll (55 bytes)
Event: 95.812 Thread 0x000002ae7ecf5f30 nmethod 18320 0x000002ae09496688 code [0x000002ae09496920, 0x000002ae09497c50]
Event: 95.967 Thread 0x000002ae7ece7270 18321       4       org.hibernate.engine.internal.EntityEntryContext::processEachManagedEntity (29 bytes)
Event: 95.970 Thread 0x000002ae7ece7270 nmethod 18321 0x000002ae10c0bf88 code [0x000002ae10c0c0a0, 0x000002ae10c0c210]
Event: 95.982 Thread 0x000002ae7ece7270 18322   !   4       org.springframework.web.servlet.mvc.method.RequestMappingInfoHandlerMapping::handleNoMatch (270 bytes)

GC Heap History (20 events):
Event: 17.648 GC heap before
{Heap before GC invocations=35 (full 0):
 garbage-first heap   total reserved 3055616K, committed 208896K, used 149333K [0x0000000745800000, 0x0000000800000000)
  region size 2048K, 44 young (90112K), 5 survivors (10240K)
 Metaspace       used 93675K, committed 94464K, reserved 1179648K
  class space    used 10592K, committed 10944K, reserved 1048576K
}
Event: 17.659 GC heap after
{Heap after GC invocations=36 (full 0):
 garbage-first heap   total reserved 3055616K, committed 208896K, used 65784K [0x0000000745800000, 0x0000000800000000)
  region size 2048K, 4 young (8192K), 4 survivors (8192K)
 Metaspace       used 93675K, committed 94464K, reserved 1179648K
  class space    used 10592K, committed 10944K, reserved 1048576K
}
Event: 43.627 GC heap before
{Heap before GC invocations=36 (full 0):
 garbage-first heap   total reserved 3055616K, committed 208896K, used 153848K [0x0000000745800000, 0x0000000800000000)
  region size 2048K, 47 young (96256K), 4 survivors (8192K)
 Metaspace       used 105408K, committed 106240K, reserved 1179648K
  class space    used 11873K, committed 12224K, reserved 1048576K
}
Event: 43.647 GC heap after
{Heap after GC invocations=37 (full 0):
 garbage-first heap   total reserved 3055616K, committed 208896K, used 70164K [0x0000000745800000, 0x0000000800000000)
  region size 2048K, 6 young (12288K), 6 survivors (12288K)
 Metaspace       used 105408K, committed 106240K, reserved 1179648K
  class space    used 11873K, committed 12224K, reserved 1048576K
}
Event: 50.334 GC heap before
{Heap before GC invocations=38 (full 0):
 garbage-first heap   total reserved 3055616K, committed 208896K, used 160276K [0x0000000745800000, 0x0000000800000000)
  region size 2048K, 51 young (104448K), 6 survivors (12288K)
 Metaspace       used 107361K, committed 108352K, reserved 1179648K
  class space    used 11970K, committed 12416K, reserved 1048576K
}
Event: 50.361 GC heap after
{Heap after GC invocations=39 (full 0):
 garbage-first heap   total reserved 3055616K, committed 208896K, used 69587K [0x0000000745800000, 0x0000000800000000)
  region size 2048K, 3 young (6144K), 3 survivors (6144K)
 Metaspace       used 107361K, committed 108352K, reserved 1179648K
  class space    used 11970K, committed 12416K, reserved 1048576K
}
Event: 56.787 GC heap before
{Heap before GC invocations=39 (full 0):
 garbage-first heap   total reserved 3055616K, committed 208896K, used 165843K [0x0000000745800000, 0x0000000800000000)
  region size 2048K, 50 young (102400K), 3 survivors (6144K)
 Metaspace       used 108214K, committed 109184K, reserved 1179648K
  class space    used 11977K, committed 12416K, reserved 1048576K
}
Event: 56.794 GC heap after
{Heap after GC invocations=40 (full 0):
 garbage-first heap   total reserved 3055616K, committed 208896K, used 61967K [0x0000000745800000, 0x0000000800000000)
  region size 2048K, 3 young (6144K), 3 survivors (6144K)
 Metaspace       used 108214K, committed 109184K, reserved 1179648K
  class space    used 11977K, committed 12416K, reserved 1048576K
}
Event: 60.140 GC heap before
{Heap before GC invocations=40 (full 0):
 garbage-first heap   total reserved 3055616K, committed 208896K, used 164367K [0x0000000745800000, 0x0000000800000000)
  region size 2048K, 54 young (110592K), 3 survivors (6144K)
 Metaspace       used 108526K, committed 109568K, reserved 1179648K
  class space    used 12001K, committed 12480K, reserved 1048576K
}
Event: 60.151 GC heap after
{Heap after GC invocations=41 (full 0):
 garbage-first heap   total reserved 3055616K, committed 208896K, used 61878K [0x0000000745800000, 0x0000000800000000)
  region size 2048K, 3 young (6144K), 3 survivors (6144K)
 Metaspace       used 108526K, committed 109568K, reserved 1179648K
  class space    used 12001K, committed 12480K, reserved 1048576K
}
Event: 70.884 GC heap before
{Heap before GC invocations=42 (full 0):
 garbage-first heap   total reserved 3055616K, committed 208896K, used 170422K [0x0000000745800000, 0x0000000800000000)
  region size 2048K, 56 young (114688K), 3 survivors (6144K)
 Metaspace       used 108643K, committed 109632K, reserved 1179648K
  class space    used 12004K, committed 12480K, reserved 1048576K
}
Event: 70.893 GC heap after
{Heap after GC invocations=43 (full 0):
 garbage-first heap   total reserved 3055616K, committed 208896K, used 62062K [0x0000000745800000, 0x0000000800000000)
  region size 2048K, 3 young (6144K), 3 survivors (6144K)
 Metaspace       used 108643K, committed 109632K, reserved 1179648K
  class space    used 12004K, committed 12480K, reserved 1048576K
}
Event: 73.854 GC heap before
{Heap before GC invocations=43 (full 0):
 garbage-first heap   total reserved 3055616K, committed 208896K, used 174702K [0x0000000745800000, 0x0000000800000000)
  region size 2048K, 58 young (118784K), 3 survivors (6144K)
 Metaspace       used 108697K, committed 109696K, reserved 1179648K
  class space    used 12006K, committed 12480K, reserved 1048576K
}
Event: 73.871 GC heap after
{Heap after GC invocations=44 (full 0):
 garbage-first heap   total reserved 3055616K, committed 208896K, used 58825K [0x0000000745800000, 0x0000000800000000)
  region size 2048K, 3 young (6144K), 3 survivors (6144K)
 Metaspace       used 108697K, committed 109696K, reserved 1179648K
  class space    used 12006K, committed 12480K, reserved 1048576K
}
Event: 77.820 GC heap before
{Heap before GC invocations=44 (full 0):
 garbage-first heap   total reserved 3055616K, committed 208896K, used 175561K [0x0000000745800000, 0x0000000800000000)
  region size 2048K, 60 young (122880K), 3 survivors (6144K)
 Metaspace       used 108772K, committed 109824K, reserved 1179648K
  class space    used 12007K, committed 12480K, reserved 1048576K
}
Event: 77.830 GC heap after
{Heap after GC invocations=45 (full 0):
 garbage-first heap   total reserved 3055616K, committed 208896K, used 58617K [0x0000000745800000, 0x0000000800000000)
  region size 2048K, 3 young (6144K), 3 survivors (6144K)
 Metaspace       used 108772K, committed 109824K, reserved 1179648K
  class space    used 12007K, committed 12480K, reserved 1048576K
}
Event: 85.074 GC heap before
{Heap before GC invocations=46 (full 0):
 garbage-first heap   total reserved 3055616K, committed 204800K, used 175353K [0x0000000745800000, 0x0000000800000000)
  region size 2048K, 60 young (122880K), 3 survivors (6144K)
 Metaspace       used 108830K, committed 109824K, reserved 1179648K
  class space    used 12011K, committed 12480K, reserved 1048576K
}
Event: 85.081 GC heap after
{Heap after GC invocations=47 (full 0):
 garbage-first heap   total reserved 3055616K, committed 204800K, used 58621K [0x0000000745800000, 0x0000000800000000)
  region size 2048K, 3 young (6144K), 3 survivors (6144K)
 Metaspace       used 108830K, committed 109824K, reserved 1179648K
  class space    used 12011K, committed 12480K, reserved 1048576K
}
Event: 91.098 GC heap before
{Heap before GC invocations=47 (full 0):
 garbage-first heap   total reserved 3055616K, committed 204800K, used 175357K [0x0000000745800000, 0x0000000800000000)
  region size 2048K, 60 young (122880K), 3 survivors (6144K)
 Metaspace       used 108853K, committed 109824K, reserved 1179648K
  class space    used 12011K, committed 12480K, reserved 1048576K
}
Event: 91.108 GC heap after
{Heap after GC invocations=48 (full 0):
 garbage-first heap   total reserved 3055616K, committed 204800K, used 56983K [0x0000000745800000, 0x0000000800000000)
  region size 2048K, 3 young (6144K), 3 survivors (6144K)
 Metaspace       used 108853K, committed 109824K, reserved 1179648K
  class space    used 12011K, committed 12480K, reserved 1048576K
}

Dll operation events (12 events):
Event: 0.017 Loaded shared library C:\Program Files\Java\jdk-24\bin\java.dll
Event: 0.059 Loaded shared library C:\Program Files\Java\jdk-24\bin\jsvml.dll
Event: 0.216 Loaded shared library C:\Program Files\Java\jdk-24\bin\zip.dll
Event: 0.227 Loaded shared library C:\Program Files\Java\jdk-24\bin\instrument.dll
Event: 0.236 Loaded shared library C:\Program Files\Java\jdk-24\bin\net.dll
Event: 0.241 Loaded shared library C:\Program Files\Java\jdk-24\bin\nio.dll
Event: 0.245 Loaded shared library C:\Program Files\Java\jdk-24\bin\zip.dll
Event: 0.252 Loaded shared library C:\Program Files\Java\jdk-24\bin\jimage.dll
Event: 0.609 Loaded shared library C:\Program Files\Java\jdk-24\bin\management.dll
Event: 0.627 Loaded shared library C:\Program Files\Java\jdk-24\bin\management_ext.dll
Event: 0.637 Loaded shared library C:\Program Files\Java\jdk-24\bin\extnet.dll
Event: 3.014 Loaded shared library C:\Program Files\Java\jdk-24\bin\sunmscapi.dll

Deoptimization events (20 events):
Event: 80.240 Thread 0x000002ae631250a0 DEOPT PACKING pc=0x000002ae0a220de5 sp=0x000000cf0cff8b80
Event: 80.240 Thread 0x000002ae631250a0 DEOPT UNPACKING pc=0x000002ae0fd66642 sp=0x000000cf0cff8038 mode 0
Event: 82.272 Thread 0x000002ae631224c0 DEOPT PACKING pc=0x000002ae09ca0065 sp=0x000000cf0cefed10
Event: 82.272 Thread 0x000002ae631224c0 DEOPT UNPACKING pc=0x000002ae0fd66642 sp=0x000000cf0cefe1e8 mode 0
Event: 84.100 Thread 0x000002ae60c81910 Uncommon trap: trap_request=0xffffffc6 fr.pc=0x000002ae10934ca0 relative=0x0000000000000800
Event: 84.100 Thread 0x000002ae60c81910 Uncommon trap: reason=bimorphic_or_optimized_type_check action=maybe_recompile pc=0x000002ae10934ca0 method=java.util.HashMap.removeNode(ILjava/lang/Object;Ljava/lang/Object;ZZ)Ljava/util/HashMap$Node; @ 143 c2
Event: 84.100 Thread 0x000002ae60c81910 DEOPT PACKING pc=0x000002ae10934ca0 sp=0x000000cf0d4ff3e0
Event: 84.100 Thread 0x000002ae60c81910 DEOPT UNPACKING pc=0x000002ae0fe35f02 sp=0x000000cf0d4ff348 mode 2
Event: 84.659 Thread 0x000002ae60c81910 Uncommon trap: trap_request=0xffffffc6 fr.pc=0x000002ae10934ca0 relative=0x0000000000000800
Event: 84.659 Thread 0x000002ae60c81910 Uncommon trap: reason=bimorphic_or_optimized_type_check action=maybe_recompile pc=0x000002ae10934ca0 method=java.util.HashMap.removeNode(ILjava/lang/Object;Ljava/lang/Object;ZZ)Ljava/util/HashMap$Node; @ 143 c2
Event: 84.659 Thread 0x000002ae60c81910 DEOPT PACKING pc=0x000002ae10934ca0 sp=0x000000cf0d4ff400
Event: 84.659 Thread 0x000002ae60c81910 DEOPT UNPACKING pc=0x000002ae0fe35f02 sp=0x000000cf0d4ff368 mode 2
Event: 85.771 Thread 0x000002ae5ff312f0 DEOPT PACKING pc=0x000002ae0a13b70c sp=0x000000cf0d3f9400
Event: 85.771 Thread 0x000002ae5ff312f0 DEOPT UNPACKING pc=0x000002ae0fd66642 sp=0x000000cf0d3f88e8 mode 0
Event: 91.468 Thread 0x000002ae63123ab0 DEOPT PACKING pc=0x000002ae09e06bcd sp=0x000000cf0ccfe970
Event: 91.468 Thread 0x000002ae63123ab0 DEOPT UNPACKING pc=0x000002ae0fd66642 sp=0x000000cf0ccfddf0 mode 0
Event: 93.093 Thread 0x000002ae60c827b0 Uncommon trap: trap_request=0xffffff4d fr.pc=0x000002ae109d5860 relative=0x0000000000000a00
Event: 93.093 Thread 0x000002ae60c827b0 Uncommon trap: reason=unstable_if action=reinterpret pc=0x000002ae109d5860 method=sun.nio.ch.NioSocketImpl.implRead([BII)I @ 160 c2
Event: 93.093 Thread 0x000002ae60c827b0 DEOPT PACKING pc=0x000002ae109d5860 sp=0x000000cf0b9ff090
Event: 93.093 Thread 0x000002ae60c827b0 DEOPT UNPACKING pc=0x000002ae0fe35f02 sp=0x000000cf0b9fee18 mode 2

Classes loaded (20 events):
Event: 40.770 Loading class java/util/concurrent/atomic/AtomicMarkableReference
Event: 40.770 Loading class java/util/concurrent/atomic/AtomicMarkableReference done
Event: 40.770 Loading class java/util/concurrent/atomic/AtomicMarkableReference$Pair
Event: 40.770 Loading class java/util/concurrent/atomic/AtomicMarkableReference$Pair done
Event: 40.770 Loading class sun/text/resources/FormatData_en
Event: 40.770 Loading class sun/text/resources/FormatData_en done
Event: 40.770 Loading class sun/util/resources/LocaleData$SupplementaryStrategy
Event: 40.770 Loading class sun/util/resources/LocaleData$SupplementaryStrategy done
Event: 40.770 Loading class sun/text/resources/JavaTimeSupplementary
Event: 40.771 Loading class sun/text/resources/JavaTimeSupplementary done
Event: 40.773 Loading class sun/util/resources/ParallelListResourceBundle$KeySet
Event: 40.773 Loading class sun/util/resources/ParallelListResourceBundle$KeySet done
Event: 40.775 Loading class sun/util/locale/provider/CalendarDataUtility$CalendarFieldValueNameGetter
Event: 40.776 Loading class sun/util/locale/provider/CalendarDataUtility$CalendarFieldValueNameGetter done
Event: 40.829 Loading class java/math/BigDecimal$StringBuilderHelper
Event: 40.843 Loading class java/math/BigDecimal$StringBuilderHelper done
Event: 41.390 Loading class java/util/concurrent/locks/ReentrantReadWriteLock$Sync$HoldCounter
Event: 41.391 Loading class java/util/concurrent/locks/ReentrantReadWriteLock$Sync$HoldCounter done
Event: 84.605 Loading class sun/util/locale/LocaleExtensions
Event: 84.632 Loading class sun/util/locale/LocaleExtensions done

Classes unloaded (0 events):
No events

Classes redefined (0 events):
No events

Internal exceptions (20 events):
Event: 18.165 Thread 0x000002ae5ff2f5b0 Exception <a 'java/lang/NoSuchMethodError'{0x0000000750817038}: 'java.lang.Object java.lang.invoke.DirectMethodHandle$Holder.newInvokeSpecial(java.lang.Object, java.lang.Object, int, int)'> (0x0000000750817038) 
thrown [s\open\src\hotspot\share\interpreter\linkResolver.cpp, line 805]
Event: 18.171 Thread 0x000002ae5ff2f5b0 Exception <a 'java/lang/NoSuchMethodError'{0x000000075085cfd8}: 'void java.lang.invoke.DirectMethodHandle$Holder.invokeStatic(java.lang.Object, java.lang.Object, int, int, java.lang.Object)'> (0x000000075085cfd8) 
thrown [s\open\src\hotspot\share\interpreter\linkResolver.cpp, line 805]
Event: 18.178 Thread 0x000002ae5ff2f5b0 Exception <a 'java/lang/NoSuchMethodError'{0x00000007508b4500}: 'void java.lang.invoke.DirectMethodHandle$Holder.invokeSpecialIFC(java.lang.Object, java.lang.Object, int, java.lang.Object, java.lang.Object, java.lang.Object, java.lang.Object)'> (0x00000007508b4500) 
thrown [s\open\src\hotspot\share\interpreter\linkResolver.cpp, line 805]
Event: 18.255 Thread 0x000002ae5ff2f5b0 Exception <a 'java/lang/NoSuchMethodError'{0x0000000750628380}: 'java.lang.Object java.lang.invoke.DirectMethodHandle$Holder.newInvokeSpecial(java.lang.Object, java.lang.Object, java.lang.Object, long)'> (0x0000000750628380) 
thrown [s\open\src\hotspot\share\interpreter\linkResolver.cpp, line 805]
Event: 18.256 Thread 0x000002ae5ff2f5b0 Exception <a 'java/lang/NoSuchMethodError'{0x0000000750630880}: 'java.lang.Object java.lang.invoke.Invokers$Holder.linkToTargetMethod(java.lang.Object, java.lang.Object, long, java.lang.Object)'> (0x0000000750630880) 
thrown [s\open\src\hotspot\share\interpreter\linkResolver.cpp, line 805]
Event: 18.265 Thread 0x000002ae5ff2f5b0 Implicit null exception at 0x000002ae10633ac3 to 0x000002ae10633fa8
Event: 18.309 Thread 0x000002ae5ff2f5b0 Exception <a 'java/lang/IncompatibleClassChangeError'{0x000000075076c410}: Found class java.lang.Object, but interface was expected> (0x000000075076c410) 
thrown [s\open\src\hotspot\share\interpreter\linkResolver.cpp, line 872]
Event: 39.512 Thread 0x000002ae60c83650 Exception <a 'java/lang/NoSuchMethodError'{0x000000075121c4e8}: 'java.lang.Object java.lang.invoke.DirectMethodHandle$Holder.invokeStatic(java.lang.Object, java.lang.Object, java.lang.Object, int, int)'> (0x000000075121c4e8) 
thrown [s\open\src\hotspot\share\interpreter\linkResolver.cpp, line 805]
Event: 39.512 Thread 0x000002ae60c83650 Exception <a 'java/lang/NoSuchMethodError'{0x0000000751224438}: 'java.lang.Object java.lang.invoke.DirectMethodHandle$Holder.invokeStaticInit(java.lang.Object, java.lang.Object, java.lang.Object, int, int)'> (0x0000000751224438) 
thrown [s\open\src\hotspot\share\interpreter\linkResolver.cpp, line 805]
Event: 39.584 Thread 0x000002ae6311f190 Exception <a 'java/lang/NoSuchMethodError'{0x000000074ff3c2e8}: 'java.lang.Object java.lang.invoke.DirectMethodHandle$Holder.invokeSpecial(java.lang.Object, java.lang.Object, java.lang.Object, java.lang.Object, java.lang.Object, long)'> (0x000000074ff3c2e8) 
thrown [s\open\src\hotspot\share\interpreter\linkResolver.cpp, line 805]
Event: 39.584 Thread 0x000002ae6311f190 Exception <a 'java/lang/NoSuchMethodError'{0x000000074ff44b68}: 'java.lang.Object java.lang.invoke.DirectMethodHandle$Holder.invokeSpecial(java.lang.Object, java.lang.Object, java.lang.Object, java.lang.Object, java.lang.Object, java.lang.Object, long)'> (0x000000074ff44b68) 
thrown [s\open\src\hotspot\share\interpreter\linkResolver.cpp, line 805]
Event: 39.584 Thread 0x000002ae6311f190 Exception <a 'java/lang/NoSuchMethodError'{0x000000074ff4ced0}: 'java.lang.Object java.lang.invoke.DelegatingMethodHandle$Holder.reinvoke_L(java.lang.Object, java.lang.Object, java.lang.Object, java.lang.Object, java.lang.Object, long)'> (0x000000074ff4ced0) 
thrown [s\open\src\hotspot\share\interpreter\linkResolver.cpp, line 805]
Event: 39.585 Thread 0x000002ae6311f190 Exception <a 'java/lang/NoSuchMethodError'{0x000000074ff5d1d0}: 'java.lang.Object java.lang.invoke.Invokers$Holder.linkToTargetMethod(java.lang.Object, java.lang.Object, java.lang.Object, long, java.lang.Object)'> (0x000000074ff5d1d0) 
thrown [s\open\src\hotspot\share\interpreter\linkResolver.cpp, line 805]
Event: 40.040 Thread 0x000002ae6311f190 Implicit null exception at 0x000002ae10664a58 to 0x000002ae1066501c
Event: 40.091 Thread 0x000002ae6311f190 Exception <a 'java/lang/IncompatibleClassChangeError'{0x000000074f08f330}: Found class java.lang.Object, but interface was expected> (0x000000074f08f330) 
thrown [s\open\src\hotspot\share\interpreter\linkResolver.cpp, line 872]
Event: 40.125 Thread 0x000002ae6311f190 Exception <a 'java/lang/NoSuchMethodError'{0x000000074f1bdf38}: 'java.lang.Object java.lang.invoke.Invokers$Holder.linkToTargetMethod(java.lang.Object, int, java.lang.Object, java.lang.Object, java.lang.Object, java.lang.Object)'> (0x000000074f1bdf38) 
thrown [s\open\src\hotspot\share\interpreter\linkResolver.cpp, line 805]
Event: 40.604 Thread 0x000002ae63124200 Exception <a 'java/lang/IncompatibleClassChangeError'{0x000000074eaa0108}: Found class java.lang.Object, but interface was expected> (0x000000074eaa0108) 
thrown [s\open\src\hotspot\share\interpreter\linkResolver.cpp, line 872]
Event: 40.632 Thread 0x000002ae63124950 Exception <a 'java/lang/NoSuchMethodError'{0x00000007519a8cf8}: 'void java.lang.invoke.Invokers$Holder.invokeExact_MT(java.lang.Object, java.lang.Object, int, java.lang.Object)'> (0x00000007519a8cf8) 
thrown [s\open\src\hotspot\share\interpreter\linkResolver.cpp, line 805]
Event: 95.859 Thread 0x000002ae5ff312f0 Exception <a 'java/net/SocketException'{0x000000074c7405f8}: Connection reset by peer: shutdown> (0x000000074c7405f8) 
thrown [s\open\src\hotspot\share\prims\jni.cpp, line 536]
Event: 95.979 Thread 0x000002ae63122c10 Exception <a 'java/net/SocketException'{0x000000074c413898}: Connection reset by peer: shutdown> (0x000000074c413898) 
thrown [s\open\src\hotspot\share\prims\jni.cpp, line 536]

VM Operations (20 events):
Event: 60.153 Executing VM operation: RendezvousGCThreads
Event: 60.153 Executing VM operation: RendezvousGCThreads done
Event: 60.271 Executing VM operation: G1PauseRemark
Event: 60.286 Executing VM operation: G1PauseRemark done
Event: 60.363 Executing VM operation: G1PauseCleanup
Event: 60.363 Executing VM operation: G1PauseCleanup done
Event: 70.872 Executing VM operation: G1CollectForAllocation (G1 Evacuation Pause)
Event: 70.893 Executing VM operation: G1CollectForAllocation (G1 Evacuation Pause) done
Event: 73.854 Executing VM operation: G1CollectForAllocation (G1 Evacuation Pause)
Event: 73.871 Executing VM operation: G1CollectForAllocation (G1 Evacuation Pause) done
Event: 77.820 Executing VM operation: G1CollectForAllocation (G1 Evacuation Pause)
Event: 77.830 Executing VM operation: G1CollectForAllocation (G1 Evacuation Pause) done
Event: 77.953 Executing VM operation: G1PauseRemark
Event: 77.966 Executing VM operation: G1PauseRemark done
Event: 78.004 Executing VM operation: G1PauseCleanup
Event: 78.004 Executing VM operation: G1PauseCleanup done
Event: 85.074 Executing VM operation: G1CollectForAllocation (G1 Evacuation Pause)
Event: 85.081 Executing VM operation: G1CollectForAllocation (G1 Evacuation Pause) done
Event: 91.098 Executing VM operation: G1CollectForAllocation (G1 Evacuation Pause)
Event: 91.108 Executing VM operation: G1CollectForAllocation (G1 Evacuation Pause) done

Memory protections (0 events):
No events

Nmethod flushes (20 events):
Event: 77.964 Thread 0x000002ae7ecb7a10 flushing  nmethod 0x000002ae09a0e108
Event: 77.964 Thread 0x000002ae7ecb7a10 flushing  nmethod 0x000002ae09a0f708
Event: 77.964 Thread 0x000002ae7ecb7a10 flushing  nmethod 0x000002ae09a11008
Event: 77.964 Thread 0x000002ae7ecb7a10 flushing  nmethod 0x000002ae09a11c88
Event: 77.964 Thread 0x000002ae7ecb7a10 flushing  nmethod 0x000002ae09a2a288
Event: 77.964 Thread 0x000002ae7ecb7a10 flushing  nmethod 0x000002ae09a32f08
Event: 77.964 Thread 0x000002ae7ecb7a10 flushing  nmethod 0x000002ae09a33388
Event: 77.964 Thread 0x000002ae7ecb7a10 flushing  nmethod 0x000002ae09a35c08
Event: 77.964 Thread 0x000002ae7ecb7a10 flushing  nmethod 0x000002ae09a36608
Event: 77.965 Thread 0x000002ae7ecb7a10 flushing  nmethod 0x000002ae09a37b08
Event: 77.965 Thread 0x000002ae7ecb7a10 flushing  nmethod 0x000002ae09a38488
Event: 77.965 Thread 0x000002ae7ecb7a10 flushing  nmethod 0x000002ae09a80d08
Event: 77.965 Thread 0x000002ae7ecb7a10 flushing  nmethod 0x000002ae09ac8d08
Event: 77.965 Thread 0x000002ae7ecb7a10 flushing  nmethod 0x000002ae09b01a88
Event: 77.965 Thread 0x000002ae7ecb7a10 flushing  nmethod 0x000002ae09b05608
Event: 77.965 Thread 0x000002ae7ecb7a10 flushing  nmethod 0x000002ae09b24908
Event: 77.965 Thread 0x000002ae7ecb7a10 flushing  nmethod 0x000002ae09b80688
Event: 77.965 Thread 0x000002ae7ecb7a10 flushing  nmethod 0x000002ae09b96908
Event: 77.965 Thread 0x000002ae7ecb7a10 flushing  nmethod 0x000002ae09bc3888
Event: 77.965 Thread 0x000002ae7ecb7a10 flushing  nmethod 0x000002ae09ca4e88

Events (20 events):
Event: 18.332 Thread 0x000002ae5ff2f5b0 Thread exited: 0x000002ae5ff2f5b0
Event: 18.334 Thread 0x000002ae5ff2dfc0 Thread exited: 0x000002ae5ff2dfc0
Event: 18.335 Thread 0x000002ae7abfe320 Thread exited: 0x000002ae7abfe320
Event: 18.335 Thread 0x000002ae60c82060 Thread added: 0x000002ae60c82060
Event: 18.702 Thread 0x000002ae61b702b0 Thread exited: 0x000002ae61b702b0
Event: 27.633 Thread 0x000002ae199150b0 Thread added: 0x000002ae60c827b0
Event: 40.633 Thread 0x000002ae7ecf5f30 Thread added: 0x000002ae61b702b0
Event: 41.356 Thread 0x000002ae61b702b0 Thread exited: 0x000002ae61b702b0
Event: 42.754 Thread 0x000002ae7ecf5f30 Thread added: 0x000002ae6481f060
Event: 44.874 Thread 0x000002ae6481f060 Thread exited: 0x000002ae6481f060
Event: 55.046 Thread 0x000002ae7ecf5f30 Thread added: 0x000002ae61ee4e50
Event: 55.451 Thread 0x000002ae61ee4e50 Thread exited: 0x000002ae61ee4e50
Event: 64.807 Thread 0x000002ae7ece7270 Thread added: 0x000002ae61ee4e50
Event: 65.372 Thread 0x000002ae61ee4e50 Thread exited: 0x000002ae61ee4e50
Event: 70.237 Thread 0x000002ae7ecf5f30 Thread added: 0x000002ae61ee8ad0
Event: 71.379 Thread 0x000002ae61ee8ad0 Thread exited: 0x000002ae61ee8ad0
Event: 71.609 Thread 0x000002ae7ece7270 Thread added: 0x000002ae61ee8ad0
Event: 76.831 Thread 0x000002ae61ee8ad0 Thread exited: 0x000002ae61ee8ad0
Event: 78.109 Thread 0x000002ae7ece7270 Thread added: 0x000002ae61eeb0a0
Event: 78.517 Thread 0x000002ae61eeb0a0 Thread exited: 0x000002ae61eeb0a0


Dynamic libraries:
0x00007ff75a370000 - 0x00007ff75a380000 	C:\Program Files\Java\jdk-24\bin\java.exe
0x00007ffc865e0000 - 0x00007ffc86847000 	C:\WINDOWS\SYSTEM32\ntdll.dll
0x00007ffc85080000 - 0x00007ffc85149000 	C:\WINDOWS\System32\KERNEL32.DLL
0x00007ffc83020000 - 0x00007ffc83411000 	C:\WINDOWS\System32\KERNELBASE.dll
0x00007ffc841a0000 - 0x00007ffc842eb000 	C:\WINDOWS\System32\ucrtbase.dll
0x00007ffc7dbb0000 - 0x00007ffc7dbc6000 	C:\Program Files\Java\jdk-24\bin\jli.dll
0x00007ffc844a0000 - 0x00007ffc84665000 	C:\WINDOWS\System32\USER32.dll
0x00007ffc84170000 - 0x00007ffc84197000 	C:\WINDOWS\System32\win32u.dll
0x00007ffc86050000 - 0x00007ffc8607b000 	C:\WINDOWS\System32\GDI32.dll
0x00007ffc84040000 - 0x00007ffc8416a000 	C:\WINDOWS\System32\gdi32full.dll
0x00007ffc82ec0000 - 0x00007ffc82f63000 	C:\WINDOWS\System32\msvcp_win.dll
0x00007ffc64cf0000 - 0x00007ffc64f83000 	C:\WINDOWS\WinSxS\amd64_microsoft.windows.common-controls_6595b64144ccf1df_6.0.26100.7922_none_3e089e1ee3342171\COMCTL32.dll
0x00007ffc859f0000 - 0x00007ffc85a99000 	C:\WINDOWS\System32\msvcrt.dll
0x00007ffc7d1a0000 - 0x00007ffc7d1bb000 	C:\Program Files\Java\jdk-24\bin\VCRUNTIME140.dll
0x00007ffc86430000 - 0x00007ffc86461000 	C:\WINDOWS\System32\IMM32.DLL
0x00007ffc7fee0000 - 0x00007ffc7feec000 	C:\Program Files\Java\jdk-24\bin\vcruntime140_1.dll
0x00007ffc74f90000 - 0x00007ffc7501e000 	C:\Program Files\Java\jdk-24\bin\msvcp140.dll
0x00007ffbd3b00000 - 0x00007ffbd48a2000 	C:\Program Files\Java\jdk-24\bin\server\jvm.dll
0x00007ffc862a0000 - 0x00007ffc8635b000 	C:\WINDOWS\System32\ADVAPI32.dll
0x00007ffc84380000 - 0x00007ffc84427000 	C:\WINDOWS\System32\sechost.dll
0x00007ffc86470000 - 0x00007ffc86588000 	C:\WINDOWS\System32\RPCRT4.dll
0x00007ffc84670000 - 0x00007ffc846e4000 	C:\WINDOWS\System32\WS2_32.dll
0x00007ffc82d20000 - 0x00007ffc82d7e000 	C:\WINDOWS\SYSTEM32\POWRPROF.dll
0x00007ffc71030000 - 0x00007ffc7103b000 	C:\WINDOWS\SYSTEM32\VERSION.dll
0x00007ffc7b250000 - 0x00007ffc7b285000 	C:\WINDOWS\SYSTEM32\WINMM.dll
0x00007ffc82d00000 - 0x00007ffc82d14000 	C:\WINDOWS\SYSTEM32\UMPDC.dll
0x00007ffc81c50000 - 0x00007ffc81c6b000 	C:\WINDOWS\SYSTEM32\kernel.appcore.dll
0x00007ffc7ddd0000 - 0x00007ffc7ddda000 	C:\Program Files\Java\jdk-24\bin\jimage.dll
0x00007ffc80fb0000 - 0x00007ffc811f2000 	C:\WINDOWS\SYSTEM32\DBGHELP.DLL
0x00007ffc85cc0000 - 0x00007ffc86042000 	C:\WINDOWS\System32\combase.dll
0x00007ffc858b0000 - 0x00007ffc85987000 	C:\WINDOWS\System32\OLEAUT32.dll
0x00007ffc5fe30000 - 0x00007ffc5fe6b000 	C:\WINDOWS\SYSTEM32\dbgcore.DLL
0x00007ffc82f70000 - 0x00007ffc83015000 	C:\WINDOWS\System32\bcryptPrimitives.dll
0x00007ffc7d910000 - 0x00007ffc7d91f000 	C:\Program Files\Java\jdk-24\bin\instrument.dll
0x00007ffc754a0000 - 0x00007ffc754be000 	C:\Program Files\Java\jdk-24\bin\java.dll
0x00007ffc85b20000 - 0x00007ffc85cb5000 	C:\WINDOWS\System32\ole32.dll
0x00007ffc84910000 - 0x00007ffc8506f000 	C:\WINDOWS\System32\SHELL32.dll
0x00007ffc835a0000 - 0x00007ffc8370a000 	C:\WINDOWS\System32\wintypes.dll
0x00007ffc837d0000 - 0x00007ffc84034000 	C:\WINDOWS\System32\windows.storage.dll
0x00007ffc85210000 - 0x00007ffc85307000 	C:\WINDOWS\System32\SHCORE.dll
0x00007ffc84430000 - 0x00007ffc84497000 	C:\WINDOWS\System32\shlwapi.dll
0x00007ffc82de0000 - 0x00007ffc82e09000 	C:\WINDOWS\SYSTEM32\profapi.dll
0x00007ffc623e0000 - 0x00007ffc624b7000 	C:\Program Files\Java\jdk-24\bin\jsvml.dll
0x00007ffc753b0000 - 0x00007ffc753c7000 	C:\Program Files\Java\jdk-24\bin\zip.dll
0x00007ffc753a0000 - 0x00007ffc753b0000 	C:\Program Files\Java\jdk-24\bin\net.dll
0x00007ffc821c0000 - 0x00007ffc8222b000 	C:\WINDOWS\system32\mswsock.dll
0x00007ffc75380000 - 0x00007ffc75396000 	C:\Program Files\Java\jdk-24\bin\nio.dll
0x00007ffc81720000 - 0x00007ffc8184a000 	C:\WINDOWS\SYSTEM32\DNSAPI.dll
0x00007ffc816e0000 - 0x00007ffc81713000 	C:\WINDOWS\SYSTEM32\IPHLPAPI.DLL
0x00007ffc857a0000 - 0x00007ffc857aa000 	C:\WINDOWS\System32\NSI.dll
0x00007ffc72040000 - 0x00007ffc7204b000 	C:\Windows\System32\rasadhlp.dll
0x00007ffc7b0c0000 - 0x00007ffc7b146000 	C:\WINDOWS\System32\fwpuclnt.dll
0x00007ffc75370000 - 0x00007ffc7537a000 	C:\Program Files\Java\jdk-24\bin\management.dll
0x00007ffc751f0000 - 0x00007ffc751fb000 	C:\Program Files\Java\jdk-24\bin\management_ext.dll
0x00007ffc86080000 - 0x00007ffc86088000 	C:\WINDOWS\System32\PSAPI.DLL
0x00007ffc751e0000 - 0x00007ffc751e9000 	C:\Program Files\Java\jdk-24\bin\extnet.dll
0x00007ffc824a0000 - 0x00007ffc824bb000 	C:\WINDOWS\SYSTEM32\CRYPTSP.dll
0x00007ffc81bb0000 - 0x00007ffc81be9000 	C:\WINDOWS\system32\rsaenh.dll
0x00007ffc82270000 - 0x00007ffc822a2000 	C:\WINDOWS\SYSTEM32\USERENV.dll
0x00007ffc82db0000 - 0x00007ffc82dda000 	C:\WINDOWS\SYSTEM32\bcrypt.dll
0x00007ffc824c0000 - 0x00007ffc824cc000 	C:\WINDOWS\SYSTEM32\CRYPTBASE.dll
0x00007ffc58b60000 - 0x00007ffc58b78000 	C:\WINDOWS\system32\napinsp.dll
0x00007ffc58b40000 - 0x00007ffc58b56000 	C:\WINDOWS\system32\wshbth.dll
0x00007ffc58b10000 - 0x00007ffc58b32000 	C:\WINDOWS\system32\nlansp_c.dll
0x00007ffc58af0000 - 0x00007ffc58b02000 	C:\WINDOWS\System32\winrnr.dll
0x00007ffc5c9d0000 - 0x00007ffc5ca26000 	C:\WINDOWS\SYSTEM32\pdh.dll
0x00007ffc59440000 - 0x00007ffc59452000 	C:\WINDOWS\System32\perfproc.dll
0x00007ffc593b0000 - 0x00007ffc593c1000 	C:\WINDOWS\System32\perfos.dll
0x00007ffc812c0000 - 0x00007ffc812d2000 	C:\WINDOWS\SYSTEM32\pfclient.dll
0x00007ffc74f80000 - 0x00007ffc74f8e000 	C:\Program Files\Java\jdk-24\bin\sunmscapi.dll
0x00007ffc83420000 - 0x00007ffc83597000 	C:\WINDOWS\System32\CRYPT32.dll
0x00007ffc826c0000 - 0x00007ffc826f0000 	C:\WINDOWS\SYSTEM32\ncrypt.dll
0x00007ffc82670000 - 0x00007ffc826af000 	C:\WINDOWS\SYSTEM32\NTASN1.dll
0x00007ffc565c0000 - 0x00007ffc565c8000 	C:\WINDOWS\system32\wshunix.dll

JVMTI agents:
C:\Program Files\JetBrains\IntelliJ IDEA 2025.3.2\lib\idea_rt.jar path:C:\Program Files\Java\jdk-24\bin\instrument.dll, loaded, initialized, instrumentlib options:54890

dbghelp: loaded successfully - version: 4.0.5 - missing functions: none
symbol engine: initialized successfully - sym options: 0x614 - pdb path: .;C:\Program Files\Java\jdk-24\bin;C:\WINDOWS\SYSTEM32;C:\WINDOWS\WinSxS\amd64_microsoft.windows.common-controls_6595b64144ccf1df_6.0.26100.7922_none_3e089e1ee3342171;C:\Program Files\Java\jdk-24\bin\server

VM Arguments:
jvm_args: -javaagent:C:\Program Files\JetBrains\IntelliJ IDEA 2025.3.2\lib\idea_rt.jar=54890 -Dfile.encoding=UTF-8 -Dsun.stdout.encoding=UTF-8 -Dsun.stderr.encoding=UTF-8 
java_command: com.saxodevs.pos.PosApplication
java_class_path (initial): C:\Users\saxod\Desktop\Level 300\ADVANCED JAVA\MINI PROJECT IV\pos\target\classes;C:\Users\saxod\.m2\repository\org\springframework\boot\spring-boot-starter-actuator\4.0.3\spring-boot-starter-actuator-4.0.3.jar;C:\Users\saxod\.m2\repository\org\springframework\boot\spring-boot-starter\4.0.3\spring-boot-starter-4.0.3.jar;C:\Users\saxod\.m2\repository\org\springframework\boot\spring-boot-starter-logging\4.0.3\spring-boot-starter-logging-4.0.3.jar;C:\Users\saxod\.m2\repository\ch\qos\logback\logback-classic\1.5.32\logback-classic-1.5.32.jar;C:\Users\saxod\.m2\repository\ch\qos\logback\logback-core\1.5.32\logback-core-1.5.32.jar;C:\Users\saxod\.m2\repository\org\apache\logging\log4j\log4j-to-slf4j\2.25.3\log4j-to-slf4j-2.25.3.jar;C:\Users\saxod\.m2\repository\org\apache\logging\log4j\log4j-api\2.25.3\log4j-api-2.25.3.jar;C:\Users\saxod\.m2\repository\org\slf4j\jul-to-slf4j\2.0.17\jul-to-slf4j-2.0.17.jar;C:\Users\saxod\.m2\repository\jakarta\annotation\jakarta.annotation-api\3.0.0\jakarta.annotation-api-3.0.0.jar;C:\Users\saxod\.m2\repository\org\yaml\snakeyaml\2.5\snakeyaml-2.5.jar;C:\Users\saxod\.m2\repository\org\springframework\boot\spring-boot-starter-micrometer-metrics\4.0.3\spring-boot-starter-micrometer-metrics-4.0.3.jar;C:\Users\saxod\.m2\repository\org\springframework\boot\spring-boot-micrometer-metrics\4.0.3\spring-boot-micrometer-metrics-4.0.3.jar;C:\Users\saxod\.m2\repository\org\springframework\boot\spring-boot-micrometer-observation\4.0.3\spring-boot-micrometer-observation-4.0.3.jar;C:\Users\saxod\.m2\repository\org\springframework\boot\spring-boot-actuator-autoconfigure\4.0.3\spring-boot-actuator-autoconfigure-4.0.3.jar;C:\Users\saxod\.m2\repository\org\springframework\boot\spring-boot-actuator\4.0.3\spring-boot-actuator-4.0.3.jar;C:\Users\saxod\.m2\repository\org\springframework\boot\spring-boot-health\4.0.3\spring-boot-health-4.0.3.jar;C:\Users\saxod\.m2\repository\io\micrometer\micrometer-observation\1.16.3\micrometer-observation-1.16.3.jar;C:\Users\saxod\.m2\repository\org\jspecify\jspecify\1.0.0\jspecify-1.0.0.jar;C:\Users\saxod\.m2\repository\io\micrometer\micrometer-commons\1.16.3\micrometer-commons-1.16.3.jar;C:\Users\saxod\.m2\repository\io\micrometer\micrometer-jakarta9\1.16.3\micrometer-jakarta9-1.16.3.jar;C:\Users\saxod\.m2\repository\io\micrometer\micrometer-core\1.16.3\micrometer-core-1.16.3.jar;C:\Users\saxod\.m2\repository\org\hdrhistogram\HdrHistogram\2.2.2\HdrHistogram-2.2.2.jar;C:\Users\saxod\.m2\repository\org\latencyutils\LatencyUtils\2.0.3\LatencyUtils-2.0.3.jar;C:\Users\saxod\.m2\repository\org\springframework\boot\spring-boot-starter-data-jpa\4.0.3\spring-boot-starter-data-jpa-4.0.3.jar;C:\Users\saxod\.m2\repository\org\springframework\boot\spring-boot-starter-jdbc\4.0.3\spring-boot-starter-jdbc-4.0.3.jar;C:\Users\saxod\.m2\repository\com\zaxxer\HikariCP\7.0.2\HikariCP-7.0.2.jar;C:\Users\saxod\.m2\repository\org\slf4j\slf4j-api\2.0.17\slf4j-api-2.0.17.jar;C:\Users\saxod\.m2\repository\org\springframework\boot\spring-boot-data-jpa\4.0.3\spring-boot-data-jpa-4.0.3.jar;C:\Users\saxod\.m2\repository\org\springframework\boot\spring-boot-data-commons\4.0.3\spring-boot-data-commons-4.0.3.jar;C:\Users\saxod\.m2\repository\org\springframework\boot\spring-boot-persistence\4.0.3\spring-boot-persistence-4.0.3.jar;C:\Users\saxod\.m2\repository\org\springframework\data\spring-data-commons\4.0.3\spring-data-commons-4.0.3.jar;C:\Users\saxod\.m2\repository\org\springframework\boot\spring-boot-hibernate\4.0.3\spring-boot-hibernate-4.0.3.jar;C:\Users\saxod\.m2\repository\org\springframework\boot\spring-boot-jpa\4.0.3\spring-boot-jpa-4.0.3.jar;C:\Users\saxod\.m2\repository\jakarta\persistence\jakarta.persistence-api\3.2.0\jakarta.persistence-api-3.2.0.jar;C:\Users\saxod\.m2\repository\org\hibernate\orm\hibernate-core\7.2.4.Final\hibernate-core-7.2.4.Final.jar;C:\Users\saxod\.m2\repository\jakarta\transaction\jakarta.transaction-api\2.0.1\jakarta.transaction-api-2.0.1.jar;C:\Users\saxod\.m2\repository\org\hibernate\models\hibernate-models\1.0.1\hibernate-models-1.0.1.jar;C:\Users\saxod\.m2\repository\org\glassfish\jaxb\jaxb-runtime\4.0.6\jaxb-runtime-4.0.6.jar;C:\Users\saxod\.m2\repository\org\glassfish\jaxb\jaxb-core\4.0.6\jaxb-core-4.0.6.jar;C:\Users\saxod\.m2\repository\org\eclipse\angus\angus-activation\2.0.3\angus-activation-2.0.3.jar;C:\Users\saxod\.m2\repository\org\glassfish\jaxb\txw2\4.0.6\txw2-4.0.6.jar;C:\Users\saxod\.m2\repository\com\sun\istack\istack-commons-runtime\4.1.2\istack-commons-runtime-4.1.2.jar;C:\Users\saxod\.m2\repository\jakarta\inject\jakarta.inject-api\2.0.1\jakarta.inject-api-2.0.1.jar;C:\Users\saxod\.m2\repository\org\springframework\spring-orm\7.0.5\spring-orm-7.0.5.jar;C:\Users\saxod\.m2\repository\org\springframework\data\spring-data-jpa\4.0.3\spring-data-jpa-4.0.3.jar;C:\Users\saxod\.m2\repository\org\springframework\spring-tx\7.0.5\spring-tx-7.0.5.jar;C:\Users\saxod\.m2\repository\org\antlr\antlr4-runtime\4.13.2\antlr4-runtime-4.13.2.jar;C:\Users\saxod\.m2\repository\org\springframework\spring-aspects\7.0.5\spring-aspects-7.0.5.jar;C:\Users\saxod\.m2\repository\org\aspectj\aspectjweaver\1.9.25.1\aspectjweaver-1.9.25.1.jar;C:\Users\saxod\.m2\repository\org\springframework\boot\spring-boot-jdbc\4.0.3\spring-boot-jdbc-4.0.3.jar;C:\Users\saxod\.m2\repository\org\springframework\boot\spring-boot-sql\4.0.3\spring-boot-sql-4.0.3.jar;C:\Users\saxod\.m2\repository\org\springframework\boot\spring-boot-transaction\4.0.3\spring-boot-transaction-4.0.3.jar;C:\Users\saxod\.m2\repository\org\springframework\spring-jdbc\7.0.5\spring-jdbc-7.0.5.jar;C:\Users\saxod\.m2\repository\org\springframework\boot\spring-boot-starter-validation\4.0.3\spring-boot-starter-validation-4.0.3.jar;C:\Users\saxod\.m2\repository\org\springframework\boot\spring-boot-validation\4.0.3\spring-boot-validation-4.0.3.jar;C:\Users\saxod\.m2\repository\org\apache\tomcat\embed\tomcat-embed-el\11.0.18\tomcat-embed-el-11.0.18.jar;C:\Users\saxod\.m2\repository\org\hibernate\validator\hibernate-validator\9.0.1.Final\hibernate-validator-9.0.1.Final.jar;C:\Users\saxod\.m2\repository\jakarta\validation\jakarta.validation-api\3.1.1\jakarta.validation-api-3.1.1.jar;C:\Users\saxod\.m2\repository\org\jboss\logging\jboss-logging\3.6.2.Final\jboss-logging-3.6.2.Final.jar;C:\Users\saxod\.m2\repository\com\fasterxml\classmate\1.7.3\classmate-1.7.3.jar;C:\Users\saxod\.m2\repository\org\springframework\boot\spring-boot-starter-webmvc\4.0.3\spring-boot-starter-webmvc-4.0.3.jar;C:\Users\saxod\.m2\repository\org\springframework\boot\spring-boot-starter-jackson\4.0.3\spring-boot-starter-jackson-4.0.3.jar;C:\Users\saxod\.m2\repository\org\springframework\boot\spring-boot-jackson\4.0.3\spring-boot-jackson-4.0.3.jar;C:\Users\saxod\.m2\repository\tools\jackson\core\jackson-databind\3.0.4\jackson-databind-3.0.4.jar;C:\Users\saxod\.m2\repository\tools\jackson\core\jackson-core\3.0.4\jackson-core-3.0.4.jar;C:\Users\saxod\.m2\repository\org\springframework\boot\spring-boot-starter-tomcat\4.0.3\spring-boot-starter-tomcat-4.0.3.jar;C:\Users\saxod\.m2\repository\org\springframework\boot\spring-boot-starter-tomcat-runtime\4.0.3\spring-boot-starter-tomcat-runtime-4.0.3.jar;C:\Users\saxod\.m2\repository\org\apache\tomcat\embed\tomcat-embed-core\11.0.18\tomcat-embed-core-11.0.18.jar;C:\Users\saxod\.m2\repository\org\apache\tomcat\embed\tomcat-embed-websocket\11.0.18\tomcat-embed-websocket-11.0.18.jar;C:\Users\saxod\.m2\repository\org\springframework\boot\spring-boot-tomcat\4.0.3\spring-boot-tomcat-4.0.3.jar;C:\Users\saxod\.m2\repository\org\springframework\boot\spring-boot-http-converter\4.0.3\spring-boot-http-converter-4.0.3.jar;C:\Users\saxod\.m2\repository\org\springframework\spring-web\7.0.5\spring-web-7.0.5.jar;C:\Users\saxod\.m2\repository\org\springframework\boot\spring-boot-webmvc\4.0.3\spring-boot-webmvc-4.0.3.jar;C:\Users\saxod\.m2\repository\org\springframework\boot\spring-boot-servlet\4.0.3\spring-boot-servlet-4.0.3.jar;C:\Users\saxod\.m2\repository\org\springframework\spring-webmvc\7.0.5\spring-webmvc-7.0.5.jar;C:\Users\saxod\.m2\repository\org\springframework\spring-expression\7.0.5\spring-expression-7.0.5.jar;C:\Users\saxod\.m2\repository\org\springframework\boot\spring-boot-devtools\4.0.3\spring-boot-devtools-4.0.3.jar;C:\Users\saxod\.m2\repository\org\springframework\boot\spring-boot\4.0.3\spring-boot-4.0.3.jar;C:\Users\saxod\.m2\repository\org\springframework\spring-core\7.0.5\spring-core-7.0.5.jar;C:\Users\saxod\.m2\repository\commons-logging\commons-logging\1.3.5\commons-logging-1.3.5.jar;C:\Users\saxod\.m2\repository\org\springframework\spring-context\7.0.5\spring-context-7.0.5.jar;C:\Users\saxod\.m2\repository\org\springframework\boot\spring-boot-autoconfigure\4.0.3\spring-boot-autoconfigure-4.0.3.jar;C:\Users\saxod\.m2\repository\org\projectlombok\lombok\1.18.42\lombok-1.18.42.jar;C:\Users\saxod\.m2\repository\io\jsonwebtoken\jjwt-api\0.13.0\jjwt-api-0.13.0.jar;C:\Users\saxod\.m2\repository\io\jsonwebtoken\jjwt-impl\0.13.0\jjwt-impl-0.13.0.jar;C:\Users\saxod\.m2\repository\io\jsonwebtoken\jjwt-jackson\0.13.0\jjwt-jackson-0.13.0.jar;C:\Users\saxod\.m2\repository\com\fasterxml\jackson\core\jackson-databind\2.20.2\jackson-databind-2.20.2.jar;C:\Users\saxod\.m2\repository\com\fasterxml\jackson\core\jackson-annotations\2.20\jackson-annotations-2.20.jar;C:\Users\saxod\.m2\repository\com\fasterxml\jackson\core\jackson-core\2.20.2\jackson-core-2.20.2.jar;C:\Users\saxod\.m2\repository\jakarta\xml\bind\jakarta.xml.bind-api\4.0.4\jakarta.xml.bind-api-4.0.4.jar;C:\Users\saxod\.m2\repository\jakarta\activation\jakarta.activation-api\2.1.4\jakarta.activation-api-2.1.4.jar;C:\Users\saxod\.m2\repository\net\bytebuddy\byte-buddy\1.17.8\byte-buddy-1.17.8.jar;C:\Users\saxod\.m2\repository\org\springframework\boot\spring-boot-web-server\4.0.3\spring-boot-web-server-4.0.3.jar;C:\Users\saxod\.m2\repository\org\springframework\boot\spring-boot-starter-security\4.0.3\spring-boot-starter-security-4.0.3.jar;C:\Users\saxod\.m2\repository\org\springframework\boot\spring-boot-security\4.0.3\spring-boot-security-4.0.3.jar;C:\Users\saxod\.m2\repository\org\springframework\security\spring-security-config\7.0.3\spring-security-config-7.0.3.jar;C:\Users\saxod\.m2\repository\org\springframework\security\spring-security-core\7.0.3\spring-security-core-7.0.3.jar;C:\Users\saxod\.m2\repository\org\springframework\security\spring-security-crypto\7.0.3\spring-security-crypto-7.0.3.jar;C:\Users\saxod\.m2\repository\org\springframework\security\spring-security-web\7.0.3\spring-security-web-7.0.3.jar;C:\Users\saxod\.m2\repository\org\springframework\spring-aop\7.0.5\spring-aop-7.0.5.jar;C:\Users\saxod\.m2\repository\org\springframework\spring-beans\7.0.5\spring-beans-7.0.5.jar;C:\Users\saxod\.m2\repository\org\postgresql\postgresql\42.7.10\postgresql-42.7.10.jar;C:\Users\saxod\.m2\repository\org\checkerframework\checker-qual\3.52.0\checker-qual-3.52.0.jar;C:\Users\saxod\.m2\repository\com\mysql\mysql-connector-j\9.6.0\mysql-connector-j-9.6.0.jar
Launcher Type: SUN_STANDARD

[Global flags]
     intx CICompilerCount                          = 3                                         {product} {ergonomic}
     uint ConcGCThreads                            = 1                                         {product} {ergonomic}
     uint G1ConcRefinementThreads                  = 4                                         {product} {ergonomic}
   size_t G1HeapRegionSize                         = 2097152                                   {product} {ergonomic}
   size_t InitialHeapSize                          = 197132288                                 {product} {ergonomic}
   size_t MarkStackSize                            = 4194304                                   {product} {ergonomic}
   size_t MarkStackSizeMax                         = 536870912                                 {product} {ergonomic}
   size_t MaxHeapSize                              = 3128950784                                {product} {ergonomic}
   size_t MaxNewSize                               = 1876951040                                {product} {ergonomic}
   size_t MinHeapDeltaBytes                        = 2097152                                   {product} {ergonomic}
   size_t MinHeapSize                              = 8388608                                   {product} {ergonomic}
    uintx NonNMethodCodeHeapSize                   = 5832704                                {pd product} {ergonomic}
    uintx NonProfiledCodeHeapSize                  = 122945536                              {pd product} {ergonomic}
    uintx ProfiledCodeHeapSize                     = 122880000                              {pd product} {ergonomic}
    uintx ReservedCodeCacheSize                    = 251658240                              {pd product} {ergonomic}
     bool SegmentedCodeCache                       = true                                      {product} {ergonomic}
   size_t SoftMaxHeapSize                          = 3128950784                             {manageable} {ergonomic}
     bool UseCompressedOops                        = true                           {product lp64_product} {ergonomic}
     bool UseG1GC                                  = true                                      {product} {ergonomic}
     bool UseLargePagesIndividualAllocation        = false                                  {pd product} {ergonomic}

Logging:
Log output configuration:
 #0: stdout all=warning uptime,level,tags foldmultilines=false
 #1: stderr all=off uptime,level,tags foldmultilines=false

Environment Variables:
JAVA_HOME=C:\Program Files\Java\jdk-24
PATH=C:\Program Files\Java\jdk-24\bin;C:\Program Files\Common Files\Oracle\Java\javapath;C:\WINDOWS\system32;C:\WINDOWS;C:\WINDOWS\System32\Wbem;C:\WINDOWS\System32\WindowsPowerShell\v1.0\;C:\WINDOWS\System32\OpenSSH\;C:\Program Files\Git\cmd;C:\Program Files\nodejs\;C:\src\flutter\bin;C:\src\gradle-9.0.0\bin;C:\src\spring-3.5.3\bin;C:\Program Files\dotnet\;\C:\Program Files\Java\jdk-24\bin;C:\Users\saxod\AppData\Local\Pub\Cache\bin;C:\Users\saxod\AppData\Local\Android\Sdk\platform-tools;C:\Users\saxod\AppData\Local\Android\Sdk\tools\bin;C:\Users\saxod\AppData\Local\Android\Sdk\emulator;C:\Program Files\MySQL\MySQL Server 8.0\bin;C:\Users\saxod\.local\bin;C:\Program Files\MySQL\MySQL Shell 8.0\bin\;C:\Users\saxod\AppData\Local\Programs\Python\Python314\Scripts\;C:\Users\saxod\AppData\Local\Programs\Python\Python314\;C:\Users\saxod\AppData\Local\Programs\Python\Python310\Scripts\;C:\Users\saxod\AppData\Local\Programs\Python\Python310\;C:\Users\saxod\AppData\Local\Microsoft\WindowsApps;C:\Users\saxod\AppData\Roaming\npm;C:\Users\saxod\AppData\Local\Programs\Microsoft VS Code\bin;C:\Users\saxod\AppData\Local\GitHubDesktop\bin;C:\Users\saxod\.dotnet\tools;C:\Program Files\JetBrains\IntelliJ IDEA 2025.3.2\bin;C:\Users\saxod\AppData\Local\JetBrains\Toolbox\scripts;
USERNAME=saxod
OS=Windows_NT
PROCESSOR_IDENTIFIER=Intel64 Family 6 Model 140 Stepping 1, GenuineIntel
TMP=C:\Users\saxod\AppData\Local\Temp
TEMP=C:\Users\saxod\AppData\Local\Temp




Periodic native trim disabled

---------------  S Y S T E M  ---------------

OS:
 Windows 11 , 64 bit Build 26100 (10.0.26100.7920)
OS uptime: 1 days 20:13 hours
Hyper-V role detected

CPU: total 4 (initial active 4) (2 cores per cpu, 2 threads per core) family 6 model 140 stepping 1 microcode 0xb4, cx8, cmov, fxsr, ht, mmx, 3dnowpref, sse, sse2, sse3, ssse3, sse4.1, sse4.2, popcnt, lzcnt, tsc, tscinvbit, avx, avx2, aes, erms, clmul, bmi1, bmi2, adx, avx512f, avx512dq, avx512cd, avx512bw, avx512vl, sha, fma, vzeroupper, avx512_vpopcntdq, avx512_vpclmulqdq, avx512_vaes, avx512_vnni, clflush, clflushopt, clwb, avx512_vbmi2, avx512_vbmi, hv, rdtscp, rdpid, fsrm, gfni, avx512_bitalg, f16c, cet_ibt, cet_ss, avx512_ifma
Processor Information for the first 4 processors :
  Max Mhz: 2901, Current Mhz: 2901, Mhz Limit: 2901

Memory: 4k page, system-wide physical 11930M (1257M free)
TotalPageFile size 24985M (AvailPageFile size 5M)
current process WorkingSet (physical memory assigned to process): 440M, peak: 502M
current process commit charge ("private bytes"): 495M, peak: 555M

vm_info: Java HotSpot(TM) 64-Bit Server VM (24.0.1+9-30) for windows-amd64 JRE (24.0.1+9-30), built on 2025-03-05T07:23:45Z with MS VC++ 17.6 (VS2022)

END.
