#
# There is insufficient memory for the Java Runtime Environment to continue.
# Native memory allocation (malloc) failed to allocate 1817104 bytes. Error detail: Chunk::new
# Possible reasons:
#   The system is out of physical RAM or swap space
#   This process is running with CompressedOops enabled, and the Java Heap may be blocking the growth of the native heap
# Possible solutions:
#   Reduce memory load on the system
#   Increase physical memory or swap space
#   Check if swap backing store is full
#   Decrease Java heap size (-Xmx/-Xms)
#   Decrease number of Java threads
#   Decrease Java thread stack sizes (-Xss)
#   Set larger code cache with -XX:ReservedCodeCacheSize=
#   JVM is running with Zero Based Compressed Oops mode in which the Java heap is
#     placed in the first 32GB address space. The Java Heap base address is the
#     maximum limit for the native heap growth. Please use -XX:HeapBaseMinAddress
#     to set the Java Heap base and to place the Java Heap above 32GB virtual address.
# This output file may be truncated or incomplete.
#
#  Out of Memory Error (arena.cpp:162), pid=4876, tid=23012
#
# JRE version: Java(TM) SE Runtime Environment (24.0.1+9) (build 24.0.1+9-30)
# Java VM: Java HotSpot(TM) 64-Bit Server VM (24.0.1+9-30, mixed mode, sharing, tiered, compressed oops, compressed class ptrs, g1 gc, windows-amd64)
# No core dump will be written. Minidumps are not enabled by default on client versions of Windows
#

---------------  S U M M A R Y ------------

Command Line: -javaagent:C:\Program Files\JetBrains\IntelliJ IDEA 2025.3.2\lib\idea_rt.jar=64974 -Dfile.encoding=UTF-8 -Dsun.stdout.encoding=UTF-8 -Dsun.stderr.encoding=UTF-8 com.saxodevs.pos.PosApplication

Host: 11th Gen Intel(R) Core(TM) i3-1115G4 @ 3.00GHz, 4 cores, 11G,  Windows 11 , 64 bit Build 26100 (10.0.26100.7920)
Time: Thu Apr 23 10:07:02 2026 Greenwich Standard Time elapsed time: 132.778241 seconds (0d 0h 2m 12s)

---------------  T H R E A D  ---------------

Current thread (0x00000298f87ac170):  JavaThread "C2 CompilerThread0" daemon [_thread_in_native, id=23012, stack(0x000000f41ff00000,0x000000f420000000) (1024K)]


Current CompileTask:
C2:132778 19259       4       org.hibernate.sql.results.graph.entity.internal.EntityInitializerImpl::resolveInstance (793 bytes)

Stack: [0x000000f41ff00000,0x000000f420000000]
Native frames: (J=compiled Java code, j=interpreted, Vv=VM code, C=native code)
V  [jvm.dll+0x730739]  (no source info available)
V  [jvm.dll+0x8d9b23]  (no source info available)
V  [jvm.dll+0x8dc00d]  (no source info available)
V  [jvm.dll+0x8dc683]  (no source info available)
V  [jvm.dll+0x2aa086]  (no source info available)
V  [jvm.dll+0xcedef]  (no source info available)
V  [jvm.dll+0xcf04f]  (no source info available)
V  [jvm.dll+0x154d83]  (no source info available)
V  [jvm.dll+0x735f5f]  (no source info available)
V  [jvm.dll+0x26fa1c]  (no source info available)
V  [jvm.dll+0x26ea3f]  (no source info available)
V  [jvm.dll+0x1e9d60]  (no source info available)
V  [jvm.dll+0x27e1fb]  (no source info available)
V  [jvm.dll+0x27c49a]  (no source info available)
V  [jvm.dll+0x42f456]  (no source info available)
V  [jvm.dll+0x87d76b]  (no source info available)
V  [jvm.dll+0x72ee55]  (no source info available)
C  [ucrtbase.dll+0x37b0]  (no source info available)
C  [KERNEL32.DLL+0x2e8d7]  (no source info available)
C  [ntdll.dll+0x8c48c]  (no source info available)

Lock stack of current Java thread (top to bottom):


---------------  P R O C E S S  ---------------

Threads class SMR info:
_java_thread_list=0x00000298d70a08f0, length=37, elements={
0x00000298f879dfd0, 0x00000298f87a0c10, 0x00000298f87a5850, 0x00000298f87a6c10,
0x00000298f87a8970, 0x00000298f87a9940, 0x00000298f87ac170, 0x00000298f87b6e10,
0x00000298d41cf480, 0x00000298d47acbf0, 0x00000298d47ad330, 0x00000298d51ac200,
0x00000298d51e3a10, 0x00000298d52b6cd0, 0x00000298d52b5fa0, 0x00000298d5536390,
0x00000298d5537230, 0x00000298d650b830, 0x00000298d650a240, 0x00000298d650b0e0,
0x00000298d650dcc0, 0x00000298d650d570, 0x00000298d650a990, 0x00000298d6510150,
0x00000298d650e410, 0x00000298d650eb60, 0x00000298d650f2b0, 0x00000298d5538820,
0x00000298d5536ae0, 0x00000298d55354f0, 0x00000298d8c0d660, 0x00000298d8c0cf10,
0x00000298d8c0f3a0, 0x00000298d8c0ddb0, 0x00000298d8c0ec50, 0x00000298d8c0c070,
0x00000298d8c0faf0
}

Java Threads: ( => current thread )
  0x00000298f879dfd0 JavaThread "Reference Handler"          daemon [_thread_blocked, id=21608, stack(0x000000f41f900000,0x000000f41fa00000) (1024K)]
  0x00000298f87a0c10 JavaThread "Finalizer"                  daemon [_thread_blocked, id=10072, stack(0x000000f41fa00000,0x000000f41fb00000) (1024K)]
  0x00000298f87a5850 JavaThread "Signal Dispatcher"          daemon [_thread_blocked, id=17412, stack(0x000000f41fb00000,0x000000f41fc00000) (1024K)]
  0x00000298f87a6c10 JavaThread "Attach Listener"            daemon [_thread_blocked, id=13444, stack(0x000000f41fc00000,0x000000f41fd00000) (1024K)]
  0x00000298f87a8970 JavaThread "Service Thread"             daemon [_thread_blocked, id=25996, stack(0x000000f41fd00000,0x000000f41fe00000) (1024K)]
  0x00000298f87a9940 JavaThread "Monitor Deflation Thread"   daemon [_thread_blocked, id=15556, stack(0x000000f41fe00000,0x000000f41ff00000) (1024K)]
=>0x00000298f87ac170 JavaThread "C2 CompilerThread0"         daemon [_thread_in_native, id=23012, stack(0x000000f41ff00000,0x000000f420000000) (1024K)]
  0x00000298f87b6e10 JavaThread "C1 CompilerThread0"         daemon [_thread_blocked, id=25988, stack(0x000000f420000000,0x000000f420100000) (1024K)]
  0x00000298d41cf480 JavaThread "Common-Cleaner"             daemon [_thread_blocked, id=3652, stack(0x000000f420100000,0x000000f420200000) (1024K)]
  0x00000298d47acbf0 JavaThread "Monitor Ctrl-Break"         daemon [_thread_in_native, id=27116, stack(0x000000f420300000,0x000000f420400000) (1024K)]
  0x00000298d47ad330 JavaThread "Notification Thread"        daemon [_thread_blocked, id=13536, stack(0x000000f420400000,0x000000f420500000) (1024K)]
  0x00000298d51ac200 JavaThread "RMI TCP Accept-0"           daemon [_thread_in_native, id=27380, stack(0x000000f420500000,0x000000f420600000) (1024K)]
  0x00000298d51e3a10 JavaThread "RMI TCP Connection(1)-172.20.10.5" daemon [_thread_in_native, id=2448, stack(0x000000f420600000,0x000000f420700000) (1024K)]
  0x00000298d52b6cd0 JavaThread "RMI Scheduler(0)"           daemon [_thread_blocked, id=13788, stack(0x000000f420700000,0x000000f420800000) (1024K)]
  0x00000298d52b5fa0 JavaThread "JMX server connection timeout 29" daemon [_thread_blocked, id=21080, stack(0x000000f420800000,0x000000f420900000) (1024K)]
  0x00000298d5536390 JavaThread "Catalina-utility-1"                [_thread_blocked, id=5064, stack(0x000000f420e00000,0x000000f420f00000) (1024K)]
  0x00000298d5537230 JavaThread "Catalina-utility-2"                [_thread_blocked, id=17372, stack(0x000000f420f00000,0x000000f421000000) (1024K)]
  0x00000298d650b830 JavaThread "container-0"                       [_thread_blocked, id=21716, stack(0x000000f421000000,0x000000f421100000) (1024K)]
  0x00000298d650a240 JavaThread "mysql-cj-abandoned-connection-cleanup" daemon [_thread_blocked, id=26720, stack(0x000000f421100000,0x000000f421200000) (1024K)]
  0x00000298d650b0e0 JavaThread "HikariPool-1:housekeeper"   daemon [_thread_blocked, id=27236, stack(0x000000f421300000,0x000000f421400000) (1024K)]
  0x00000298d650dcc0 JavaThread "File Watcher"               daemon [_thread_blocked, id=25984, stack(0x000000f421500000,0x000000f421600000) (1024K)]
  0x00000298d650d570 JavaThread "http-nio-8080-exec-1"       daemon [_thread_blocked, id=14720, stack(0x000000f421400000,0x000000f421500000) (1024K)]
  0x00000298d650a990 JavaThread "http-nio-8080-exec-2"       daemon [_thread_blocked, id=11124, stack(0x000000f421600000,0x000000f421700000) (1024K)]
  0x00000298d6510150 JavaThread "http-nio-8080-exec-3"       daemon [_thread_in_native, id=19568, stack(0x000000f421700000,0x000000f421800000) (1024K)]
  0x00000298d650e410 JavaThread "http-nio-8080-exec-4"       daemon [_thread_blocked, id=21380, stack(0x000000f421800000,0x000000f421900000) (1024K)]
  0x00000298d650eb60 JavaThread "http-nio-8080-exec-5"       daemon [_thread_blocked, id=13452, stack(0x000000f421900000,0x000000f421a00000) (1024K)]
  0x00000298d650f2b0 JavaThread "http-nio-8080-exec-6"       daemon [_thread_blocked, id=23984, stack(0x000000f421a00000,0x000000f421b00000) (1024K)]
  0x00000298d5538820 JavaThread "http-nio-8080-exec-7"       daemon [_thread_blocked, id=11188, stack(0x000000f421b00000,0x000000f421c00000) (1024K)]
  0x00000298d5536ae0 JavaThread "http-nio-8080-exec-8"       daemon [_thread_blocked, id=24604, stack(0x000000f421c00000,0x000000f421d00000) (1024K)]
  0x00000298d55354f0 JavaThread "http-nio-8080-exec-9"       daemon [_thread_blocked, id=21300, stack(0x000000f421d00000,0x000000f421e00000) (1024K)]
  0x00000298d8c0d660 JavaThread "http-nio-8080-exec-10"      daemon [_thread_blocked, id=26404, stack(0x000000f421e00000,0x000000f421f00000) (1024K)]
  0x00000298d8c0cf10 JavaThread "http-nio-8080-Poller"       daemon [_thread_in_native, id=19528, stack(0x000000f421f00000,0x000000f422000000) (1024K)]
  0x00000298d8c0f3a0 JavaThread "http-nio-8080-Acceptor"     daemon [_thread_in_native, id=23428, stack(0x000000f422000000,0x000000f422100000) (1024K)]
  0x00000298d8c0ddb0 JavaThread "DestroyJavaVM"                     [_thread_blocked, id=14292, stack(0x000000f41f100000,0x000000f41f200000) (1024K)]
  0x00000298d8c0ec50 JavaThread "http-nio-8080-exec-11"      daemon [_thread_blocked, id=17812, stack(0x000000f422100000,0x000000f422200000) (1024K)]
  0x00000298d8c0c070 JavaThread "http-nio-8080-exec-12"      daemon [_thread_blocked, id=2440, stack(0x000000f422200000,0x000000f422300000) (1024K)]
  0x00000298d8c0faf0 JavaThread "http-nio-8080-exec-13"      daemon [_thread_blocked, id=16396, stack(0x000000f422300000,0x000000f422400000) (1024K)]
Total: 37

Other Threads:
  0x00000298f8784370 VMThread "VM Thread"                           [id=26732, stack(0x000000f41f800000,0x000000f41f900000) (1024K)]
  0x00000298f8779310 WatcherThread "VM Periodic Task Thread"        [id=1028, stack(0x000000f41f700000,0x000000f41f800000) (1024K)]
  0x00000298e8360cc0 WorkerThread "GC Thread#0"                     [id=21660, stack(0x000000f41f200000,0x000000f41f300000) (1024K)]
  0x00000298d52d3220 WorkerThread "GC Thread#1"                     [id=25792, stack(0x000000f420900000,0x000000f420a00000) (1024K)]
  0x00000298d52d35d0 WorkerThread "GC Thread#2"                     [id=16672, stack(0x000000f420a00000,0x000000f420b00000) (1024K)]
  0x00000298d52d3980 WorkerThread "GC Thread#3"                     [id=26932, stack(0x000000f420b00000,0x000000f420c00000) (1024K)]
  0x00000298e838d3f0 ConcurrentGCThread "G1 Main Marker"            [id=1504, stack(0x000000f41f300000,0x000000f41f400000) (1024K)]
  0x00000298e838e6a0 WorkerThread "G1 Conc#0"                       [id=18552, stack(0x000000f41f400000,0x000000f41f500000) (1024K)]
  0x00000298f8648030 ConcurrentGCThread "G1 Refine#0"               [id=7632, stack(0x000000f41f500000,0x000000f41f600000) (1024K)]
  0x00000298f86489c0 ConcurrentGCThread "G1 Service"                [id=700, stack(0x000000f41f600000,0x000000f41f700000) (1024K)]
Total: 10

Threads with active compile tasks:
C2 CompilerThread0  132845 19259       4       org.hibernate.sql.results.graph.entity.internal.EntityInitializerImpl::resolveInstance (793 bytes)
Total: 1

VM state: not at safepoint (normal execution)

VM Mutex/Monitor currently owned by a thread: None

Heap address: 0x0000000745800000, size: 2984 MB, Compressed Oops mode: Zero based, Oop shift amount: 3

CDS archive(s) mapped at: [0x000002988f000000-0x000002988fd40000-0x000002988fd40000), size 13893632, SharedBaseAddress: 0x000002988f000000, ArchiveRelocationMode: 1.
Compressed class space mapped at: 0x0000029890000000-0x00000298d0000000, reserved size: 1073741824
UseCompressedClassPointers 1, UseCompactObjectHeaders 0
Narrow klass pointer bits 32, Max shift 3
Narrow klass base: 0x000002988f000000, Narrow klass shift: 0
Encoding Range: [0x000002988f000000 - 0x000002998f000000), (4294967296 bytes)
Klass Range:    [0x000002988f000000 - 0x00000298d0000000), (1090519040 bytes)
Klass ID Range:  [8 - 1090519033) (1090519025)

GC Precious Log:
 CardTable entry size: 512
 Card Set container configuration: InlinePtr #cards 4 size 8 Array Of Cards #cards 16 size 48 Howl #buckets 8 coarsen threshold 3686 Howl Bitmap #cards 512 size 80 coarsen threshold 460 Card regions per heap region 1 cards per card region 4096
 CPUs: 4 total, 4 available
 Memory: 11930M
 Large Page Support: Disabled
 NUMA Support: Disabled
 Compressed Oops: Enabled (Zero based)
 Heap Region Size: 2M
 Heap Min Capacity: 8M
 Heap Initial Capacity: 188M
 Heap Max Capacity: 2984M
 Pre-touch: Disabled
 Parallel Workers: 4
 Concurrent Workers: 1
 Concurrent Refinement Workers: 4
 Periodic GC: Disabled

Heap:
 garbage-first heap   total reserved 3055616K, committed 198656K, used 121143K [0x0000000745800000, 0x0000000800000000)
  region size 2048K, 33 young (67584K), 1 survivors (2048K)
 Metaspace       used 109746K, committed 110720K, reserved 1179648K
  class space    used 12080K, committed 12544K, reserved 1048576K

Heap Regions: E=young(eden), S=young(survivor), O=old, HS=humongous(starts), HC=humongous(continues), CS=collection set, F=free, TAMS=top-at-mark-start, PB=parsable bottom
|   0|0x0000000745800000, 0x0000000745a00000, 0x0000000745a00000|100%| O|  |TAMS 0x0000000745800000| PB 0x0000000745800000| Untracked |  0
|   1|0x0000000745a00000, 0x0000000745c00000, 0x0000000745c00000|100%| O|  |TAMS 0x0000000745a00000| PB 0x0000000745a00000| Untracked |  0
|   2|0x0000000745c00000, 0x0000000745e00000, 0x0000000745e00000|100%| O|  |TAMS 0x0000000745c00000| PB 0x0000000745c00000| Untracked |  0
|   3|0x0000000745e00000, 0x0000000746000000, 0x0000000746000000|100%| O|  |TAMS 0x0000000745e00000| PB 0x0000000745e00000| Untracked |  0
|   4|0x0000000746000000, 0x000000074611e568, 0x0000000746200000| 55%| O|Cm|TAMS 0x0000000746000000| PB 0x0000000746000000| Complete |  0
|   5|0x0000000746200000, 0x0000000746400000, 0x0000000746400000|100%| O|  |TAMS 0x0000000746200000| PB 0x0000000746200000| Untracked |  0
|   6|0x0000000746400000, 0x0000000746600000, 0x0000000746600000|100%| O|  |TAMS 0x0000000746400000| PB 0x0000000746400000| Untracked |  0
|   7|0x0000000746600000, 0x0000000746800000, 0x0000000746800000|100%| O|  |TAMS 0x0000000746600000| PB 0x0000000746600000| Untracked |  0
|   8|0x0000000746800000, 0x0000000746a00000, 0x0000000746a00000|100%| O|  |TAMS 0x0000000746800000| PB 0x0000000746800000| Untracked |  0
|   9|0x0000000746a00000, 0x0000000746c00000, 0x0000000746c00000|100%| O|  |TAMS 0x0000000746a00000| PB 0x0000000746a00000| Untracked |  0
|  10|0x0000000746c00000, 0x0000000746e00000, 0x0000000746e00000|100%| O|  |TAMS 0x0000000746c00000| PB 0x0000000746c00000| Untracked |  0
|  11|0x0000000746e00000, 0x0000000747000000, 0x0000000747000000|100%| O|  |TAMS 0x0000000746e00000| PB 0x0000000746e00000| Untracked |  0
|  12|0x0000000747000000, 0x0000000747200000, 0x0000000747200000|100%| O|  |TAMS 0x0000000747000000| PB 0x0000000747000000| Untracked |  0
|  13|0x0000000747200000, 0x0000000747400000, 0x0000000747400000|100%| O|  |TAMS 0x0000000747200000| PB 0x0000000747200000| Untracked |  0
|  14|0x0000000747400000, 0x0000000747600000, 0x0000000747600000|100%| O|  |TAMS 0x0000000747400000| PB 0x0000000747400000| Untracked |  0
|  15|0x0000000747600000, 0x0000000747800000, 0x0000000747800000|100%| O|  |TAMS 0x0000000747600000| PB 0x0000000747600000| Untracked |  0
|  16|0x0000000747800000, 0x0000000747a00000, 0x0000000747a00000|100%| O|  |TAMS 0x0000000747800000| PB 0x0000000747800000| Untracked |  0
|  17|0x0000000747a00000, 0x0000000747a64300, 0x0000000747c00000| 19%| O|  |TAMS 0x0000000747a00000| PB 0x0000000747a00000| Untracked |  0
|  18|0x0000000747c00000, 0x0000000747e00000, 0x0000000747e00000|100%| O|  |TAMS 0x0000000747c00000| PB 0x0000000747c00000| Untracked |  0
|  19|0x0000000747e00000, 0x0000000748000000, 0x0000000748000000|100%| O|Cm|TAMS 0x0000000747e00000| PB 0x0000000747e00000| Complete |  0
|  20|0x0000000748000000, 0x0000000748200000, 0x0000000748200000|100%| O|  |TAMS 0x0000000748000000| PB 0x0000000748000000| Untracked |  0
|  21|0x0000000748200000, 0x0000000748400000, 0x0000000748400000|100%| O|  |TAMS 0x0000000748200000| PB 0x0000000748200000| Untracked |  0
|  22|0x0000000748400000, 0x0000000748600000, 0x0000000748600000|100%| O|  |TAMS 0x0000000748400000| PB 0x0000000748400000| Untracked |  0
|  23|0x0000000748600000, 0x0000000748800000, 0x0000000748800000|100%| O|  |TAMS 0x0000000748600000| PB 0x0000000748600000| Untracked |  0
|  24|0x0000000748800000, 0x0000000748800000, 0x0000000748a00000|  0%| F|  |TAMS 0x0000000748800000| PB 0x0000000748800000| Untracked |  0
|  25|0x0000000748a00000, 0x0000000748a00000, 0x0000000748c00000|  0%| F|  |TAMS 0x0000000748a00000| PB 0x0000000748a00000| Untracked |  0
|  26|0x0000000748c00000, 0x0000000748e00000, 0x0000000748e00000|100%| O|  |TAMS 0x0000000748c00000| PB 0x0000000748c00000| Untracked |  0
|  27|0x0000000748e00000, 0x0000000748e00000, 0x0000000749000000|  0%| F|  |TAMS 0x0000000748e00000| PB 0x0000000748e00000| Untracked |  0
|  28|0x0000000749000000, 0x0000000749000000, 0x0000000749200000|  0%| F|  |TAMS 0x0000000749000000| PB 0x0000000749000000| Untracked |  0
|  29|0x0000000749200000, 0x0000000749200000, 0x0000000749400000|  0%| F|  |TAMS 0x0000000749200000| PB 0x0000000749200000| Untracked |  0
|  30|0x0000000749400000, 0x0000000749400000, 0x0000000749600000|  0%| F|  |TAMS 0x0000000749400000| PB 0x0000000749400000| Untracked |  0
|  31|0x0000000749600000, 0x0000000749600000, 0x0000000749800000|  0%| F|  |TAMS 0x0000000749600000| PB 0x0000000749600000| Untracked |  0
|  32|0x0000000749800000, 0x0000000749800000, 0x0000000749a00000|  0%| F|  |TAMS 0x0000000749800000| PB 0x0000000749800000| Untracked |  0
|  33|0x0000000749a00000, 0x0000000749a00000, 0x0000000749c00000|  0%| F|  |TAMS 0x0000000749a00000| PB 0x0000000749a00000| Untracked |  0
|  34|0x0000000749c00000, 0x0000000749c00000, 0x0000000749e00000|  0%| F|  |TAMS 0x0000000749c00000| PB 0x0000000749c00000| Untracked |  0
|  35|0x0000000749e00000, 0x0000000749e00000, 0x000000074a000000|  0%| F|  |TAMS 0x0000000749e00000| PB 0x0000000749e00000| Untracked |  0
|  36|0x000000074a000000, 0x000000074a200000, 0x000000074a200000|100%| O|  |TAMS 0x000000074a000000| PB 0x000000074a000000| Untracked |  0
|  37|0x000000074a200000, 0x000000074a400000, 0x000000074a400000|100%| O|  |TAMS 0x000000074a200000| PB 0x000000074a200000| Untracked |  0
|  38|0x000000074a400000, 0x000000074a600000, 0x000000074a600000|100%| O|  |TAMS 0x000000074a400000| PB 0x000000074a400000| Untracked |  0
|  39|0x000000074a600000, 0x000000074a800000, 0x000000074a800000|100%| O|  |TAMS 0x000000074a600000| PB 0x000000074a600000| Untracked |  0
|  40|0x000000074a800000, 0x000000074a800000, 0x000000074aa00000|  0%| F|  |TAMS 0x000000074a800000| PB 0x000000074a800000| Untracked |  0
|  41|0x000000074aa00000, 0x000000074aacb3e0, 0x000000074ac00000| 39%| S|CS|TAMS 0x000000074aa00000| PB 0x000000074aa00000| Complete |  0
|  42|0x000000074ac00000, 0x000000074ac00000, 0x000000074ae00000|  0%| F|  |TAMS 0x000000074ac00000| PB 0x000000074ac00000| Untracked |  0
|  43|0x000000074ae00000, 0x000000074ae00000, 0x000000074b000000|  0%| F|  |TAMS 0x000000074ae00000| PB 0x000000074ae00000| Untracked |  0
|  44|0x000000074b000000, 0x000000074b000000, 0x000000074b200000|  0%| F|  |TAMS 0x000000074b000000| PB 0x000000074b000000| Untracked |  0
|  45|0x000000074b200000, 0x000000074b200000, 0x000000074b400000|  0%| F|  |TAMS 0x000000074b200000| PB 0x000000074b200000| Untracked |  0
|  46|0x000000074b400000, 0x000000074b400000, 0x000000074b600000|  0%| F|  |TAMS 0x000000074b400000| PB 0x000000074b400000| Untracked |  0
|  47|0x000000074b600000, 0x000000074b600000, 0x000000074b800000|  0%| F|  |TAMS 0x000000074b600000| PB 0x000000074b600000| Untracked |  0
|  48|0x000000074b800000, 0x000000074b800000, 0x000000074ba00000|  0%| F|  |TAMS 0x000000074b800000| PB 0x000000074b800000| Untracked |  0
|  49|0x000000074ba00000, 0x000000074ba00000, 0x000000074bc00000|  0%| F|  |TAMS 0x000000074ba00000| PB 0x000000074ba00000| Untracked |  0
|  50|0x000000074bc00000, 0x000000074bc00000, 0x000000074be00000|  0%| F|  |TAMS 0x000000074bc00000| PB 0x000000074bc00000| Untracked |  0
|  51|0x000000074be00000, 0x000000074be00000, 0x000000074c000000|  0%| F|  |TAMS 0x000000074be00000| PB 0x000000074be00000| Untracked |  0
|  52|0x000000074c000000, 0x000000074c000000, 0x000000074c200000|  0%| F|  |TAMS 0x000000074c000000| PB 0x000000074c000000| Untracked |  0
|  53|0x000000074c200000, 0x000000074c200000, 0x000000074c400000|  0%| F|  |TAMS 0x000000074c200000| PB 0x000000074c200000| Untracked |  0
|  54|0x000000074c400000, 0x000000074c400000, 0x000000074c600000|  0%| F|  |TAMS 0x000000074c400000| PB 0x000000074c400000| Untracked |  0
|  55|0x000000074c600000, 0x000000074c600000, 0x000000074c800000|  0%| F|  |TAMS 0x000000074c600000| PB 0x000000074c600000| Untracked |  0
|  56|0x000000074c800000, 0x000000074c800000, 0x000000074ca00000|  0%| F|  |TAMS 0x000000074c800000| PB 0x000000074c800000| Untracked |  0
|  57|0x000000074ca00000, 0x000000074ca00000, 0x000000074cc00000|  0%| F|  |TAMS 0x000000074ca00000| PB 0x000000074ca00000| Untracked |  0
|  58|0x000000074cc00000, 0x000000074cc00000, 0x000000074ce00000|  0%| F|  |TAMS 0x000000074cc00000| PB 0x000000074cc00000| Untracked |  0
|  59|0x000000074ce00000, 0x000000074ce00000, 0x000000074d000000|  0%| F|  |TAMS 0x000000074ce00000| PB 0x000000074ce00000| Untracked |  0
|  60|0x000000074d000000, 0x000000074d000000, 0x000000074d200000|  0%| F|  |TAMS 0x000000074d000000| PB 0x000000074d000000| Untracked |  0
|  61|0x000000074d200000, 0x000000074d200000, 0x000000074d400000|  0%| F|  |TAMS 0x000000074d200000| PB 0x000000074d200000| Untracked |  0
|  62|0x000000074d400000, 0x000000074d400000, 0x000000074d600000|  0%| F|  |TAMS 0x000000074d400000| PB 0x000000074d400000| Untracked |  0
|  63|0x000000074d600000, 0x000000074d600000, 0x000000074d800000|  0%| F|  |TAMS 0x000000074d600000| PB 0x000000074d600000| Untracked |  0
|  64|0x000000074d800000, 0x000000074d800000, 0x000000074da00000|  0%| F|  |TAMS 0x000000074d800000| PB 0x000000074d800000| Untracked |  0
|  65|0x000000074da00000, 0x000000074dc00000, 0x000000074dc00000|100%| E|  |TAMS 0x000000074da00000| PB 0x000000074da00000| Complete |  0
|  66|0x000000074dc00000, 0x000000074de00000, 0x000000074de00000|100%| E|CS|TAMS 0x000000074dc00000| PB 0x000000074dc00000| Complete |  0
|  67|0x000000074de00000, 0x000000074e000000, 0x000000074e000000|100%| E|CS|TAMS 0x000000074de00000| PB 0x000000074de00000| Complete |  0
|  68|0x000000074e000000, 0x000000074e200000, 0x000000074e200000|100%| E|CS|TAMS 0x000000074e000000| PB 0x000000074e000000| Complete |  0
|  69|0x000000074e200000, 0x000000074e400000, 0x000000074e400000|100%| E|CS|TAMS 0x000000074e200000| PB 0x000000074e200000| Complete |  0
|  70|0x000000074e400000, 0x000000074e600000, 0x000000074e600000|100%| E|CS|TAMS 0x000000074e400000| PB 0x000000074e400000| Complete |  0
|  71|0x000000074e600000, 0x000000074e800000, 0x000000074e800000|100%| E|CS|TAMS 0x000000074e600000| PB 0x000000074e600000| Complete |  0
|  72|0x000000074e800000, 0x000000074ea00000, 0x000000074ea00000|100%| E|CS|TAMS 0x000000074e800000| PB 0x000000074e800000| Complete |  0
|  73|0x000000074ea00000, 0x000000074ec00000, 0x000000074ec00000|100%| E|CS|TAMS 0x000000074ea00000| PB 0x000000074ea00000| Complete |  0
|  74|0x000000074ec00000, 0x000000074ee00000, 0x000000074ee00000|100%| E|CS|TAMS 0x000000074ec00000| PB 0x000000074ec00000| Complete |  0
|  75|0x000000074ee00000, 0x000000074f000000, 0x000000074f000000|100%| E|CS|TAMS 0x000000074ee00000| PB 0x000000074ee00000| Complete |  0
|  76|0x000000074f000000, 0x000000074f200000, 0x000000074f200000|100%| E|CS|TAMS 0x000000074f000000| PB 0x000000074f000000| Complete |  0
|  77|0x000000074f200000, 0x000000074f400000, 0x000000074f400000|100%| E|CS|TAMS 0x000000074f200000| PB 0x000000074f200000| Complete |  0
|  78|0x000000074f400000, 0x000000074f600000, 0x000000074f600000|100%| E|CS|TAMS 0x000000074f400000| PB 0x000000074f400000| Complete |  0
|  79|0x000000074f600000, 0x000000074f800000, 0x000000074f800000|100%| E|CS|TAMS 0x000000074f600000| PB 0x000000074f600000| Complete |  0
|  80|0x000000074f800000, 0x000000074fa00000, 0x000000074fa00000|100%| E|CS|TAMS 0x000000074f800000| PB 0x000000074f800000| Complete |  0
|  81|0x000000074fa00000, 0x000000074fc00000, 0x000000074fc00000|100%| E|CS|TAMS 0x000000074fa00000| PB 0x000000074fa00000| Complete |  0
|  82|0x000000074fc00000, 0x000000074fe00000, 0x000000074fe00000|100%| E|CS|TAMS 0x000000074fc00000| PB 0x000000074fc00000| Complete |  0
|  83|0x000000074fe00000, 0x0000000750000000, 0x0000000750000000|100%| E|CS|TAMS 0x000000074fe00000| PB 0x000000074fe00000| Complete |  0
|  84|0x0000000750000000, 0x0000000750200000, 0x0000000750200000|100%| E|CS|TAMS 0x0000000750000000| PB 0x0000000750000000| Complete |  0
|  85|0x0000000750200000, 0x0000000750400000, 0x0000000750400000|100%| E|CS|TAMS 0x0000000750200000| PB 0x0000000750200000| Complete |  0
|  86|0x0000000750400000, 0x0000000750600000, 0x0000000750600000|100%| E|CS|TAMS 0x0000000750400000| PB 0x0000000750400000| Complete |  0
|  87|0x0000000750600000, 0x0000000750800000, 0x0000000750800000|100%| E|CS|TAMS 0x0000000750600000| PB 0x0000000750600000| Complete |  0
|  88|0x0000000750800000, 0x0000000750a00000, 0x0000000750a00000|100%| E|CS|TAMS 0x0000000750800000| PB 0x0000000750800000| Complete |  0
|  89|0x0000000750a00000, 0x0000000750c00000, 0x0000000750c00000|100%| E|CS|TAMS 0x0000000750a00000| PB 0x0000000750a00000| Complete |  0
|  90|0x0000000750c00000, 0x0000000750e00000, 0x0000000750e00000|100%| E|CS|TAMS 0x0000000750c00000| PB 0x0000000750c00000| Complete |  0
|  91|0x0000000750e00000, 0x0000000751000000, 0x0000000751000000|100%| E|CS|TAMS 0x0000000750e00000| PB 0x0000000750e00000| Complete |  0
|  92|0x0000000751000000, 0x0000000751200000, 0x0000000751200000|100%| E|CS|TAMS 0x0000000751000000| PB 0x0000000751000000| Complete |  0
|  93|0x0000000751200000, 0x0000000751400000, 0x0000000751400000|100%| E|CS|TAMS 0x0000000751200000| PB 0x0000000751200000| Complete |  0
|  97|0x0000000751a00000, 0x0000000751c00000, 0x0000000751c00000|100%| E|CS|TAMS 0x0000000751a00000| PB 0x0000000751a00000| Complete |  0
|  98|0x0000000751c00000, 0x0000000751e00000, 0x0000000751e00000|100%| E|CS|TAMS 0x0000000751c00000| PB 0x0000000751c00000| Complete |  0
|1491|0x00000007ffe00000, 0x0000000800000000, 0x0000000800000000|100%| E|CS|TAMS 0x00000007ffe00000| PB 0x00000007ffe00000| Complete |  0

Card table byte_map: [0x00000298f2f30000,0x00000298f3510000] _byte_map_base: 0x00000298ef504000

Marking Bits: (CMBitMap*) 0x00000298e83613d0
 Bits: [0x00000298f3510000, 0x00000298f63b0000)

Polling page: 0x00000298e8080000

Metaspace:

Usage:
  Non-class:     95.38 MB used.
      Class:     11.80 MB used.
       Both:    107.17 MB used.

Virtual space:
  Non-class space:      128.00 MB reserved,      95.88 MB ( 75%) committed,  2 nodes.
      Class space:        1.00 GB reserved,      12.25 MB (  1%) committed,  1 nodes.
             Both:        1.12 GB reserved,     108.12 MB (  9%) committed. 

Chunk freelists:
   Non-Class:  15.79 MB
       Class:  3.63 MB
        Both:  19.41 MB

MaxMetaspaceSize: unlimited
CompressedClassSpaceSize: 1.00 GB
Initial GC threshold: 21.00 MB
Current GC threshold: 180.00 MB
CDS: on
 - commit_granule_bytes: 65536.
 - commit_granule_words: 8192.
 - virtual_space_node_default_size: 8388608.
 - enlarge_chunks_in_place: 1.
UseCompressedClassPointers 1, UseCompactObjectHeaders 0
Narrow klass pointer bits 32, Max shift 3
Narrow klass base: 0x000002988f000000, Narrow klass shift: 0
Encoding Range: [0x000002988f000000 - 0x000002998f000000), (4294967296 bytes)
Klass Range:    [0x000002988f000000 - 0x00000298d0000000), (1090519040 bytes)
Klass ID Range:  [8 - 1090519033) (1090519025)


Internal statistics:

num_allocs_failed_limit: 6.
num_arena_births: 1658.
num_arena_deaths: 0.
num_vsnodes_births: 3.
num_vsnodes_deaths: 0.
num_space_committed: 1730.
num_space_uncommitted: 0.
num_chunks_returned_to_freelist: 6.
num_chunks_taken_from_freelist: 5875.
num_chunk_merges: 6.
num_chunk_splits: 4112.
num_chunks_enlarged: 3064.
num_inconsistent_stats: 0.

CodeHeap 'non-profiled nmethods': size=120064Kb used=9842Kb max_used=10428Kb free=110221Kb
 bounds [0x0000029887ac0000, 0x00000298884f0000, 0x000002988f000000]
CodeHeap 'profiled nmethods': size=120000Kb used=20047Kb max_used=29046Kb free=99952Kb
 bounds [0x0000029880000000, 0x0000029881c60000, 0x0000029887530000]
CodeHeap 'non-nmethods': size=5696Kb used=1877Kb max_used=2050Kb free=3818Kb
 bounds [0x0000029887530000, 0x00000298877a0000, 0x0000029887ac0000]
CodeCache: size=245760Kb, used=31766Kb, max_used=41524Kb, free=213991Kb
 total_blobs=13617, nmethods=12796, adapters=724, full_count=0
Compilation: enabled, stopped_count=0, restarted_count=0

Compilation events (20 events):
Event: 131.344 Thread 0x00000298f87ac170 nmethod 19249 0x0000029887de5888 code [0x0000029887de59a0, 0x0000029887de5a90]
Event: 131.701 Thread 0x00000298f87ac170 19250       4       org.apache.catalina.connector.RequestFacade::getHttpServletMapping (12 bytes)
Event: 131.702 Thread 0x00000298f87ac170 nmethod 19250 0x0000029887dfc108 code [0x0000029887dfc220, 0x0000029887dfc300]
Event: 132.063 Thread 0x00000298f87b6e10 19251       3       org.hibernate.query.sqm.internal.SqmUtil::checkQueryReturnType (290 bytes)
Event: 132.064 Thread 0x00000298f87b6e10 nmethod 19251 0x0000029880a0d508 code [0x0000029880a0d8a0, 0x0000029880a0f890]
Event: 132.157 Thread 0x00000298f87ac170 19252       4       org.hibernate.type.descriptor.jdbc.BigIntJdbcType$2::doExtract (21 bytes)
Event: 132.161 Thread 0x00000298f87ac170 nmethod 19252 0x0000029887d27408 code [0x0000029887d27560, 0x0000029887d278c8]
Event: 132.161 Thread 0x00000298f87ac170 19253   !   4       com.zaxxer.hikari.pool.HikariProxyResultSet::getLong (18 bytes)
Event: 132.163 Thread 0x00000298f87ac170 nmethod 19253 0x0000029887d68908 code [0x0000029887d68a40, 0x0000029887d68bf8]
Event: 132.179 Thread 0x00000298f87ac170 19254       4       org.apache.catalina.connector.ResponseFacade::getCharacterEncoding (12 bytes)
Event: 132.182 Thread 0x00000298f87ac170 nmethod 19254 0x0000029887da6408 code [0x0000029887da6520, 0x0000029887da66a8]
Event: 132.399 Thread 0x00000298f87ac170 19255       4       org.apache.catalina.connector.RequestFacade::getCharacterEncoding (12 bytes)
Event: 132.400 Thread 0x00000298f87ac170 nmethod 19255 0x0000029887e07608 code [0x0000029887e07720, 0x0000029887e07818]
Event: 132.409 Thread 0x00000298f87ac170 19256       4       org.springframework.data.repository.core.support.QueryExecutionResultHandler$ReturnTypeDescriptor::getReturnTypeDescriptor (51 bytes)
Event: 132.409 Thread 0x00000298f87ac170 nmethod 19256 0x0000029887e0bc88 code [0x0000029887e0bd80, 0x0000029887e0be30]
Event: 132.420 Thread 0x00000298f87ac170 19257       4       org.springframework.security.authorization.AuthorizationObservationConvention::getLowCardinalityKeyValues (9 bytes)
Event: 132.434 Thread 0x00000298f87ac170 nmethod 19257 0x0000029887defe08 code [0x0000029887df0040, 0x0000029887df1580]
Event: 132.434 Thread 0x00000298f87ac170 19258       4       jdk.internal.math.DoubleToDecimal::toDecimal (252 bytes)
Event: 132.436 Thread 0x00000298f87ac170 nmethod 19258 0x0000029887da7d88 code [0x0000029887da7ea0, 0x0000029887da80f8]
Event: 132.757 Thread 0x00000298f87ac170 19259       4       org.hibernate.sql.results.graph.entity.internal.EntityInitializerImpl::resolveInstance (793 bytes)

GC Heap History (20 events):
Event: 86.776 GC heap before
{Heap before GC invocations=41 (full 0):
 garbage-first heap   total reserved 3055616K, committed 204800K, used 172403K [0x0000000745800000, 0x0000000800000000)
  region size 2048K, 57 young (116736K), 3 survivors (6144K)
 Metaspace       used 109286K, committed 110272K, reserved 1179648K
  class space    used 12077K, committed 12544K, reserved 1048576K
}
Event: 86.784 GC heap after
{Heap after GC invocations=42 (full 0):
 garbage-first heap   total reserved 3055616K, committed 204800K, used 61814K [0x0000000745800000, 0x0000000800000000)
  region size 2048K, 3 young (6144K), 3 survivors (6144K)
 Metaspace       used 109286K, committed 110272K, reserved 1179648K
  class space    used 12077K, committed 12544K, reserved 1048576K
}
Event: 91.255 GC heap before
{Heap before GC invocations=42 (full 0):
 garbage-first heap   total reserved 3055616K, committed 204800K, used 176502K [0x0000000745800000, 0x0000000800000000)
  region size 2048K, 59 young (120832K), 3 survivors (6144K)
 Metaspace       used 109356K, committed 110336K, reserved 1179648K
  class space    used 12077K, committed 12544K, reserved 1048576K
}
Event: 91.263 GC heap after
{Heap after GC invocations=43 (full 0):
 garbage-first heap   total reserved 3055616K, committed 204800K, used 61617K [0x0000000745800000, 0x0000000800000000)
  region size 2048K, 3 young (6144K), 3 survivors (6144K)
 Metaspace       used 109356K, committed 110336K, reserved 1179648K
  class space    used 12077K, committed 12544K, reserved 1048576K
}
Event: 96.525 GC heap before
{Heap before GC invocations=43 (full 0):
 garbage-first heap   total reserved 3055616K, committed 204800K, used 176305K [0x0000000745800000, 0x0000000800000000)
  region size 2048K, 60 young (122880K), 3 survivors (6144K)
 Metaspace       used 109428K, committed 110400K, reserved 1179648K
  class space    used 12078K, committed 12544K, reserved 1048576K
}
Event: 96.532 GC heap after
{Heap after GC invocations=44 (full 0):
 garbage-first heap   total reserved 3055616K, committed 204800K, used 62008K [0x0000000745800000, 0x0000000800000000)
  region size 2048K, 3 young (6144K), 3 survivors (6144K)
 Metaspace       used 109428K, committed 110400K, reserved 1179648K
  class space    used 12078K, committed 12544K, reserved 1048576K
}
Event: 100.818 GC heap before
{Heap before GC invocations=45 (full 0):
 garbage-first heap   total reserved 3055616K, committed 204800K, used 178744K [0x0000000745800000, 0x0000000800000000)
  region size 2048K, 60 young (122880K), 3 survivors (6144K)
 Metaspace       used 109511K, committed 110528K, reserved 1179648K
  class space    used 12078K, committed 12544K, reserved 1048576K
}
Event: 100.824 GC heap after
{Heap after GC invocations=46 (full 0):
 garbage-first heap   total reserved 3055616K, committed 204800K, used 61614K [0x0000000745800000, 0x0000000800000000)
  region size 2048K, 3 young (6144K), 3 survivors (6144K)
 Metaspace       used 109511K, committed 110528K, reserved 1179648K
  class space    used 12078K, committed 12544K, reserved 1048576K
}
Event: 104.894 GC heap before
{Heap before GC invocations=46 (full 0):
 garbage-first heap   total reserved 3055616K, committed 204800K, used 178350K [0x0000000745800000, 0x0000000800000000)
  region size 2048K, 60 young (122880K), 3 survivors (6144K)
 Metaspace       used 109579K, committed 110592K, reserved 1179648K
  class space    used 12078K, committed 12544K, reserved 1048576K
}
Event: 104.901 GC heap after
{Heap after GC invocations=47 (full 0):
 garbage-first heap   total reserved 3055616K, committed 204800K, used 59076K [0x0000000745800000, 0x0000000800000000)
  region size 2048K, 3 young (6144K), 3 survivors (6144K)
 Metaspace       used 109579K, committed 110592K, reserved 1179648K
  class space    used 12078K, committed 12544K, reserved 1048576K
}
Event: 109.220 GC heap before
{Heap before GC invocations=47 (full 0):
 garbage-first heap   total reserved 3055616K, committed 204800K, used 173764K [0x0000000745800000, 0x0000000800000000)
  region size 2048K, 60 young (122880K), 3 survivors (6144K)
 Metaspace       used 109609K, committed 110592K, reserved 1179648K
  class space    used 12078K, committed 12544K, reserved 1048576K
}
Event: 109.225 GC heap after
{Heap after GC invocations=48 (full 0):
 garbage-first heap   total reserved 3055616K, committed 204800K, used 58489K [0x0000000745800000, 0x0000000800000000)
  region size 2048K, 2 young (4096K), 2 survivors (4096K)
 Metaspace       used 109609K, committed 110592K, reserved 1179648K
  class space    used 12078K, committed 12544K, reserved 1048576K
}
Event: 113.646 GC heap before
{Heap before GC invocations=49 (full 0):
 garbage-first heap   total reserved 3055616K, committed 198656K, used 171129K [0x0000000745800000, 0x0000000800000000)
  region size 2048K, 58 young (118784K), 2 survivors (4096K)
 Metaspace       used 109631K, committed 110592K, reserved 1179648K
  class space    used 12079K, committed 12544K, reserved 1048576K
}
Event: 113.652 GC heap after
{Heap after GC invocations=50 (full 0):
 garbage-first heap   total reserved 3055616K, committed 198656K, used 59276K [0x0000000745800000, 0x0000000800000000)
  region size 2048K, 3 young (6144K), 3 survivors (6144K)
 Metaspace       used 109631K, committed 110592K, reserved 1179648K
  class space    used 12079K, committed 12544K, reserved 1048576K
}
Event: 119.867 GC heap before
{Heap before GC invocations=50 (full 0):
 garbage-first heap   total reserved 3055616K, committed 198656K, used 169868K [0x0000000745800000, 0x0000000800000000)
  region size 2048K, 58 young (118784K), 3 survivors (6144K)
 Metaspace       used 109644K, committed 110656K, reserved 1179648K
  class space    used 12079K, committed 12544K, reserved 1048576K
}
Event: 119.881 GC heap after
{Heap after GC invocations=51 (full 0):
 garbage-first heap   total reserved 3055616K, committed 198656K, used 57572K [0x0000000745800000, 0x0000000800000000)
  region size 2048K, 3 young (6144K), 3 survivors (6144K)
 Metaspace       used 109644K, committed 110656K, reserved 1179648K
  class space    used 12079K, committed 12544K, reserved 1048576K
}
Event: 124.473 GC heap before
{Heap before GC invocations=51 (full 0):
 garbage-first heap   total reserved 3055616K, committed 198656K, used 170212K [0x0000000745800000, 0x0000000800000000)
  region size 2048K, 58 young (118784K), 3 survivors (6144K)
 Metaspace       used 109671K, committed 110656K, reserved 1179648K
  class space    used 12079K, committed 12544K, reserved 1048576K
}
Event: 124.481 GC heap after
{Heap after GC invocations=52 (full 0):
 garbage-first heap   total reserved 3055616K, committed 198656K, used 57773K [0x0000000745800000, 0x0000000800000000)
  region size 2048K, 3 young (6144K), 3 survivors (6144K)
 Metaspace       used 109671K, committed 110656K, reserved 1179648K
  class space    used 12079K, committed 12544K, reserved 1048576K
}
Event: 130.033 GC heap before
{Heap before GC invocations=53 (full 0):
 garbage-first heap   total reserved 3055616K, committed 198656K, used 170413K [0x0000000745800000, 0x0000000800000000)
  region size 2048K, 58 young (118784K), 3 survivors (6144K)
 Metaspace       used 109737K, committed 110720K, reserved 1179648K
  class space    used 12080K, committed 12544K, reserved 1048576K
}
Event: 130.039 GC heap after
{Heap after GC invocations=54 (full 0):
 garbage-first heap   total reserved 3055616K, committed 198656K, used 57655K [0x0000000745800000, 0x0000000800000000)
  region size 2048K, 1 young (2048K), 1 survivors (2048K)
 Metaspace       used 109737K, committed 110720K, reserved 1179648K
  class space    used 12080K, committed 12544K, reserved 1048576K
}

Dll operation events (12 events):
Event: 0.034 Loaded shared library C:\Program Files\Java\jdk-24\bin\java.dll
Event: 0.080 Loaded shared library C:\Program Files\Java\jdk-24\bin\jsvml.dll
Event: 0.179 Loaded shared library C:\Program Files\Java\jdk-24\bin\zip.dll
Event: 0.183 Loaded shared library C:\Program Files\Java\jdk-24\bin\instrument.dll
Event: 0.188 Loaded shared library C:\Program Files\Java\jdk-24\bin\net.dll
Event: 0.189 Loaded shared library C:\Program Files\Java\jdk-24\bin\nio.dll
Event: 0.193 Loaded shared library C:\Program Files\Java\jdk-24\bin\zip.dll
Event: 0.266 Loaded shared library C:\Program Files\Java\jdk-24\bin\jimage.dll
Event: 0.540 Loaded shared library C:\Program Files\Java\jdk-24\bin\extnet.dll
Event: 0.542 Loaded shared library C:\Program Files\Java\jdk-24\bin\management.dll
Event: 0.558 Loaded shared library C:\Program Files\Java\jdk-24\bin\management_ext.dll
Event: 2.633 Loaded shared library C:\Program Files\Java\jdk-24\bin\sunmscapi.dll

Deoptimization events (20 events):
Event: 108.071 Thread 0x00000298d5538820 DEOPT PACKING pc=0x0000029887c2d6a4 sp=0x000000f421bf9900
Event: 108.071 Thread 0x00000298d5538820 DEOPT UNPACKING pc=0x0000029887658a82 sp=0x000000f421bf9888 mode 2
Event: 108.135 Thread 0x00000298d8c0d660 Uncommon trap: trap_request=0xffffffd6 fr.pc=0x0000029887c2d6a4 relative=0x0000000000000364
Event: 108.135 Thread 0x00000298d8c0d660 Uncommon trap: reason=array_check action=maybe_recompile pc=0x0000029887c2d6a4 method=org.hibernate.engine.internal.EntityEntryContext.reentrantSafeEntityEntries()[Ljava/util/Map$Entry; @ 56 c2
Event: 108.135 Thread 0x00000298d8c0d660 DEOPT PACKING pc=0x0000029887c2d6a4 sp=0x000000f421ef9b00
Event: 108.135 Thread 0x00000298d8c0d660 DEOPT UNPACKING pc=0x0000029887658a82 sp=0x000000f421ef9a88 mode 2
Event: 108.316 Thread 0x00000298d650a990 Uncommon trap: trap_request=0xffffffd6 fr.pc=0x0000029887c2d6a4 relative=0x0000000000000364
Event: 108.316 Thread 0x00000298d650a990 Uncommon trap: reason=array_check action=maybe_recompile pc=0x0000029887c2d6a4 method=org.hibernate.engine.internal.EntityEntryContext.reentrantSafeEntityEntries()[Ljava/util/Map$Entry; @ 56 c2
Event: 108.316 Thread 0x00000298d650a990 DEOPT PACKING pc=0x0000029887c2d6a4 sp=0x000000f4216f9880
Event: 108.316 Thread 0x00000298d650a990 DEOPT UNPACKING pc=0x0000029887658a82 sp=0x000000f4216f9808 mode 2
Event: 112.581 Thread 0x00000298d8c0c070 DEOPT PACKING pc=0x0000029881862982 sp=0x000000f4222fe530
Event: 112.581 Thread 0x00000298d8c0c070 DEOPT UNPACKING pc=0x0000029887586642 sp=0x000000f4222fd958 mode 0
Event: 114.282 Thread 0x00000298d8c0ec50 DEOPT PACKING pc=0x000002988177667b sp=0x000000f4221fe510
Event: 114.282 Thread 0x00000298d8c0ec50 DEOPT UNPACKING pc=0x0000029887586642 sp=0x000000f4221fd930 mode 0
Event: 118.501 Thread 0x00000298d8c0cf10 Uncommon trap: trap_request=0xffffff4d fr.pc=0x0000029887c9d060 relative=0x0000000000000700
Event: 118.501 Thread 0x00000298d8c0cf10 Uncommon trap: reason=unstable_if action=reinterpret pc=0x0000029887c9d060 method=org.apache.tomcat.util.net.NioEndpoint$Poller.timeout(IZ)V @ 201 c2
Event: 118.501 Thread 0x00000298d8c0cf10 DEOPT PACKING pc=0x0000029887c9d060 sp=0x000000f421fff550
Event: 118.501 Thread 0x00000298d8c0cf10 DEOPT UNPACKING pc=0x0000029887658a82 sp=0x000000f421fff4e0 mode 2
Event: 127.477 Thread 0x00000298d8c0d660 DEOPT PACKING pc=0x0000029881be9a10 sp=0x000000f421ef9bf0
Event: 127.477 Thread 0x00000298d8c0d660 DEOPT UNPACKING pc=0x0000029887586642 sp=0x000000f421ef90d0 mode 0

Classes loaded (20 events):
Event: 58.847 Loading class java/util/concurrent/atomic/AtomicMarkableReference$Pair
Event: 58.847 Loading class java/util/concurrent/atomic/AtomicMarkableReference$Pair done
Event: 58.847 Loading class sun/text/resources/FormatData_en
Event: 58.847 Loading class sun/text/resources/FormatData_en done
Event: 58.847 Loading class sun/util/resources/LocaleData$SupplementaryStrategy
Event: 58.847 Loading class sun/util/resources/LocaleData$SupplementaryStrategy done
Event: 58.848 Loading class sun/text/resources/JavaTimeSupplementary
Event: 58.848 Loading class sun/text/resources/JavaTimeSupplementary done
Event: 58.849 Loading class sun/util/resources/ParallelListResourceBundle$KeySet
Event: 58.849 Loading class sun/util/resources/ParallelListResourceBundle$KeySet done
Event: 58.865 Loading class sun/util/locale/provider/CalendarDataUtility$CalendarFieldValueNameGetter
Event: 58.871 Loading class sun/util/locale/provider/CalendarDataUtility$CalendarFieldValueNameGetter done
Event: 58.873 Loading class java/math/BigDecimal$StringBuilderHelper
Event: 58.877 Loading class java/math/BigDecimal$StringBuilderHelper done
Event: 59.138 Loading class java/util/concurrent/locks/ReentrantReadWriteLock$Sync$HoldCounter
Event: 59.145 Loading class java/util/concurrent/locks/ReentrantReadWriteLock$Sync$HoldCounter done
Event: 93.481 Loading class sun/util/locale/LocaleExtensions
Event: 93.484 Loading class sun/util/locale/LocaleExtensions done
Event: 132.423 Loading class jdk/internal/math/FormattedFPDecimal
Event: 132.425 Loading class jdk/internal/math/FormattedFPDecimal done

Classes unloaded (0 events):
No events

Classes redefined (0 events):
No events

Internal exceptions (20 events):
Event: 13.010 Thread 0x00000298d47ad330 Exception <a 'java/lang/NoSuchMethodError'{0x00000007ffe7c558}: 'long java.lang.invoke.DirectMethodHandle$Holder.invokeStatic(java.lang.Object, java.lang.Object, java.lang.Object)'> (0x00000007ffe7c558) 
thrown [s\open\src\hotspot\share\interpreter\linkResolver.cpp, line 805]
Event: 13.011 Thread 0x00000298d47ad330 Exception <a 'java/lang/NoSuchMethodError'{0x00000007ffe8bea0}: 'long java.lang.invoke.DirectMethodHandle$Holder.invokeStatic(java.lang.Object, long, long)'> (0x00000007ffe8bea0) 
thrown [s\open\src\hotspot\share\interpreter\linkResolver.cpp, line 805]
Event: 13.024 Thread 0x00000298d54e20f0 Exception <a 'java/lang/NoSuchMethodError'{0x0000000751c16eb8}: 'java.lang.Object java.lang.invoke.DirectMethodHandle$Holder.newInvokeSpecial(java.lang.Object, java.lang.Object, int, int)'> (0x0000000751c16eb8) 
thrown [s\open\src\hotspot\share\interpreter\linkResolver.cpp, line 805]
Event: 13.027 Thread 0x00000298d54e20f0 Exception <a 'java/lang/NoSuchMethodError'{0x0000000751c5cad8}: 'void java.lang.invoke.DirectMethodHandle$Holder.invokeStatic(java.lang.Object, java.lang.Object, int, int, java.lang.Object)'> (0x0000000751c5cad8) 
thrown [s\open\src\hotspot\share\interpreter\linkResolver.cpp, line 805]
Event: 13.031 Thread 0x00000298d54e20f0 Exception <a 'java/lang/NoSuchMethodError'{0x0000000751cb3bc0}: 'void java.lang.invoke.DirectMethodHandle$Holder.invokeSpecialIFC(java.lang.Object, java.lang.Object, int, java.lang.Object, java.lang.Object, java.lang.Object, java.lang.Object)'> (0x0000000751cb3bc0) 
thrown [s\open\src\hotspot\share\interpreter\linkResolver.cpp, line 805]
Event: 13.065 Thread 0x00000298d54e20f0 Exception <a 'java/lang/NoSuchMethodError'{0x0000000751a27a90}: 'java.lang.Object java.lang.invoke.DirectMethodHandle$Holder.newInvokeSpecial(java.lang.Object, java.lang.Object, java.lang.Object, long)'> (0x0000000751a27a90) 
thrown [s\open\src\hotspot\share\interpreter\linkResolver.cpp, line 805]
Event: 13.066 Thread 0x00000298d54e20f0 Exception <a 'java/lang/NoSuchMethodError'{0x0000000751a2ff80}: 'java.lang.Object java.lang.invoke.Invokers$Holder.linkToTargetMethod(java.lang.Object, java.lang.Object, long, java.lang.Object)'> (0x0000000751a2ff80) 
thrown [s\open\src\hotspot\share\interpreter\linkResolver.cpp, line 805]
Event: 13.092 Thread 0x00000298d54e20f0 Exception <a 'java/lang/IncompatibleClassChangeError'{0x0000000751b6bfe0}: Found class java.lang.Object, but interface was expected> (0x0000000751b6bfe0) 
thrown [s\open\src\hotspot\share\interpreter\linkResolver.cpp, line 872]
Event: 26.400 Thread 0x00000298d8c0f3a0 Exception <a 'java/lang/NoSuchMethodError'{0x00000007515ea9e0}: 'java.lang.Object java.lang.invoke.DirectMethodHandle$Holder.invokeStatic(java.lang.Object, java.lang.Object, java.lang.Object, int, int)'> (0x00000007515ea9e0) 
thrown [s\open\src\hotspot\share\interpreter\linkResolver.cpp, line 805]
Event: 26.401 Thread 0x00000298d8c0f3a0 Exception <a 'java/lang/NoSuchMethodError'{0x00000007515f2930}: 'java.lang.Object java.lang.invoke.DirectMethodHandle$Holder.invokeStaticInit(java.lang.Object, java.lang.Object, java.lang.Object, int, int)'> (0x00000007515f2930) 
thrown [s\open\src\hotspot\share\interpreter\linkResolver.cpp, line 805]
Event: 26.431 Thread 0x00000298d650d570 Exception <a 'java/lang/NoSuchMethodError'{0x0000000751328ca0}: 'java.lang.Object java.lang.invoke.DirectMethodHandle$Holder.invokeSpecial(java.lang.Object, java.lang.Object, java.lang.Object, java.lang.Object, java.lang.Object, long)'> (0x0000000751328ca0) 
thrown [s\open\src\hotspot\share\interpreter\linkResolver.cpp, line 805]
Event: 26.432 Thread 0x00000298d650d570 Exception <a 'java/lang/NoSuchMethodError'{0x0000000751331520}: 'java.lang.Object java.lang.invoke.DirectMethodHandle$Holder.invokeSpecial(java.lang.Object, java.lang.Object, java.lang.Object, java.lang.Object, java.lang.Object, java.lang.Object, long)'> (0x0000000751331520) 
thrown [s\open\src\hotspot\share\interpreter\linkResolver.cpp, line 805]
Event: 26.432 Thread 0x00000298d650d570 Exception <a 'java/lang/NoSuchMethodError'{0x0000000751339888}: 'java.lang.Object java.lang.invoke.DelegatingMethodHandle$Holder.reinvoke_L(java.lang.Object, java.lang.Object, java.lang.Object, java.lang.Object, java.lang.Object, long)'> (0x0000000751339888) 
thrown [s\open\src\hotspot\share\interpreter\linkResolver.cpp, line 805]
Event: 26.432 Thread 0x00000298d650d570 Exception <a 'java/lang/NoSuchMethodError'{0x0000000751349b88}: 'java.lang.Object java.lang.invoke.Invokers$Holder.linkToTargetMethod(java.lang.Object, java.lang.Object, java.lang.Object, long, java.lang.Object)'> (0x0000000751349b88) 
thrown [s\open\src\hotspot\share\interpreter\linkResolver.cpp, line 805]
Event: 26.941 Thread 0x00000298d650a990 Implicit null exception at 0x0000029887cb8f58 to 0x0000029887cb951c
Event: 26.958 Thread 0x00000298d650a990 Implicit null exception at 0x0000029887ed9f99 to 0x0000029887eda3b4
Event: 26.979 Thread 0x00000298d650a990 Exception <a 'java/lang/IncompatibleClassChangeError'{0x0000000750793028}: Found class java.lang.Object, but interface was expected> (0x0000000750793028) 
thrown [s\open\src\hotspot\share\interpreter\linkResolver.cpp, line 872]
Event: 27.009 Thread 0x00000298d650a990 Exception <a 'java/lang/NoSuchMethodError'{0x00000007504c21a0}: 'java.lang.Object java.lang.invoke.Invokers$Holder.linkToTargetMethod(java.lang.Object, int, java.lang.Object, java.lang.Object, java.lang.Object, java.lang.Object)'> (0x00000007504c21a0) 
thrown [s\open\src\hotspot\share\interpreter\linkResolver.cpp, line 805]
Event: 58.639 Thread 0x00000298d5538820 Exception <a 'java/lang/IncompatibleClassChangeError'{0x000000074f4c86d0}: Found class java.lang.Object, but interface was expected> (0x000000074f4c86d0) 
thrown [s\open\src\hotspot\share\interpreter\linkResolver.cpp, line 872]
Event: 58.652 Thread 0x00000298d5536ae0 Exception <a 'java/lang/NoSuchMethodError'{0x000000074f2715e8}: 'void java.lang.invoke.Invokers$Holder.invokeExact_MT(java.lang.Object, java.lang.Object, int, java.lang.Object)'> (0x000000074f2715e8) 
thrown [s\open\src\hotspot\share\interpreter\linkResolver.cpp, line 805]

VM Operations (20 events):
Event: 109.322 Executing VM operation: G1PauseRemark
Event: 109.333 Executing VM operation: G1PauseRemark done
Event: 109.364 Executing VM operation: G1PauseCleanup
Event: 109.364 Executing VM operation: G1PauseCleanup done
Event: 113.646 Executing VM operation: G1CollectForAllocation (G1 Evacuation Pause)
Event: 113.652 Executing VM operation: G1CollectForAllocation (G1 Evacuation Pause) done
Event: 119.867 Executing VM operation: G1CollectForAllocation (G1 Evacuation Pause)
Event: 119.881 Executing VM operation: G1CollectForAllocation (G1 Evacuation Pause) done
Event: 120.535 Executing VM operation: HandshakeAllThreads (HandshakeForDeflation)
Event: 120.535 Executing VM operation: HandshakeAllThreads (HandshakeForDeflation) done
Event: 120.535 Executing VM operation: RendezvousGCThreads
Event: 120.535 Executing VM operation: RendezvousGCThreads done
Event: 124.473 Executing VM operation: G1CollectForAllocation (G1 Evacuation Pause)
Event: 124.481 Executing VM operation: G1CollectForAllocation (G1 Evacuation Pause) done
Event: 124.575 Executing VM operation: G1PauseRemark
Event: 124.584 Executing VM operation: G1PauseRemark done
Event: 124.619 Executing VM operation: G1PauseCleanup
Event: 124.619 Executing VM operation: G1PauseCleanup done
Event: 130.033 Executing VM operation: G1CollectForAllocation (G1 Evacuation Pause)
Event: 130.039 Executing VM operation: G1CollectForAllocation (G1 Evacuation Pause) done

Memory protections (0 events):
No events

Nmethod flushes (20 events):
Event: 124.583 Thread 0x00000298f8784370 flushing  nmethod 0x00000298807d0488
Event: 124.583 Thread 0x00000298f8784370 flushing  nmethod 0x0000029880f5d088
Event: 124.583 Thread 0x00000298f8784370 flushing  nmethod 0x0000029880f99c88
Event: 124.583 Thread 0x00000298f8784370 flushing  nmethod 0x0000029880f9cd88
Event: 124.583 Thread 0x00000298f8784370 flushing  nmethod 0x0000029881135e88
Event: 124.583 Thread 0x00000298f8784370 flushing  nmethod 0x00000298811c1d08
Event: 124.583 Thread 0x00000298f8784370 flushing  nmethod 0x00000298811eae08
Event: 124.583 Thread 0x00000298f8784370 flushing  nmethod 0x0000029881244408
Event: 124.583 Thread 0x00000298f8784370 flushing  nmethod 0x0000029881247908
Event: 124.583 Thread 0x00000298f8784370 flushing  nmethod 0x0000029881248308
Event: 124.583 Thread 0x00000298f8784370 flushing  nmethod 0x00000298812e8e88
Event: 124.583 Thread 0x00000298f8784370 flushing  nmethod 0x00000298812ea588
Event: 124.583 Thread 0x00000298f8784370 flushing  nmethod 0x00000298812ec488
Event: 124.583 Thread 0x00000298f8784370 flushing  nmethod 0x00000298813b2208
Event: 124.583 Thread 0x00000298f8784370 flushing  nmethod 0x0000029881425908
Event: 124.583 Thread 0x00000298f8784370 flushing  nmethod 0x0000029881433e08
Event: 124.583 Thread 0x00000298f8784370 flushing  nmethod 0x00000298814dcc88
Event: 124.583 Thread 0x00000298f8784370 flushing  nmethod 0x00000298814df408
Event: 124.583 Thread 0x00000298f8784370 flushing  nmethod 0x0000029881607f08
Event: 124.583 Thread 0x00000298f8784370 flushing  nmethod 0x0000029881b1a688

Events (20 events):
Event: 58.356 Thread 0x00000298d8c0cf10 Thread added: 0x00000298d8c0ec50
Event: 58.366 Thread 0x00000298d8c0cf10 Thread added: 0x00000298d8c0c070
Event: 58.406 Thread 0x00000298d8c0cf10 Thread added: 0x00000298d8c0faf0
Event: 58.672 Thread 0x00000298f87b6e10 Thread added: 0x00000298d78e96c0
Event: 62.078 Thread 0x00000298d78e96c0 Thread exited: 0x00000298d78e96c0
Event: 63.647 Thread 0x00000298f87ac170 Thread added: 0x00000298d483a8d0
Event: 64.796 Thread 0x00000298d483a8d0 Thread exited: 0x00000298d483a8d0
Event: 68.925 Thread 0x00000298f87b6e10 Thread added: 0x00000298d483ddc0
Event: 69.127 Thread 0x00000298d483ddc0 Thread exited: 0x00000298d483ddc0
Event: 74.401 Thread 0x00000298f87ac170 Thread added: 0x00000298d5a14c90
Event: 76.961 Thread 0x00000298d5a14c90 Thread exited: 0x00000298d5a14c90
Event: 78.002 Thread 0x00000298f87ac170 Thread added: 0x00000298d5a135e0
Event: 79.060 Thread 0x00000298d5a135e0 Thread exited: 0x00000298d5a135e0
Event: 79.400 Thread 0x00000298f87b6e10 Thread added: 0x00000298d5a14500
Event: 80.219 Thread 0x00000298d5a14500 Thread exited: 0x00000298d5a14500
Event: 81.547 Thread 0x00000298f87b6e10 Thread added: 0x00000298d5a14500
Event: 81.961 Thread 0x00000298d5a14500 Thread exited: 0x00000298d5a14500
Event: 88.230 Thread 0x00000298f87b6e10 Thread added: 0x00000298d5a135e0
Event: 88.365 Thread 0x00000298d5a135e0 Thread exited: 0x00000298d5a135e0
Event: 105.946 Thread 0x00000298d8c0e500 Thread exited: 0x00000298d8c0e500


Dynamic libraries:
0x00007ff75a370000 - 0x00007ff75a380000 	C:\Program Files\Java\jdk-24\bin\java.exe
0x00007ffc865e0000 - 0x00007ffc86847000 	C:\WINDOWS\SYSTEM32\ntdll.dll
0x00007ffc85080000 - 0x00007ffc85149000 	C:\WINDOWS\System32\KERNEL32.DLL
0x00007ffc83020000 - 0x00007ffc83411000 	C:\WINDOWS\System32\KERNELBASE.dll
0x00007ffc841a0000 - 0x00007ffc842eb000 	C:\WINDOWS\System32\ucrtbase.dll
0x00007ffc7dbb0000 - 0x00007ffc7dbcb000 	C:\Program Files\Java\jdk-24\bin\VCRUNTIME140.dll
0x00007ffc7d1a0000 - 0x00007ffc7d1b6000 	C:\Program Files\Java\jdk-24\bin\jli.dll
0x00007ffc844a0000 - 0x00007ffc84665000 	C:\WINDOWS\System32\USER32.dll
0x00007ffc84170000 - 0x00007ffc84197000 	C:\WINDOWS\System32\win32u.dll
0x00007ffc64cf0000 - 0x00007ffc64f83000 	C:\WINDOWS\WinSxS\amd64_microsoft.windows.common-controls_6595b64144ccf1df_6.0.26100.7922_none_3e089e1ee3342171\COMCTL32.dll
0x00007ffc86050000 - 0x00007ffc8607b000 	C:\WINDOWS\System32\GDI32.dll
0x00007ffc84040000 - 0x00007ffc8416a000 	C:\WINDOWS\System32\gdi32full.dll
0x00007ffc82ec0000 - 0x00007ffc82f63000 	C:\WINDOWS\System32\msvcp_win.dll
0x00007ffc859f0000 - 0x00007ffc85a99000 	C:\WINDOWS\System32\msvcrt.dll
0x00007ffc86430000 - 0x00007ffc86461000 	C:\WINDOWS\System32\IMM32.DLL
0x00007ffc7fee0000 - 0x00007ffc7feec000 	C:\Program Files\Java\jdk-24\bin\vcruntime140_1.dll
0x00007ffc74f90000 - 0x00007ffc7501e000 	C:\Program Files\Java\jdk-24\bin\msvcp140.dll
0x00007ffbd3b00000 - 0x00007ffbd48a2000 	C:\Program Files\Java\jdk-24\bin\server\jvm.dll
0x00007ffc862a0000 - 0x00007ffc8635b000 	C:\WINDOWS\System32\ADVAPI32.dll
0x00007ffc84380000 - 0x00007ffc84427000 	C:\WINDOWS\System32\sechost.dll
0x00007ffc86470000 - 0x00007ffc86588000 	C:\WINDOWS\System32\RPCRT4.dll
0x00007ffc84670000 - 0x00007ffc846e4000 	C:\WINDOWS\System32\WS2_32.dll
0x00007ffc7b250000 - 0x00007ffc7b285000 	C:\WINDOWS\SYSTEM32\WINMM.dll
0x00007ffc71030000 - 0x00007ffc7103b000 	C:\WINDOWS\SYSTEM32\VERSION.dll
0x00007ffc82d20000 - 0x00007ffc82d7e000 	C:\WINDOWS\SYSTEM32\POWRPROF.dll
0x00007ffc82d00000 - 0x00007ffc82d14000 	C:\WINDOWS\SYSTEM32\UMPDC.dll
0x00007ffc81c50000 - 0x00007ffc81c6b000 	C:\WINDOWS\SYSTEM32\kernel.appcore.dll
0x00007ffc7d910000 - 0x00007ffc7d91a000 	C:\Program Files\Java\jdk-24\bin\jimage.dll
0x00007ffc80fb0000 - 0x00007ffc811f2000 	C:\WINDOWS\SYSTEM32\DBGHELP.DLL
0x00007ffc85cc0000 - 0x00007ffc86042000 	C:\WINDOWS\System32\combase.dll
0x00007ffc858b0000 - 0x00007ffc85987000 	C:\WINDOWS\System32\OLEAUT32.dll
0x00007ffc5fe30000 - 0x00007ffc5fe6b000 	C:\WINDOWS\SYSTEM32\dbgcore.DLL
0x00007ffc82f70000 - 0x00007ffc83015000 	C:\WINDOWS\System32\bcryptPrimitives.dll
0x00007ffc754b0000 - 0x00007ffc754bf000 	C:\Program Files\Java\jdk-24\bin\instrument.dll
0x00007ffc753b0000 - 0x00007ffc753ce000 	C:\Program Files\Java\jdk-24\bin\java.dll
0x00007ffc85b20000 - 0x00007ffc85cb5000 	C:\WINDOWS\System32\ole32.dll
0x00007ffc84910000 - 0x00007ffc8506f000 	C:\WINDOWS\System32\SHELL32.dll
0x00007ffc835a0000 - 0x00007ffc8370a000 	C:\WINDOWS\System32\wintypes.dll
0x00007ffc837d0000 - 0x00007ffc84034000 	C:\WINDOWS\System32\windows.storage.dll
0x00007ffc85210000 - 0x00007ffc85307000 	C:\WINDOWS\System32\SHCORE.dll
0x00007ffc84430000 - 0x00007ffc84497000 	C:\WINDOWS\System32\shlwapi.dll
0x00007ffc82de0000 - 0x00007ffc82e09000 	C:\WINDOWS\SYSTEM32\profapi.dll
0x00007ffc623e0000 - 0x00007ffc624b7000 	C:\Program Files\Java\jdk-24\bin\jsvml.dll
0x00007ffc75390000 - 0x00007ffc753a7000 	C:\Program Files\Java\jdk-24\bin\zip.dll
0x00007ffc754a0000 - 0x00007ffc754b0000 	C:\Program Files\Java\jdk-24\bin\net.dll
0x00007ffc821c0000 - 0x00007ffc8222b000 	C:\WINDOWS\system32\mswsock.dll
0x00007ffc75370000 - 0x00007ffc75386000 	C:\Program Files\Java\jdk-24\bin\nio.dll
0x00007ffc81720000 - 0x00007ffc8184a000 	C:\WINDOWS\SYSTEM32\DNSAPI.dll
0x00007ffc816e0000 - 0x00007ffc81713000 	C:\WINDOWS\SYSTEM32\IPHLPAPI.DLL
0x00007ffc857a0000 - 0x00007ffc857aa000 	C:\WINDOWS\System32\NSI.dll
0x00007ffc72040000 - 0x00007ffc7204b000 	C:\Windows\System32\rasadhlp.dll
0x00007ffc7b0c0000 - 0x00007ffc7b146000 	C:\WINDOWS\System32\fwpuclnt.dll
0x00007ffc751f0000 - 0x00007ffc751f9000 	C:\Program Files\Java\jdk-24\bin\extnet.dll
0x00007ffc751e0000 - 0x00007ffc751ea000 	C:\Program Files\Java\jdk-24\bin\management.dll
0x00007ffc74f80000 - 0x00007ffc74f8b000 	C:\Program Files\Java\jdk-24\bin\management_ext.dll
0x00007ffc86080000 - 0x00007ffc86088000 	C:\WINDOWS\System32\PSAPI.DLL
0x00007ffc824a0000 - 0x00007ffc824bb000 	C:\WINDOWS\SYSTEM32\CRYPTSP.dll
0x00007ffc81bb0000 - 0x00007ffc81be9000 	C:\WINDOWS\system32\rsaenh.dll
0x00007ffc82270000 - 0x00007ffc822a2000 	C:\WINDOWS\SYSTEM32\USERENV.dll
0x00007ffc82db0000 - 0x00007ffc82dda000 	C:\WINDOWS\SYSTEM32\bcrypt.dll
0x00007ffc824c0000 - 0x00007ffc824cc000 	C:\WINDOWS\SYSTEM32\CRYPTBASE.dll
0x00007ffc58b60000 - 0x00007ffc58b78000 	C:\WINDOWS\system32\napinsp.dll
0x00007ffc58b40000 - 0x00007ffc58b56000 	C:\WINDOWS\system32\wshbth.dll
0x00007ffc58b10000 - 0x00007ffc58b32000 	C:\WINDOWS\system32\nlansp_c.dll
0x00007ffc58af0000 - 0x00007ffc58b02000 	C:\WINDOWS\System32\winrnr.dll
0x00007ffc5c9d0000 - 0x00007ffc5ca26000 	C:\WINDOWS\SYSTEM32\pdh.dll
0x00007ffc59440000 - 0x00007ffc59452000 	C:\WINDOWS\System32\perfproc.dll
0x00007ffc74f70000 - 0x00007ffc74f7e000 	C:\Program Files\Java\jdk-24\bin\sunmscapi.dll
0x00007ffc83420000 - 0x00007ffc83597000 	C:\WINDOWS\System32\CRYPT32.dll
0x00007ffc826c0000 - 0x00007ffc826f0000 	C:\WINDOWS\SYSTEM32\ncrypt.dll
0x00007ffc82670000 - 0x00007ffc826af000 	C:\WINDOWS\SYSTEM32\NTASN1.dll
0x00007ffc565c0000 - 0x00007ffc565c8000 	C:\WINDOWS\system32\wshunix.dll

JVMTI agents:
C:\Program Files\JetBrains\IntelliJ IDEA 2025.3.2\lib\idea_rt.jar path:C:\Program Files\Java\jdk-24\bin\instrument.dll, loaded, initialized, instrumentlib options:64974

dbghelp: loaded successfully - version: 4.0.5 - missing functions: none
symbol engine: initialized successfully - sym options: 0x614 - pdb path: .;C:\Program Files\Java\jdk-24\bin;C:\WINDOWS\SYSTEM32;C:\WINDOWS\WinSxS\amd64_microsoft.windows.common-controls_6595b64144ccf1df_6.0.26100.7922_none_3e089e1ee3342171;C:\Program Files\Java\jdk-24\bin\server

VM Arguments:
jvm_args: -javaagent:C:\Program Files\JetBrains\IntelliJ IDEA 2025.3.2\lib\idea_rt.jar=64974 -Dfile.encoding=UTF-8 -Dsun.stdout.encoding=UTF-8 -Dsun.stderr.encoding=UTF-8 
java_command: com.saxodevs.pos.PosApplication
java_class_path (initial): C:\Users\saxod\Desktop\Level 300\ADVANCED JAVA\MINI PROJECT IV\pos\target\classes;C:\Users\saxod\.m2\repository\org\springframework\boot\spring-boot-starter-actuator\4.0.3\spring-boot-starter-actuator-4.0.3.jar;C:\Users\saxod\.m2\repository\org\springframework\boot\spring-boot-starter\4.0.3\spring-boot-starter-4.0.3.jar;C:\Users\saxod\.m2\repository\org\springframework\boot\spring-boot-starter-logging\4.0.3\spring-boot-starter-logging-4.0.3.jar;C:\Users\saxod\.m2\repository\ch\qos\logback\logback-classic\1.5.32\logback-classic-1.5.32.jar;C:\Users\saxod\.m2\repository\ch\qos\logback\logback-core\1.5.32\logback-core-1.5.32.jar;C:\Users\saxod\.m2\repository\org\apache\logging\log4j\log4j-to-slf4j\2.25.3\log4j-to-slf4j-2.25.3.jar;C:\Users\saxod\.m2\repository\org\apache\logging\log4j\log4j-api\2.25.3\log4j-api-2.25.3.jar;C:\Users\saxod\.m2\repository\org\slf4j\jul-to-slf4j\2.0.17\jul-to-slf4j-2.0.17.jar;C:\Users\saxod\.m2\repository\jakarta\annotation\jakarta.annotation-api\3.0.0\jakarta.annotation-api-3.0.0.jar;C:\Users\saxod\.m2\repository\org\yaml\snakeyaml\2.5\snakeyaml-2.5.jar;C:\Users\saxod\.m2\repository\org\springframework\boot\spring-boot-starter-micrometer-metrics\4.0.3\spring-boot-starter-micrometer-metrics-4.0.3.jar;C:\Users\saxod\.m2\repository\org\springframework\boot\spring-boot-micrometer-metrics\4.0.3\spring-boot-micrometer-metrics-4.0.3.jar;C:\Users\saxod\.m2\repository\org\springframework\boot\spring-boot-micrometer-observation\4.0.3\spring-boot-micrometer-observation-4.0.3.jar;C:\Users\saxod\.m2\repository\org\springframework\boot\spring-boot-actuator-autoconfigure\4.0.3\spring-boot-actuator-autoconfigure-4.0.3.jar;C:\Users\saxod\.m2\repository\org\springframework\boot\spring-boot-actuator\4.0.3\spring-boot-actuator-4.0.3.jar;C:\Users\saxod\.m2\repository\org\springframework\boot\spring-boot-health\4.0.3\spring-boot-health-4.0.3.jar;C:\Users\saxod\.m2\repository\io\micrometer\micrometer-observation\1.16.3\micrometer-observation-1.16.3.jar;C:\Users\saxod\.m2\repository\org\jspecify\jspecify\1.0.0\jspecify-1.0.0.jar;C:\Users\saxod\.m2\repository\io\micrometer\micrometer-commons\1.16.3\micrometer-commons-1.16.3.jar;C:\Users\saxod\.m2\repository\io\micrometer\micrometer-jakarta9\1.16.3\micrometer-jakarta9-1.16.3.jar;C:\Users\saxod\.m2\repository\io\micrometer\micrometer-core\1.16.3\micrometer-core-1.16.3.jar;C:\Users\saxod\.m2\repository\org\hdrhistogram\HdrHistogram\2.2.2\HdrHistogram-2.2.2.jar;C:\Users\saxod\.m2\repository\org\latencyutils\LatencyUtils\2.0.3\LatencyUtils-2.0.3.jar;C:\Users\saxod\.m2\repository\org\springframework\boot\spring-boot-starter-data-jpa\4.0.3\spring-boot-starter-data-jpa-4.0.3.jar;C:\Users\saxod\.m2\repository\org\springframework\boot\spring-boot-starter-jdbc\4.0.3\spring-boot-starter-jdbc-4.0.3.jar;C:\Users\saxod\.m2\repository\com\zaxxer\HikariCP\7.0.2\HikariCP-7.0.2.jar;C:\Users\saxod\.m2\repository\org\slf4j\slf4j-api\2.0.17\slf4j-api-2.0.17.jar;C:\Users\saxod\.m2\repository\org\springframework\boot\spring-boot-data-jpa\4.0.3\spring-boot-data-jpa-4.0.3.jar;C:\Users\saxod\.m2\repository\org\springframework\boot\spring-boot-data-commons\4.0.3\spring-boot-data-commons-4.0.3.jar;C:\Users\saxod\.m2\repository\org\springframework\boot\spring-boot-persistence\4.0.3\spring-boot-persistence-4.0.3.jar;C:\Users\saxod\.m2\repository\org\springframework\data\spring-data-commons\4.0.3\spring-data-commons-4.0.3.jar;C:\Users\saxod\.m2\repository\org\springframework\boot\spring-boot-hibernate\4.0.3\spring-boot-hibernate-4.0.3.jar;C:\Users\saxod\.m2\repository\org\springframework\boot\spring-boot-jpa\4.0.3\spring-boot-jpa-4.0.3.jar;C:\Users\saxod\.m2\repository\jakarta\persistence\jakarta.persistence-api\3.2.0\jakarta.persistence-api-3.2.0.jar;C:\Users\saxod\.m2\repository\org\hibernate\orm\hibernate-core\7.2.4.Final\hibernate-core-7.2.4.Final.jar;C:\Users\saxod\.m2\repository\jakarta\transaction\jakarta.transaction-api\2.0.1\jakarta.transaction-api-2.0.1.jar;C:\Users\saxod\.m2\repository\org\hibernate\models\hibernate-models\1.0.1\hibernate-models-1.0.1.jar;C:\Users\saxod\.m2\repository\org\glassfish\jaxb\jaxb-runtime\4.0.6\jaxb-runtime-4.0.6.jar;C:\Users\saxod\.m2\repository\org\glassfish\jaxb\jaxb-core\4.0.6\jaxb-core-4.0.6.jar;C:\Users\saxod\.m2\repository\org\eclipse\angus\angus-activation\2.0.3\angus-activation-2.0.3.jar;C:\Users\saxod\.m2\repository\org\glassfish\jaxb\txw2\4.0.6\txw2-4.0.6.jar;C:\Users\saxod\.m2\repository\com\sun\istack\istack-commons-runtime\4.1.2\istack-commons-runtime-4.1.2.jar;C:\Users\saxod\.m2\repository\jakarta\inject\jakarta.inject-api\2.0.1\jakarta.inject-api-2.0.1.jar;C:\Users\saxod\.m2\repository\org\springframework\spring-orm\7.0.5\spring-orm-7.0.5.jar;C:\Users\saxod\.m2\repository\org\springframework\data\spring-data-jpa\4.0.3\spring-data-jpa-4.0.3.jar;C:\Users\saxod\.m2\repository\org\springframework\spring-tx\7.0.5\spring-tx-7.0.5.jar;C:\Users\saxod\.m2\repository\org\antlr\antlr4-runtime\4.13.2\antlr4-runtime-4.13.2.jar;C:\Users\saxod\.m2\repository\org\springframework\spring-aspects\7.0.5\spring-aspects-7.0.5.jar;C:\Users\saxod\.m2\repository\org\aspectj\aspectjweaver\1.9.25.1\aspectjweaver-1.9.25.1.jar;C:\Users\saxod\.m2\repository\org\springframework\boot\spring-boot-jdbc\4.0.3\spring-boot-jdbc-4.0.3.jar;C:\Users\saxod\.m2\repository\org\springframework\boot\spring-boot-sql\4.0.3\spring-boot-sql-4.0.3.jar;C:\Users\saxod\.m2\repository\org\springframework\boot\spring-boot-transaction\4.0.3\spring-boot-transaction-4.0.3.jar;C:\Users\saxod\.m2\repository\org\springframework\spring-jdbc\7.0.5\spring-jdbc-7.0.5.jar;C:\Users\saxod\.m2\repository\org\springframework\boot\spring-boot-starter-validation\4.0.3\spring-boot-starter-validation-4.0.3.jar;C:\Users\saxod\.m2\repository\org\springframework\boot\spring-boot-validation\4.0.3\spring-boot-validation-4.0.3.jar;C:\Users\saxod\.m2\repository\org\apache\tomcat\embed\tomcat-embed-el\11.0.18\tomcat-embed-el-11.0.18.jar;C:\Users\saxod\.m2\repository\org\hibernate\validator\hibernate-validator\9.0.1.Final\hibernate-validator-9.0.1.Final.jar;C:\Users\saxod\.m2\repository\jakarta\validation\jakarta.validation-api\3.1.1\jakarta.validation-api-3.1.1.jar;C:\Users\saxod\.m2\repository\org\jboss\logging\jboss-logging\3.6.2.Final\jboss-logging-3.6.2.Final.jar;C:\Users\saxod\.m2\repository\com\fasterxml\classmate\1.7.3\classmate-1.7.3.jar;C:\Users\saxod\.m2\repository\org\springframework\boot\spring-boot-starter-webmvc\4.0.3\spring-boot-starter-webmvc-4.0.3.jar;C:\Users\saxod\.m2\repository\org\springframework\boot\spring-boot-starter-jackson\4.0.3\spring-boot-starter-jackson-4.0.3.jar;C:\Users\saxod\.m2\repository\org\springframework\boot\spring-boot-jackson\4.0.3\spring-boot-jackson-4.0.3.jar;C:\Users\saxod\.m2\repository\tools\jackson\core\jackson-databind\3.0.4\jackson-databind-3.0.4.jar;C:\Users\saxod\.m2\repository\tools\jackson\core\jackson-core\3.0.4\jackson-core-3.0.4.jar;C:\Users\saxod\.m2\repository\org\springframework\boot\spring-boot-starter-tomcat\4.0.3\spring-boot-starter-tomcat-4.0.3.jar;C:\Users\saxod\.m2\repository\org\springframework\boot\spring-boot-starter-tomcat-runtime\4.0.3\spring-boot-starter-tomcat-runtime-4.0.3.jar;C:\Users\saxod\.m2\repository\org\apache\tomcat\embed\tomcat-embed-core\11.0.18\tomcat-embed-core-11.0.18.jar;C:\Users\saxod\.m2\repository\org\apache\tomcat\embed\tomcat-embed-websocket\11.0.18\tomcat-embed-websocket-11.0.18.jar;C:\Users\saxod\.m2\repository\org\springframework\boot\spring-boot-tomcat\4.0.3\spring-boot-tomcat-4.0.3.jar;C:\Users\saxod\.m2\repository\org\springframework\boot\spring-boot-http-converter\4.0.3\spring-boot-http-converter-4.0.3.jar;C:\Users\saxod\.m2\repository\org\springframework\spring-web\7.0.5\spring-web-7.0.5.jar;C:\Users\saxod\.m2\repository\org\springframework\boot\spring-boot-webmvc\4.0.3\spring-boot-webmvc-4.0.3.jar;C:\Users\saxod\.m2\repository\org\springframework\boot\spring-boot-servlet\4.0.3\spring-boot-servlet-4.0.3.jar;C:\Users\saxod\.m2\repository\org\springframework\spring-webmvc\7.0.5\spring-webmvc-7.0.5.jar;C:\Users\saxod\.m2\repository\org\springframework\spring-expression\7.0.5\spring-expression-7.0.5.jar;C:\Users\saxod\.m2\repository\org\springframework\boot\spring-boot-devtools\4.0.3\spring-boot-devtools-4.0.3.jar;C:\Users\saxod\.m2\repository\org\springframework\boot\spring-boot\4.0.3\spring-boot-4.0.3.jar;C:\Users\saxod\.m2\repository\org\springframework\spring-core\7.0.5\spring-core-7.0.5.jar;C:\Users\saxod\.m2\repository\commons-logging\commons-logging\1.3.5\commons-logging-1.3.5.jar;C:\Users\saxod\.m2\repository\org\springframework\spring-context\7.0.5\spring-context-7.0.5.jar;C:\Users\saxod\.m2\repository\org\springframework\boot\spring-boot-autoconfigure\4.0.3\spring-boot-autoconfigure-4.0.3.jar;C:\Users\saxod\.m2\repository\org\projectlombok\lombok\1.18.42\lombok-1.18.42.jar;C:\Users\saxod\.m2\repository\io\jsonwebtoken\jjwt-api\0.13.0\jjwt-api-0.13.0.jar;C:\Users\saxod\.m2\repository\io\jsonwebtoken\jjwt-impl\0.13.0\jjwt-impl-0.13.0.jar;C:\Users\saxod\.m2\repository\io\jsonwebtoken\jjwt-jackson\0.13.0\jjwt-jackson-0.13.0.jar;C:\Users\saxod\.m2\repository\com\fasterxml\jackson\core\jackson-databind\2.20.2\jackson-databind-2.20.2.jar;C:\Users\saxod\.m2\repository\com\fasterxml\jackson\core\jackson-annotations\2.20\jackson-annotations-2.20.jar;C:\Users\saxod\.m2\repository\com\fasterxml\jackson\core\jackson-core\2.20.2\jackson-core-2.20.2.jar;C:\Users\saxod\.m2\repository\jakarta\xml\bind\jakarta.xml.bind-api\4.0.4\jakarta.xml.bind-api-4.0.4.jar;C:\Users\saxod\.m2\repository\jakarta\activation\jakarta.activation-api\2.1.4\jakarta.activation-api-2.1.4.jar;C:\Users\saxod\.m2\repository\net\bytebuddy\byte-buddy\1.17.8\byte-buddy-1.17.8.jar;C:\Users\saxod\.m2\repository\org\springframework\boot\spring-boot-web-server\4.0.3\spring-boot-web-server-4.0.3.jar;C:\Users\saxod\.m2\repository\org\springframework\boot\spring-boot-starter-security\4.0.3\spring-boot-starter-security-4.0.3.jar;C:\Users\saxod\.m2\repository\org\springframework\boot\spring-boot-security\4.0.3\spring-boot-security-4.0.3.jar;C:\Users\saxod\.m2\repository\org\springframework\security\spring-security-config\7.0.3\spring-security-config-7.0.3.jar;C:\Users\saxod\.m2\repository\org\springframework\security\spring-security-core\7.0.3\spring-security-core-7.0.3.jar;C:\Users\saxod\.m2\repository\org\springframework\security\spring-security-crypto\7.0.3\spring-security-crypto-7.0.3.jar;C:\Users\saxod\.m2\repository\org\springframework\security\spring-security-web\7.0.3\spring-security-web-7.0.3.jar;C:\Users\saxod\.m2\repository\org\springframework\spring-aop\7.0.5\spring-aop-7.0.5.jar;C:\Users\saxod\.m2\repository\org\springframework\spring-beans\7.0.5\spring-beans-7.0.5.jar;C:\Users\saxod\.m2\repository\org\postgresql\postgresql\42.7.10\postgresql-42.7.10.jar;C:\Users\saxod\.m2\repository\org\checkerframework\checker-qual\3.52.0\checker-qual-3.52.0.jar;C:\Users\saxod\.m2\repository\com\mysql\mysql-connector-j\9.6.0\mysql-connector-j-9.6.0.jar
Launcher Type: SUN_STANDARD

[Global flags]
     intx CICompilerCount                          = 3                                         {product} {ergonomic}
     uint ConcGCThreads                            = 1                                         {product} {ergonomic}
     uint G1ConcRefinementThreads                  = 4                                         {product} {ergonomic}
   size_t G1HeapRegionSize                         = 2097152                                   {product} {ergonomic}
   size_t InitialHeapSize                          = 197132288                                 {product} {ergonomic}
   size_t MarkStackSize                            = 4194304                                   {product} {ergonomic}
   size_t MarkStackSizeMax                         = 536870912                                 {product} {ergonomic}
   size_t MaxHeapSize                              = 3128950784                                {product} {ergonomic}
   size_t MaxNewSize                               = 1876951040                                {product} {ergonomic}
   size_t MinHeapDeltaBytes                        = 2097152                                   {product} {ergonomic}
   size_t MinHeapSize                              = 8388608                                   {product} {ergonomic}
    uintx NonNMethodCodeHeapSize                   = 5832704                                {pd product} {ergonomic}
    uintx NonProfiledCodeHeapSize                  = 122945536                              {pd product} {ergonomic}
    uintx ProfiledCodeHeapSize                     = 122880000                              {pd product} {ergonomic}
    uintx ReservedCodeCacheSize                    = 251658240                              {pd product} {ergonomic}
     bool SegmentedCodeCache                       = true                                      {product} {ergonomic}
   size_t SoftMaxHeapSize                          = 3128950784                             {manageable} {ergonomic}
     bool UseCompressedOops                        = true                           {product lp64_product} {ergonomic}
     bool UseG1GC                                  = true                                      {product} {ergonomic}
     bool UseLargePagesIndividualAllocation        = false                                  {pd product} {ergonomic}

Logging:
Log output configuration:
 #0: stdout all=warning uptime,level,tags foldmultilines=false
 #1: stderr all=off uptime,level,tags foldmultilines=false

Environment Variables:
JAVA_HOME=C:\Program Files\Java\jdk-24
PATH=C:\Program Files\Java\jdk-24\bin;C:\Program Files\Common Files\Oracle\Java\javapath;C:\WINDOWS\system32;C:\WINDOWS;C:\WINDOWS\System32\Wbem;C:\WINDOWS\System32\WindowsPowerShell\v1.0\;C:\WINDOWS\System32\OpenSSH\;C:\Program Files\Git\cmd;C:\Program Files\nodejs\;C:\src\flutter\bin;C:\src\gradle-9.0.0\bin;C:\src\spring-3.5.3\bin;C:\Program Files\dotnet\;\C:\Program Files\Java\jdk-24\bin;C:\Users\saxod\AppData\Local\Pub\Cache\bin;C:\Users\saxod\AppData\Local\Android\Sdk\platform-tools;C:\Users\saxod\AppData\Local\Android\Sdk\tools\bin;C:\Users\saxod\AppData\Local\Android\Sdk\emulator;C:\Program Files\MySQL\MySQL Server 8.0\bin;C:\Users\saxod\.local\bin;C:\Program Files\MySQL\MySQL Shell 8.0\bin\;C:\Users\saxod\AppData\Local\Programs\Python\Python314\Scripts\;C:\Users\saxod\AppData\Local\Programs\Python\Python314\;C:\Users\saxod\AppData\Local\Programs\Python\Python310\Scripts\;C:\Users\saxod\AppData\Local\Programs\Python\Python310\;C:\Users\saxod\AppData\Local\Microsoft\WindowsApps;C:\Users\saxod\AppData\Roaming\npm;C:\Users\saxod\AppData\Local\Programs\Microsoft VS Code\bin;C:\Users\saxod\AppData\Local\GitHubDesktop\bin;C:\Users\saxod\.dotnet\tools;C:\Program Files\JetBrains\IntelliJ IDEA 2025.3.2\bin;C:\Users\saxod\AppData\Local\JetBrains\Toolbox\scripts;
USERNAME=saxod
OS=Windows_NT
PROCESSOR_IDENTIFIER=Intel64 Family 6 Model 140 Stepping 1, GenuineIntel
TMP=C:\Users\saxod\AppData\Local\Temp
TEMP=C:\Users\saxod\AppData\Local\Temp




Periodic native trim disabled

---------------  S Y S T E M  ---------------

OS:
 Windows 11 , 64 bit Build 26100 (10.0.26100.7920)
OS uptime: 1 days 20:03 hours
Hyper-V role detected

CPU: total 4 (initial active 4) (2 cores per cpu, 2 threads per core) family 6 model 140 stepping 1 microcode 0xb4, cx8, cmov, fxsr, ht, mmx, 3dnowpref, sse, sse2, sse3, ssse3, sse4.1, sse4.2, popcnt, lzcnt, tsc, tscinvbit, avx, avx2, aes, erms, clmul, bmi1, bmi2, adx, avx512f, avx512dq, avx512cd, avx512bw, avx512vl, sha, fma, vzeroupper, avx512_vpopcntdq, avx512_vpclmulqdq, avx512_vaes, avx512_vnni, clflush, clflushopt, clwb, avx512_vbmi2, avx512_vbmi, hv, rdtscp, rdpid, fsrm, gfni, avx512_bitalg, f16c, cet_ibt, cet_ss, avx512_ifma
Processor Information for the first 4 processors :
  Max Mhz: 2901, Current Mhz: 2901, Mhz Limit: 2901

Memory: 4k page, system-wide physical 11930M (1020M free)
TotalPageFile size 24985M (AvailPageFile size 6M)
current process WorkingSet (physical memory assigned to process): 478M, peak: 496M
current process commit charge ("private bytes"): 506M, peak: 546M

vm_info: Java HotSpot(TM) 64-Bit Server VM (24.0.1+9-30) for windows-amd64 JRE (24.0.1+9-30), built on 2025-03-05T07:23:45Z with MS VC++ 17.6 (VS2022)

END.
